Log file open, 08/26/23 22:19:11
LogWindows: Failed to load 'aqProf.dll' (GetLastError=126)
LogWindows: File 'aqProf.dll' does not exist
LogWindows: Failed to load 'VSPerf140.dll' (GetLastError=126)
LogWindows: File 'VSPerf140.dll' does not exist
LogWindows: Failed to load 'VtuneApi.dll' (GetLastError=126)
LogWindows: File 'VtuneApi.dll' does not exist
LogWindows: Failed to load 'VtuneApi32e.dll' (GetLastError=126)
LogWindows: File 'VtuneApi32e.dll' does not exist
LogInit: Display: Running engine for game: DrAward
LogPlatformFile: Not using cached read wrapper
LogInit: Display: RandInit(-1263962944) SRandInit(-1263962944).
LogTaskGraph: Started task graph with 5 named threads and 20 total threads with 3 sets of task threads.
LogStats: Stats thread started at 0.314868
LogD3D11RHI: Aftermath initialized
LogPluginManager: Mounting plugin Paper2D
LogPluginManager: Mounting plugin LightPropagationVolume
LogPluginManager: Mounting plugin CodeLiteSourceCodeAccess
LogPluginManager: Mounting plugin GitSourceControl
LogPluginManager: Mounting plugin KDevelopSourceCodeAccess
LogPluginManager: Mounting plugin NullSourceCodeAccess
LogPluginManager: Mounting plugin PerforceSourceControl
LogPluginManager: Mounting plugin SubversionSourceControl
LogPluginManager: Mounting plugin UObjectPlugin
LogPluginManager: Mounting plugin VisualStudioSourceCodeAccess
LogPluginManager: Mounting plugin XCodeSourceCodeAccess
LogPluginManager: Mounting plugin AssetManagerEditor
LogPluginManager: Mounting plugin AudioCapture
LogPluginManager: Mounting plugin FacialAnimation
LogPluginManager: Mounting plugin GameplayTagsEditor
LogPluginManager: Mounting plugin MobileLauncherProfileWizard
LogPluginManager: Mounting plugin PluginBrowser
LogPluginManager: Mounting plugin SpeedTreeImporter
LogPluginManager: Mounting plugin AlembicImporter
LogPluginManager: Mounting plugin CharacterAI
LogPluginManager: Mounting plugin HTML5Networking
LogPluginManager: Mounting plugin AndroidMedia
LogPluginManager: Mounting plugin AvfMedia
LogPluginManager: Mounting plugin MediaPlayerEditor
LogPluginManager: Mounting plugin WmfMedia
LogPluginManager: Mounting plugin TcpMessaging
LogPluginManager: Mounting plugin UdpMessaging
LogPluginManager: Mounting plugin LevelSequenceEditor
LogPluginManager: Mounting plugin MatineeToLevelSequence
LogPluginManager: Mounting plugin OnlineSubsystemGooglePlay
LogPluginManager: Mounting plugin OnlineSubsystemIOS
LogPluginManager: Mounting plugin OnlineSubsystem
LogPluginManager: Mounting plugin OnlineSubsystemNull
LogPluginManager: Mounting plugin OnlineSubsystemUtils
LogPluginManager: Mounting plugin AndroidDeviceProfileSelector
LogPluginManager: Mounting plugin AndroidMoviePlayer
LogPluginManager: Mounting plugin AndroidPermission
LogPluginManager: Mounting plugin AppleMoviePlayer
LogPluginManager: Mounting plugin ArchVisCharacter
LogPluginManager: Mounting plugin CableComponent
LogPluginManager: Mounting plugin CustomMeshComponent
LogPluginManager: Mounting plugin ExampleDeviceProfileSelector
LogPluginManager: Mounting plugin GoogleCloudMessaging
LogPluginManager: Mounting plugin ImmediatePhysics
LogPluginManager: Mounting plugin IOSDeviceProfileSelector
LogPluginManager: Mounting plugin LinuxDeviceProfileSelector
LogPluginManager: Mounting plugin LocationServicesBPLibrary
LogPluginManager: Mounting plugin MobilePatchingUtils
LogPluginManager: Mounting plugin OculusVR
LogPluginManager: Mounting plugin PhysXVehicles
LogPluginManager: Mounting plugin ProceduralMeshComponent
LogPluginManager: Mounting plugin RuntimePhysXCooking
LogPluginManager: Mounting plugin WindowsMoviePlayer
LogInit: Using libcurl 7.47.1
LogInit:  - built for x86_64-pc-win32
LogInit:  - supports SSL with OpenSSL/1.0.2g
LogInit:  - supports HTTP deflate (compression) using libz 1.2.8
LogInit:  - other features:
LogInit:      CURL_VERSION_SSL
LogInit:      CURL_VERSION_LIBZ
LogInit:      CURL_VERSION_IPV6
LogInit:      CURL_VERSION_ASYNCHDNS
LogInit:      CURL_VERSION_LARGEFILE
LogInit:      CURL_VERSION_IDN
LogInit:  CurlRequestOptions (configurable via config and command line):
LogInit:  - bVerifyPeer = false  - Libcurl will NOT verify peer certificate
LogInit:  - bUseHttpProxy = false  - Libcurl will NOT use HTTP proxy
LogInit:  - bDontReuseConnections = false  - Libcurl will reuse connections
LogInit:  - CertBundlePath = nullptr  - Libcurl will use whatever was configured at build time.
LogInit: Build: ++UE4+Release-4.17-CL-3658906
LogInit: Engine Version: 4.17.2-3658906+++UE4+Release-4.17
LogInit: Compatible Engine Version: 4.17.0-3573198+++UE4+Release-4.17
LogInit: Net CL: 3573198
LogDevObjectVersion: Number of dev versions registered: 16
LogDevObjectVersion:   Dev-Blueprints (B0D832E4-1F89-4F0D-ACCF-7EB736FD4AA2): 10
LogDevObjectVersion:   Dev-Build (E1C64328-A22C-4D53-A36C-8E866417BD8C): 0
LogDevObjectVersion:   Dev-Core (375EC13C-06E4-48FB-B500-84F0262A717E): 2
LogDevObjectVersion:   Dev-Editor (E4B068ED-F494-42E9-A231-DA0B2E46BB41): 20
LogDevObjectVersion:   Dev-Framework (CFFC743F-43B0-4480-9391-14DF171D2073): 28
LogDevObjectVersion:   Dev-Mobile (B02B49B5-BB20-44E9-A304-32B752E40360): 0
LogDevObjectVersion:   Dev-Networking (A4E4105C-59A1-49B5-A7C5-40C4547EDFEE): 0
LogDevObjectVersion:   Dev-Online (39C831C9-5AE6-47DC-9A44-9C173E1C8E7C): 0
LogDevObjectVersion:   Dev-Physics (78F01B33-EBEA-4F98-B9B4-84EACCB95AA2): 0
LogDevObjectVersion:   Dev-Platform (6631380F-2D4D-43E0-8009-CF276956A95A): 0
LogDevObjectVersion:   Dev-Rendering (12F88B9F-8875-4AFC-A67C-D90C383ABD29): 19
LogDevObjectVersion:   Dev-Sequencer (7B5AE74C-D270-4C10-A958-57980B212A5A): 4
LogDevObjectVersion:   Dev-VR (D7296918-1DD6-4BDD-9DE2-64A83CC13884): 0
LogDevObjectVersion:   Dev-LoadTimes (C2A15278-BFE7-4AFE-6C17-90FF531DF755): 1
LogDevObjectVersion:   Private-Geometry (6EACA3D4-40EC-4CC1-B786-8BED09428FC5): 1
LogDevObjectVersion:   Dev-AnimPhys (29E575DD-E0A3-4627-9D10-D276232CDCEA): 7
LogInit: Compiled (64-bit): Sep 22 2017 13:47:16
LogInit: Compiled with Visual C++: 19.00.24215.01
LogInit: Build Configuration: Development
LogInit: Branch Name: ++UE4+Release-4.17
LogInit: Command line: 
LogInit: Base directory: C:/Program Files/Epic Games/UE_4.17/Engine/Binaries/Win64/
LogInit: Installed Engine Build: 1
LogInit: Presizing for max 8388607 objects, including 0 objects not considered by GC, pre-allocating 0 bytes for permanent pool.
LogInit: Object subsystem initialized
[2023.08.26-13.19.12:006][  0]LogInit: Selected Device Profile: [Windows]
[2023.08.26-13.19.12:006][  0]LogInit: Applying CVar settings loaded from the selected device profile: [Windows]
[2023.08.26-13.19.12:013][  0]LogInit: Computer: DESKTOP-TGE5S74
[2023.08.26-13.19.12:013][  0]LogInit: User: Sumino
[2023.08.26-13.19.12:013][  0]LogInit: CPU Page size=4096, Cores=6
[2023.08.26-13.19.12:013][  0]LogInit: High frequency timer resolution =10.000000 MHz
[2023.08.26-13.19.12:013][  0]LogMemory: Memory total: Physical=15.9GB (16GB approx)
[2023.08.26-13.19.12:013][  0]LogMemory: Platform Memory Stats for Windows
[2023.08.26-13.19.12:014][  0]LogMemory: Process Physical Memory: 279.82 MB used, 279.82 MB peak
[2023.08.26-13.19.12:014][  0]LogMemory: Process Virtual Memory: 282.64 MB used, 282.64 MB peak
[2023.08.26-13.19.12:014][  0]LogMemory: Physical Memory: 11237.29 MB used,  5067.08 MB free, 16304.36 MB total
[2023.08.26-13.19.12:014][  0]LogMemory: Virtual Memory: 4799.72 MB used,  5067.08 MB free, 134217728.00 MB total
[2023.08.26-13.19.12:312][  0]LogInit: Using OS detected language (ja-JP).
[2023.08.26-13.19.12:312][  0]LogInit: Using OS detected locale (ja-JP).
[2023.08.26-13.19.12:318][  0]LogTextLocalizationManager: No specific localization for 'ja-JP' exists, so the 'ja' localization will be used.
[2023.08.26-13.19.12:989][  0]LogD3D11RHI: D3D11 adapters:
[2023.08.26-13.19.13:145][  0]LogD3D11RHI:    0. 'NVIDIA GeForce RTX 2080 Ti' (Feature Level 11_0)
[2023.08.26-13.19.13:145][  0]LogD3D11RHI:       11041/0/8152 MB DedicatedVideo/DedicatedSystem/SharedSystem, Outputs:2, VendorId:0x10de
[2023.08.26-13.19.13:148][  0]LogD3D11RHI:    1. 'Microsoft Basic Render Driver' (Feature Level 11_0)
[2023.08.26-13.19.13:148][  0]LogD3D11RHI:       0/0/8152 MB DedicatedVideo/DedicatedSystem/SharedSystem, Outputs:0, VendorId:0x1414
[2023.08.26-13.19.13:148][  0]LogD3D11RHI: Chosen D3D11 Adapter: 0
[2023.08.26-13.19.13:154][  0]LogD3D11RHI: Creating new Direct3DDevice
[2023.08.26-13.19.13:154][  0]LogD3D11RHI:     GPU DeviceId: 0x1e07 (for the marketing name, search the web for "GPU Device Id")
[2023.08.26-13.19.13:154][  0]LogWindows: EnumDisplayDevices:
[2023.08.26-13.19.13:154][  0]LogWindows:    0. 'NVIDIA GeForce RTX 2080 Ti' (P:1 D:1)
[2023.08.26-13.19.13:154][  0]LogWindows:    1. 'NVIDIA GeForce RTX 2080 Ti' (P:0 D:1)
[2023.08.26-13.19.13:155][  0]LogWindows:    2. 'NVIDIA GeForce RTX 2080 Ti' (P:0 D:0)
[2023.08.26-13.19.13:155][  0]LogWindows:    3. 'NVIDIA GeForce RTX 2080 Ti' (P:0 D:0)
[2023.08.26-13.19.13:155][  0]LogWindows: DebugString: GetVideoDriverDetailsInvalid PrimaryIsNotTheChoosenAdapter GetVideoDriverDetailsInvalid PrimaryIsNotTheChoosenAdapter GetVideoDriverDetailsInvalid PrimaryIsNotTheChoosenAdapter GetVideoDriverDetailsInvalid PrimaryIsNotTheChoosenAdapter FoundDriverCount:0 
[2023.08.26-13.19.13:155][  0]LogD3D11RHI:     Adapter Name: NVIDIA GeForce RTX 2080 Ti
[2023.08.26-13.19.13:155][  0]LogD3D11RHI:   Driver Version: Unknown (internal:Unknown, unified:Unknown)
[2023.08.26-13.19.13:155][  0]LogD3D11RHI:      Driver Date: Unknown
[2023.08.26-13.19.13:155][  0]LogRHI: Texture pool is 1361 MB (70% of 1945 MB)
[2023.08.26-13.19.13:250][  0]LogD3D11RHI: Async texture creation enabled
[2023.08.26-13.19.13:274][  0]LogD3D11RHI: GPU Timing Frequency: 1000.000000 (Debug: 2 1)
[2023.08.26-13.19.13:277][  0]LogShaderCompilers: Guid format shader working directory is 22 characters bigger than the processId version (D:/Udemy/DrAward/DrAward/Intermediate/Shaders/WorkingDirectory/23184/).
[2023.08.26-13.19.13:277][  0]LogShaderCompilers: Cleaned the shader compiler working directory 'C:/Users/Sumino/AppData/Local/Temp/UnrealShaderWorkingDir/18C2BA794431A00CE515BFB0A38F1DE0/'.
[2023.08.26-13.19.13:277][  0]LogShaderCompilers: Display: Using Local Shader Compiler.
[2023.08.26-13.19.14:302][  0]LogTemp: Display: Loaded TP AllDesktopTargetPlatform
[2023.08.26-13.19.14:370][  0]LogTemp: Display: Loaded TP MacClientTargetPlatform
[2023.08.26-13.19.14:438][  0]LogTemp: Display: Loaded TP MacNoEditorTargetPlatform
[2023.08.26-13.19.14:508][  0]LogTemp: Display: Loaded TP MacServerTargetPlatform
[2023.08.26-13.19.14:582][  0]LogTemp: Display: Loaded TP MacTargetPlatform
[2023.08.26-13.19.14:650][  0]LogTemp: Display: Loaded TP WindowsClientTargetPlatform
[2023.08.26-13.19.14:720][  0]LogTemp: Display: Loaded TP WindowsNoEditorTargetPlatform
[2023.08.26-13.19.14:790][  0]LogTemp: Display: Loaded TP WindowsServerTargetPlatform
[2023.08.26-13.19.14:884][  0]LogTemp: Display: Loaded TP WindowsTargetPlatform
[2023.08.26-13.19.14:954][  0]LogTemp: Display: Loaded TP AndroidTargetPlatform
[2023.08.26-13.19.15:025][  0]LogTemp: Display: Loaded TP Android_ASTCTargetPlatform
[2023.08.26-13.19.15:092][  0]LogTemp: Display: Loaded TP Android_ATCTargetPlatform
[2023.08.26-13.19.15:159][  0]LogTemp: Display: Loaded TP Android_DXTTargetPlatform
[2023.08.26-13.19.15:228][  0]LogTemp: Display: Loaded TP Android_ETC1TargetPlatform
[2023.08.26-13.19.15:297][  0]LogTemp: Display: Loaded TP Android_ETC2TargetPlatform
[2023.08.26-13.19.15:435][  0]LogTemp: Display: Loaded TP Android_MultiTargetPlatform
[2023.08.26-13.19.15:435][  0]LogTemp: Display: Loaded TP Android_PVRTCTargetPlatform
[2023.08.26-13.19.15:494][  0]LogTemp: Display: Loaded TP HTML5TargetPlatform
[2023.08.26-13.19.15:619][  0]LogTemp: Display: Loaded TP IOSTargetPlatform
[2023.08.26-13.19.15:660][  0]LogTemp: Display: Loaded TP TVOSTargetPlatform
[2023.08.26-13.19.15:726][  0]LogTemp: Display: Loaded TP LinuxClientTargetPlatform
[2023.08.26-13.19.15:799][  0]LogTemp: Display: Loaded TP LinuxNoEditorTargetPlatform
[2023.08.26-13.19.15:867][  0]LogTemp: Display: Loaded TP LinuxServerTargetPlatform
[2023.08.26-13.19.15:936][  0]LogTemp: Display: Loaded TP LinuxTargetPlatform
[2023.08.26-13.19.15:936][  0]LogTargetPlatformManager: Display: Building Assets For Windows
[2023.08.26-13.19.16:734][  0]LogDerivedDataCache: Display: Max Cache Size: 512 MB
[2023.08.26-13.19.17:161][  0]LogDerivedDataCache: Loaded boot cache 0.43s 93MB C:/Users/Sumino/AppData/Local/UnrealEngine/4.17/DerivedDataCache/Boot.ddc.
[2023.08.26-13.19.17:161][  0]LogDerivedDataCache: Display: Loaded Boot cache: C:/Users/Sumino/AppData/Local/UnrealEngine/4.17/DerivedDataCache/Boot.ddc
[2023.08.26-13.19.17:161][  0]LogDerivedDataCache: FDerivedDataBackendGraph:  Pak pak cache file D:/Udemy/DrAward/DrAward/DerivedDataCache/DDC.ddp not found, will not use a pak cache.
[2023.08.26-13.19.17:161][  0]LogDerivedDataCache: Unable to find inner node Pak for hierarchical cache Hierarchy.
[2023.08.26-13.19.17:162][  0]LogDerivedDataCache: FDerivedDataBackendGraph:  CompressedPak pak cache file D:/Udemy/DrAward/DrAward/DerivedDataCache/Compressed.ddp not found, will not use a pak cache.
[2023.08.26-13.19.17:162][  0]LogDerivedDataCache: Unable to find inner node CompressedPak for hierarchical cache Hierarchy.
[2023.08.26-13.19.17:176][  0]LogDerivedDataCache: Display: Pak cache opened for reading ../../../Engine/DerivedDataCache/Compressed.ddp.
[2023.08.26-13.19.17:189][  0]LogDerivedDataCache: Using Local data cache path C:/Users/Sumino/AppData/Local/UnrealEngine/Common/DerivedDataCache: Writable
[2023.08.26-13.19.17:197][  0]LogMaterial: Verifying Global Shaders for PCD3D_SM5
[2023.08.26-13.19.17:198][  0]LogSlate: Using Freetype 2.6.0
[2023.08.26-13.19.17:199][  0]LogSlate: SlateFontCache - WITH_FREETYPE: 1, WITH_HARFBUZZ: 1
[2023.08.26-13.19.17:199][  0]LogSlate: SlateFontCache - WITH_FREETYPE: 1, WITH_HARFBUZZ: 1
[2023.08.26-13.19.17:658][  0]LogAssetRegistry: FAssetRegistry took 0.0250 seconds to start up
[2023.08.26-13.19.17:799][  0]LogInit: Selected Device Profile: [Windows]
[2023.08.26-13.19.18:334][  0]LogSimplygon: Simplygon DLL not present - disabling.
[2023.08.26-13.19.18:395][  0]LogMeshReduction: Using SimplygonSwarm for distributed automatic mesh merging
[2023.08.26-13.19.18:395][  0]LogMeshReduction: Using QuadricMeshReduction for automatic static mesh reduction
[2023.08.26-13.19.18:395][  0]LogMeshReduction: No automatic skeletal mesh reduction module available
[2023.08.26-13.19.18:395][  0]LogMeshReduction: No automatic mesh merging module available
[2023.08.26-13.19.18:395][  0]LogMeshMerging: No automatic mesh merging module available
[2023.08.26-13.19.18:396][  0]LogContentStreaming: Texture pool size is 0.00 MB
[2023.08.26-13.19.18:850][  0]LogNetVersion: DrAward , NetCL: 3573198, EngineNetVer: 2, GameNetVer: 0 (Checksum: 550400037)
[2023.08.26-13.19.19:082][  0]LogPackageLocalizationCache: Processed 4 localized package path(s) for 2 prioritized culture(s) in 0.022646 seconds
[2023.08.26-13.19.19:087][  0]LogUObjectArray: 35628 objects as part of root set at end of initial load.
[2023.08.26-13.19.19:087][  0]LogUObjectAllocator: 7494040 out of 0 bytes used by permanent object pool.
[2023.08.26-13.19.19:087][  0]LogUObjectArray: CloseDisregardForGC: 0/0 objects in disregard for GC pool
[2023.08.26-13.19.19:189][  0]LogInit: WinSock: version 1.1 (2.2), MaxSocks=32767, MaxUdp=65467
[2023.08.26-13.19.23:476][  0]LogTcpMessaging: Initializing TcpMessaging bridge
[2023.08.26-13.19.23:543][  0]LogUdpMessaging: Initializing bridge on interface 0.0.0.0:0 to multicast group 230.0.0.1:6666.
[2023.08.26-13.19.24:631][  0]LogMaterial: Uniform references updated for custom material expression Custom.
[2023.08.26-13.19.25:248][  0]SourceControl: ソースコントロールは無効です
[2023.08.26-13.19.25:248][  0]SourceControl: ソースコントロールは無効です
[2023.08.26-13.19.25:335][  0]SourceControl: ソースコントロールは無効です
[2023.08.26-13.19.25:409][  0]SourceControl: ソースコントロールは無効です
[2023.08.26-13.19.26:383][  0]LogAndroidPermission: UAndroidPermissionCallbackProxy::GetInstance
[2023.08.26-13.19.26:758][  0]LogOcInput: OculusInput pre-init called
[2023.08.26-13.19.27:056][  0]LogEngine: Initializing Engine...
[2023.08.26-13.19.27:250][  0]LogStats: UGameplayTagsManager::ConstructGameplayTagTree: Construct from data asset -  0.000 s
[2023.08.26-13.19.27:251][  0]LogStats: UGameplayTagsManager::ConstructGameplayTagTree: GameplayTagTreeChangedEvent.Broadcast -  0.000 s
[2023.08.26-13.19.27:444][  0]LogAIModule: Creating AISystem for world Untitled
[2023.08.26-13.19.27:489][  0]LogInit: XAudio2 using 'スピーカー (2- Logitech G733 Gaming Headset)' : 6 channels at 44.1 kHz using 16 bits per sample (channel mask 0x3f)
[2023.08.26-13.19.27:509][  0]LogInit: FAudioDevice initialized.
[2023.08.26-13.19.27:585][  0]LogDerivedDataCache: Saved boot cache 0.08s 93MB C:/Users/Sumino/AppData/Local/UnrealEngine/4.17/DerivedDataCache/Boot.ddc.
[2023.08.26-13.19.27:594][  0]LogInit: Texture streaming: Enabled
[2023.08.26-13.19.27:799][  0]LogEngineSessionManager: EngineSessionManager initialized
[2023.08.26-13.19.28:165][  0]LogInit: Transaction tracking system initialized
[2023.08.26-13.19.28:807][  0]BlueprintLog: New page: エディタの読み込み
[2023.08.26-13.19.30:585][  0]LocalizationService: ローカライズのサービスが無効になりました
[2023.08.26-13.19.31:695][  0]LogConsoleResponse: Display: 
[2023.08.26-13.19.31:915][  0]LogCook: Display: Max memory allowance for cook 16384mb min free memory 0mb
[2023.08.26-13.19.31:915][  0]LogCook: Display: Mobile HDR setting 1
[2023.08.26-13.19.31:915][  0]LogGameplayTags: Display: UGameplayTagsManager::DoneAddingNativeTags. DelegateIsBound: 0
[2023.08.26-13.19.32:952][  0]LogFileCache: Scanning file cache for directory 'D:/Udemy/DrAward/DrAward/Content/' took 0.01s
[2023.08.26-13.19.33:515][  0]SourceControl: ソースコントロールは無効です
[2023.08.26-13.19.33:515][  0]Cmd: MAP LOAD FILE="D:/Udemy/DrAward/DrAward/Content/Map/Main.umap" TEMPLATE=0 SHOWPROGRESS=1 FEATURELEVEL=3
[2023.08.26-13.19.33:515][  0]LightingResults: New page: ライティングのビルド
[2023.08.26-13.19.33:575][  0]MapCheck: New page: マップをチェック
[2023.08.26-13.19.33:575][  0]LightingResults: New page: <何も選択されていません>
[2023.08.26-13.19.33:773][  0]LogAIModule: Creating AISystem for world Main
[2023.08.26-13.19.33:777][  0]LogStreaming: Display: ULevelStreaming::RequestLevel(/Game/Map/Stage1) is flushing async loading
[2023.08.26-13.19.34:098][  0]LogStreaming: Display: ULevelStreaming::RequestLevel(/Game/Map/Stage2) is flushing async loading
[2023.08.26-13.19.34:154][  0]LogStreaming: Display: ULevelStreaming::RequestLevel(/Game/Map/Stage3) is flushing async loading
[2023.08.26-13.19.34:215][  0]LogEditorServer: Finished looking for orphan Actors (0.000 secs)
[2023.08.26-13.19.34:230][  0]Cmd: MAP CHECKDEP NOCLEARLOG
[2023.08.26-13.19.34:305][  0]MapCheck: マップチェックが完了: 0 エラー、 0 警告、完了に 75.527ミリ秒かかりました。
[2023.08.26-13.19.34:305][  0]LogFileHelpers: Loading map 'Main' took 0.791
[2023.08.26-13.19.34:486][  0]LogCollectionManager: Loaded 0 collections in 0.001576 seconds
[2023.08.26-13.19.34:603][  0]LogFileCache: Scanning file cache for directory 'D:/Udemy/DrAward/DrAward/Saved/Collections/' took 0.01s
[2023.08.26-13.19.34:603][  0]LogFileCache: Scanning file cache for directory 'D:/Udemy/DrAward/DrAward/Content/Developers/Sumino/Collections/' took 0.01s
[2023.08.26-13.19.34:603][  0]LogFileCache: Scanning file cache for directory 'D:/Udemy/DrAward/DrAward/Content/Collections/' took 0.01s
[2023.08.26-13.19.34:603][  0]LogCollectionManager: Rebuilt the GUID cache for 0 collections in 0.000001 seconds
[2023.08.26-13.19.34:610][  0]LogContentBrowser: Native class hierarchy populated in 0.0069 seconds. Added 2383 classes and 495 folders.
[2023.08.26-13.19.34:716][  0]LogContentBrowser: Native class hierarchy updated for 'WidgetCarousel' in 0.0007 seconds. Added 0 classes and 0 folders.
[2023.08.26-13.19.34:845][  0]LogContentBrowser: Native class hierarchy updated for 'AddContentDialog' in 0.0007 seconds. Added 0 classes and 0 folders.
[2023.08.26-13.19.34:918][  0]LogContentBrowser: Native class hierarchy updated for 'SceneOutliner' in 0.0008 seconds. Added 1 classes and 2 folders.
[2023.08.26-13.19.34:946][  0]LogSlate: Took 0.001545 seconds to synchronously load lazily loaded font '../../../Engine/Content/Slate/Fonts/Roboto-Regular.ttf' (155K)
[2023.08.26-13.19.34:971][  0]LogSlate: Took 0.023482 seconds to synchronously load lazily loaded font '../../../Engine/Content/Slate/Fonts/DroidSansFallback.ttf' (3848K)
[2023.08.26-13.19.34:972][  0]LogSlate: Took 0.001272 seconds to synchronously load lazily loaded font '../../../Engine/Content/Slate/Fonts/Roboto-Bold.ttf' (160K)
[2023.08.26-13.19.34:976][  0]LogSlate: Took 0.001377 seconds to synchronously load lazily loaded font '../../../Engine/Content/Editor/Slate/Fonts/FontAwesome.ttf' (139K)
[2023.08.26-13.19.35:053][  0]LogRenderer: Reallocating scene render targets to support 1208x580 Format 10 NumSamples 1 (Frame:1).
[2023.08.26-13.19.35:265][  0]LogContentBrowser: Native class hierarchy updated for 'HierarchicalLODOutliner' in 0.0007 seconds. Added 1 classes and 2 folders.
[2023.08.26-13.19.35:266][  0]LogLoad: (Engine Initialization) Total time: 25.22 seconds
[2023.08.26-13.19.35:266][  0]LogLoad: (Engine Initialization) Total Blueprint compile time: 0.00 seconds
[2023.08.26-13.19.35:266][  0]LogExternalProfiler: No external profilers were discovered.  External profiling features will not be available.
[2023.08.26-13.19.35:296][  0]LogAssetRegistry: Asset discovery search completed in 17.6594 seconds
[2023.08.26-13.19.35:297][  0]LogCollectionManager: Rebuilt the object cache for 0 collections in 0.000000 seconds (found 0 objects)
[2023.08.26-13.19.35:297][  0]LogCollectionManager: Fixed up redirectors for 0 collections in 0.000043 seconds (updated 0 objects)
[2023.08.26-13.19.35:299][  0]LogContentStreaming: Texture pool size now 1000 MB
[2023.08.26-13.19.35:348][  0]LogSlate: Took 0.001420 seconds to synchronously load lazily loaded font '../../../Engine/Content/Slate/Fonts/Roboto-Light.ttf' (159K)
[2023.08.26-13.19.36:299][108]LogSlate: Took 0.000220 seconds to synchronously load lazily loaded font '../../../Engine/Content/Slate/Fonts/Roboto-Light.ttf' (159K)
[2023.08.26-13.19.41:225][358]LogSlate: Took 0.000188 seconds to synchronously load lazily loaded font '../../../Engine/Content/Slate/Fonts/Roboto-Light.ttf' (159K)
[2023.08.26-13.19.41:576][358]LogContentBrowser: Native class hierarchy updated for 'BlueprintGraph' in 0.0009 seconds. Added 113 classes and 0 folders.
[2023.08.26-13.19.42:136][358]LogSlate: Took 0.001612 seconds to synchronously load lazily loaded font '../../../Engine/Content/Editor/Slate/Fonts/Roboto-BoldCondensed.ttf' (158K)
[2023.08.26-13.19.46:516][857]LogConsoleManager: Warning: Performance warning: Console object named 'r.DebugSafeZone.Mode' shows many (500) FindConsoleObject() calls (consider caching e.g. using static)
[2023.08.26-13.22.21:721][441]LogUObjectHash: Warning: Ambiguous search, could be CanvasPanel /Game/UI/W_End.W_End:WidgetTree.CanvasPanel_0 or CanvasPanel /Game/UI/W_End.SKEL_W_End_C:WidgetTree.CanvasPanel_0
[2023.08.26-13.22.21:721][441]LogUObjectHash: Warning: Ambiguous search, could be CanvasPanel /Game/UI/W_End.W_End:WidgetTree.CanvasPanel_0 or CanvasPanel /Game/UI/W_End.W_End_C:WidgetTree.CanvasPanel_0
[2023.08.26-13.22.21:721][441]LogUObjectHash: Warning: Ambiguous search, could be CanvasPanel /Game/UI/W_End.W_End:WidgetTree.CanvasPanel_0 or CanvasPanel /Engine/Transient.World_1:W_End_C_0.WidgetTree_0.CanvasPanel_0
[2023.08.26-13.22.21:721][441]LogUObjectHash: Warning: Ambiguous search, could be CanvasPanel /Game/UI/W_End.W_End:WidgetTree.CanvasPanel_0 or CanvasPanel /Engine/Transient.World_1:W_End_C_1.WidgetTree_1.CanvasPanel_0
[2023.08.26-13.22.21:721][441]LogUObjectHash: Warning: Ambiguous search, could be CanvasPanel /Game/UI/W_End.W_End:WidgetTree.CanvasPanel_0 or CanvasPanel /Game/UI/W_Play.W_Play:WidgetTree.CanvasPanel_0
[2023.08.26-13.22.21:721][441]LogUObjectHash: Warning: Ambiguous search, could be CanvasPanel /Game/UI/W_End.W_End:WidgetTree.CanvasPanel_0 or CanvasPanel /Engine/Transient.WidgetTree:CanvasPanel_0
[2023.08.26-13.22.21:721][441]LogUObjectHash: Warning: Ambiguous search, could be CanvasPanel /Game/UI/W_End.W_End:WidgetTree.CanvasPanel_0 or CanvasPanel /Game/UI/W_Play.W_Play_C:WidgetTree.CanvasPanel_0
[2023.08.26-13.22.21:721][441]LogUObjectHash: Warning: Ambiguous search, could be CanvasPanel /Game/UI/W_End.W_End:WidgetTree.CanvasPanel_0 or CanvasPanel /Engine/Transient.World_3:W_Play_C_0.WidgetTree_2.CanvasPanel_0
[2023.08.26-13.22.21:721][441]LogUObjectHash: Warning: Ambiguous search, could be CanvasPanel /Game/UI/W_End.W_End:WidgetTree.CanvasPanel_0 or CanvasPanel /Engine/Transient.World_3:W_Play_C_1.WidgetTree_3.CanvasPanel_0
[2023.08.26-13.22.21:721][441]LogUObjectHash: Warning: Ambiguous search, could be CanvasPanel /Game/UI/W_End.W_End:WidgetTree.CanvasPanel_0 or CanvasPanel /Engine/Transient.REINST_SKEL_W_Play_C_2:WidgetTree.CanvasPanel_0
[2023.08.26-13.22.21:721][441]LogUObjectHash: Warning: Ambiguous search, could be CanvasPanel /Game/UI/W_End.W_End:WidgetTree.CanvasPanel_0 or CanvasPanel /Engine/Transient.World_3:W_Play_C_2.WidgetTree_4.CanvasPanel_0
[2023.08.26-13.22.21:721][441]LogUObjectHash: Warning: Ambiguous search, could be CanvasPanel /Game/UI/W_End.W_End:WidgetTree.CanvasPanel_0 or CanvasPanel /Engine/Transient.World_3:W_Play_C_3.WidgetTree_5.CanvasPanel_0
[2023.08.26-13.22.21:721][441]LogUObjectHash: Warning: Ambiguous search, could be CanvasPanel /Game/UI/W_End.W_End:WidgetTree.CanvasPanel_0 or CanvasPanel /Engine/Transient.World_3:W_Play_C_4.WidgetTree_6.CanvasPanel_0
[2023.08.26-13.22.21:721][441]LogUObjectHash: Warning: Ambiguous search, could be CanvasPanel /Game/UI/W_End.W_End:WidgetTree.CanvasPanel_0 or CanvasPanel /Engine/Transient.World_3:W_Play_C_5.WidgetTree_7.CanvasPanel_0
[2023.08.26-13.22.21:721][441]LogUObjectHash: Warning: Ambiguous search, could be CanvasPanel /Game/UI/W_End.W_End:WidgetTree.CanvasPanel_0 or CanvasPanel /Engine/Transient.World_3:W_Play_C_6.WidgetTree_8.CanvasPanel_0
[2023.08.26-13.22.21:721][441]LogProperty: Warning: Illegal TEXT reference to a private object in external package (CanvasPanelSlot /Game/UI/W_End.W_End:WidgetTree.CanvasPanel_0.CanvasPanelSlot_0) from referencer (HorizontalBox /Engine/UMG/Editor/Transient.ItemBox).  Import failed...
[2023.08.26-13.22.21:721][441]LogProperty: Warning: ObjectProperty /Script/UMG.Widget:Slot: unresolved reference to 'CanvasPanelSlot'CanvasPanel_0.CanvasPanelSlot_0''
[2023.08.26-13.23.16:462][367]LogUObjectHash: Warning: Ambiguous search, could be CanvasPanel /Game/UI/W_End.W_End:WidgetTree.CanvasPanel_0 or CanvasPanel /Game/UI/W_End.SKEL_W_End_C:WidgetTree.CanvasPanel_0
[2023.08.26-13.23.16:462][367]LogUObjectHash: Warning: Ambiguous search, could be CanvasPanel /Game/UI/W_End.W_End:WidgetTree.CanvasPanel_0 or CanvasPanel /Game/UI/W_End.W_End_C:WidgetTree.CanvasPanel_0
[2023.08.26-13.23.16:462][367]LogUObjectHash: Warning: Ambiguous search, could be CanvasPanel /Game/UI/W_End.W_End:WidgetTree.CanvasPanel_0 or CanvasPanel /Engine/Transient.World_1:W_End_C_0.WidgetTree_0.CanvasPanel_0
[2023.08.26-13.23.16:462][367]LogUObjectHash: Warning: Ambiguous search, could be CanvasPanel /Game/UI/W_End.W_End:WidgetTree.CanvasPanel_0 or CanvasPanel /Engine/Transient.World_1:W_End_C_1.WidgetTree_1.CanvasPanel_0
[2023.08.26-13.23.16:462][367]LogUObjectHash: Warning: Ambiguous search, could be CanvasPanel /Game/UI/W_End.W_End:WidgetTree.CanvasPanel_0 or CanvasPanel /Game/UI/W_Play.W_Play:WidgetTree.CanvasPanel_0
[2023.08.26-13.23.16:462][367]LogUObjectHash: Warning: Ambiguous search, could be CanvasPanel /Game/UI/W_End.W_End:WidgetTree.CanvasPanel_0 or CanvasPanel /Engine/Transient.WidgetTree:CanvasPanel_0
[2023.08.26-13.23.16:462][367]LogUObjectHash: Warning: Ambiguous search, could be CanvasPanel /Game/UI/W_End.W_End:WidgetTree.CanvasPanel_0 or CanvasPanel /Game/UI/W_Play.W_Play_C:WidgetTree.CanvasPanel_0
[2023.08.26-13.23.16:462][367]LogUObjectHash: Warning: Ambiguous search, could be CanvasPanel /Game/UI/W_End.W_End:WidgetTree.CanvasPanel_0 or CanvasPanel /Engine/Transient.World_3:W_Play_C_0.WidgetTree_2.CanvasPanel_0
[2023.08.26-13.23.16:462][367]LogUObjectHash: Warning: Ambiguous search, could be CanvasPanel /Game/UI/W_End.W_End:WidgetTree.CanvasPanel_0 or CanvasPanel /Engine/Transient.World_3:W_Play_C_1.WidgetTree_3.CanvasPanel_0
[2023.08.26-13.23.16:462][367]LogUObjectHash: Warning: Ambiguous search, could be CanvasPanel /Game/UI/W_End.W_End:WidgetTree.CanvasPanel_0 or CanvasPanel /Engine/Transient.REINST_SKEL_W_Play_C_2:WidgetTree.CanvasPanel_0
[2023.08.26-13.23.16:462][367]LogUObjectHash: Warning: Ambiguous search, could be CanvasPanel /Game/UI/W_End.W_End:WidgetTree.CanvasPanel_0 or CanvasPanel /Engine/Transient.World_3:W_Play_C_2.WidgetTree_4.CanvasPanel_0
[2023.08.26-13.23.16:462][367]LogUObjectHash: Warning: Ambiguous search, could be CanvasPanel /Game/UI/W_End.W_End:WidgetTree.CanvasPanel_0 or CanvasPanel /Engine/Transient.World_3:W_Play_C_3.WidgetTree_5.CanvasPanel_0
[2023.08.26-13.23.16:462][367]LogUObjectHash: Warning: Ambiguous search, could be CanvasPanel /Game/UI/W_End.W_End:WidgetTree.CanvasPanel_0 or CanvasPanel /Engine/Transient.World_3:W_Play_C_4.WidgetTree_6.CanvasPanel_0
[2023.08.26-13.23.16:462][367]LogUObjectHash: Warning: Ambiguous search, could be CanvasPanel /Game/UI/W_End.W_End:WidgetTree.CanvasPanel_0 or CanvasPanel /Engine/Transient.World_3:W_Play_C_5.WidgetTree_7.CanvasPanel_0
[2023.08.26-13.23.16:462][367]LogUObjectHash: Warning: Ambiguous search, could be CanvasPanel /Game/UI/W_End.W_End:WidgetTree.CanvasPanel_0 or CanvasPanel /Engine/Transient.World_3:W_Play_C_6.WidgetTree_8.CanvasPanel_0
[2023.08.26-13.23.16:462][367]LogUObjectHash: Warning: Ambiguous search, could be CanvasPanel /Game/UI/W_End.W_End:WidgetTree.CanvasPanel_0 or CanvasPanel /Engine/Transient.World_3:W_Play_C_7.WidgetTree_9.CanvasPanel_0
[2023.08.26-13.23.16:462][367]LogUObjectHash: Warning: Ambiguous search, could be CanvasPanel /Game/UI/W_End.W_End:WidgetTree.CanvasPanel_0 or CanvasPanel /Engine/Transient.World_3:W_Play_C_8.WidgetTree_10.CanvasPanel_0
[2023.08.26-13.23.16:462][367]LogUObjectHash: Warning: Ambiguous search, could be CanvasPanel /Game/UI/W_End.W_End:WidgetTree.CanvasPanel_0 or CanvasPanel /Engine/Transient.World_3:W_Play_C_9.WidgetTree_11.CanvasPanel_0
[2023.08.26-13.23.16:462][367]LogUObjectHash: Warning: Ambiguous search, could be CanvasPanelSlot /Engine/Transient.World_3:W_Play_C_3.WidgetTree_5.CanvasPanel_0.CanvasPanelSlot_1 or CanvasPanelSlot /Game/UI/W_Play.W_Play:WidgetTree.CanvasPanel_0.CanvasPanelSlot_1
[2023.08.26-13.23.16:462][367]LogUObjectHash: Warning: Ambiguous search, could be CanvasPanelSlot /Engine/Transient.World_3:W_Play_C_3.WidgetTree_5.CanvasPanel_0.CanvasPanelSlot_1 or CanvasPanelSlot /Engine/Transient.World_3:W_Play_C_7.WidgetTree_9.CanvasPanel_0.CanvasPanelSlot_1
[2023.08.26-13.23.16:462][367]LogUObjectHash: Warning: Ambiguous search, could be CanvasPanelSlot /Engine/Transient.World_3:W_Play_C_3.WidgetTree_5.CanvasPanel_0.CanvasPanelSlot_1 or CanvasPanelSlot /Engine/Transient.World_3:W_Play_C_8.WidgetTree_10.CanvasPanel_0.CanvasPanelSlot_1
[2023.08.26-13.23.16:462][367]LogUObjectHash: Warning: Ambiguous search, could be CanvasPanelSlot /Engine/Transient.World_3:W_Play_C_3.WidgetTree_5.CanvasPanel_0.CanvasPanelSlot_1 or CanvasPanelSlot /Engine/Transient.World_3:W_Play_C_9.WidgetTree_11.CanvasPanel_0.CanvasPanelSlot_1
[2023.08.26-13.23.16:462][367]LogProperty: Warning: Illegal TEXT reference to a private object in external package (CanvasPanelSlot /Engine/Transient.World_3:W_Play_C_3.WidgetTree_5.CanvasPanel_0.CanvasPanelSlot_1) from referencer (HorizontalBox /Engine/UMG/Editor/Transient.LifeBox).  Import failed...
[2023.08.26-13.23.16:462][367]LogProperty: Warning: ObjectProperty /Script/UMG.Widget:Slot: unresolved reference to 'CanvasPanelSlot'CanvasPanel_0.CanvasPanelSlot_1''
[2023.08.26-13.24.38:744][ 80]LogUObjectHash: Warning: Ambiguous search, could be HorizontalBox /Engine/Transient.World_3:W_Play_C_10.WidgetTree_12.TimeBox or HorizontalBox /Game/UI/W_Play.W_Play:WidgetTree.TimeBox
[2023.08.26-13.24.38:744][ 80]LogUObjectHash: Warning: Ambiguous search, could be HorizontalBox /Engine/Transient.World_3:W_Play_C_10.WidgetTree_12.TimeBox or HorizontalBox /Engine/Transient.World_3:W_Play_C_11.WidgetTree_13.TimeBox
[2023.08.26-13.24.38:744][ 80]LogProperty: Warning: Illegal TEXT reference to a private object in external package (HorizontalBoxSlot /Engine/Transient.World_3:W_Play_C_10.WidgetTree_12.TimeBox.HorizontalBoxSlot_2) from referencer (TextBlock /Engine/UMG/Editor/Transient.TextBlock_1).  Import failed...
[2023.08.26-13.24.38:744][ 80]LogProperty: Warning: ObjectProperty /Script/UMG.Widget:Slot: unresolved reference to 'HorizontalBoxSlot'TimeBox.HorizontalBoxSlot_2''
[2023.08.26-13.24.39:173][123]LogUObjectHash: Warning: Ambiguous search, could be HorizontalBox /Engine/Transient.World_3:W_Play_C_10.WidgetTree_12.TimeBox or HorizontalBox /Game/UI/W_Play.W_Play:WidgetTree.TimeBox
[2023.08.26-13.24.39:173][123]LogUObjectHash: Warning: Ambiguous search, could be HorizontalBox /Engine/Transient.World_3:W_Play_C_10.WidgetTree_12.TimeBox or HorizontalBox /Engine/Transient.World_3:W_Play_C_11.WidgetTree_13.TimeBox
[2023.08.26-13.24.39:173][123]LogUObjectHash: Warning: Ambiguous search, could be HorizontalBox /Engine/Transient.World_3:W_Play_C_10.WidgetTree_12.TimeBox or HorizontalBox /Engine/Transient.World_3:W_Play_C_12.WidgetTree_14.TimeBox
[2023.08.26-13.24.39:173][123]LogProperty: Warning: Illegal TEXT reference to a private object in external package (HorizontalBoxSlot /Engine/Transient.World_3:W_Play_C_10.WidgetTree_12.TimeBox.HorizontalBoxSlot_2) from referencer (TextBlock /Engine/UMG/Editor/Transient.TextBlock_1).  Import failed...
[2023.08.26-13.24.39:173][123]LogProperty: Warning: ObjectProperty /Script/UMG.Widget:Slot: unresolved reference to 'HorizontalBoxSlot'TimeBox.HorizontalBoxSlot_2''
[2023.08.26-13.26.16:506][398]LogUObjectHash: Warning: Ambiguous search, could be CanvasPanel /Game/UI/W_End.W_End:WidgetTree.CanvasPanel_0 or CanvasPanel /Game/UI/W_End.SKEL_W_End_C:WidgetTree.CanvasPanel_0
[2023.08.26-13.26.16:506][398]LogUObjectHash: Warning: Ambiguous search, could be CanvasPanel /Game/UI/W_End.W_End:WidgetTree.CanvasPanel_0 or CanvasPanel /Game/UI/W_End.W_End_C:WidgetTree.CanvasPanel_0
[2023.08.26-13.26.16:506][398]LogUObjectHash: Warning: Ambiguous search, could be CanvasPanel /Game/UI/W_End.W_End:WidgetTree.CanvasPanel_0 or CanvasPanel /Engine/Transient.World_1:W_End_C_0.WidgetTree_0.CanvasPanel_0
[2023.08.26-13.26.16:506][398]LogUObjectHash: Warning: Ambiguous search, could be CanvasPanel /Game/UI/W_End.W_End:WidgetTree.CanvasPanel_0 or CanvasPanel /Engine/Transient.World_1:W_End_C_1.WidgetTree_1.CanvasPanel_0
[2023.08.26-13.26.16:506][398]LogUObjectHash: Warning: Ambiguous search, could be CanvasPanel /Game/UI/W_End.W_End:WidgetTree.CanvasPanel_0 or CanvasPanel /Game/UI/W_Play.W_Play:WidgetTree.CanvasPanel_0
[2023.08.26-13.26.16:506][398]LogUObjectHash: Warning: Ambiguous search, could be CanvasPanel /Game/UI/W_End.W_End:WidgetTree.CanvasPanel_0 or CanvasPanel /Engine/Transient.WidgetTree:CanvasPanel_0
[2023.08.26-13.26.16:506][398]LogUObjectHash: Warning: Ambiguous search, could be CanvasPanel /Game/UI/W_End.W_End:WidgetTree.CanvasPanel_0 or CanvasPanel /Game/UI/W_Play.W_Play_C:WidgetTree.CanvasPanel_0
[2023.08.26-13.26.16:506][398]LogUObjectHash: Warning: Ambiguous search, could be CanvasPanel /Game/UI/W_End.W_End:WidgetTree.CanvasPanel_0 or CanvasPanel /Engine/Transient.World_3:W_Play_C_0.WidgetTree_2.CanvasPanel_0
[2023.08.26-13.26.16:506][398]LogUObjectHash: Warning: Ambiguous search, could be CanvasPanel /Game/UI/W_End.W_End:WidgetTree.CanvasPanel_0 or CanvasPanel /Engine/Transient.World_3:W_Play_C_1.WidgetTree_3.CanvasPanel_0
[2023.08.26-13.26.16:506][398]LogUObjectHash: Warning: Ambiguous search, could be CanvasPanel /Game/UI/W_End.W_End:WidgetTree.CanvasPanel_0 or CanvasPanel /Engine/Transient.REINST_SKEL_W_Play_C_2:WidgetTree.CanvasPanel_0
[2023.08.26-13.26.16:506][398]LogUObjectHash: Warning: Ambiguous search, could be CanvasPanel /Game/UI/W_End.W_End:WidgetTree.CanvasPanel_0 or CanvasPanel /Engine/Transient.World_3:W_Play_C_2.WidgetTree_4.CanvasPanel_0
[2023.08.26-13.26.16:506][398]LogUObjectHash: Warning: Ambiguous search, could be CanvasPanel /Game/UI/W_End.W_End:WidgetTree.CanvasPanel_0 or CanvasPanel /Engine/Transient.World_3:W_Play_C_3.WidgetTree_5.CanvasPanel_0
[2023.08.26-13.26.16:506][398]LogUObjectHash: Warning: Ambiguous search, could be CanvasPanel /Game/UI/W_End.W_End:WidgetTree.CanvasPanel_0 or CanvasPanel /Engine/Transient.World_3:W_Play_C_4.WidgetTree_6.CanvasPanel_0
[2023.08.26-13.26.16:506][398]LogUObjectHash: Warning: Ambiguous search, could be CanvasPanel /Game/UI/W_End.W_End:WidgetTree.CanvasPanel_0 or CanvasPanel /Engine/Transient.World_3:W_Play_C_5.WidgetTree_7.CanvasPanel_0
[2023.08.26-13.26.16:506][398]LogUObjectHash: Warning: Ambiguous search, could be CanvasPanel /Game/UI/W_End.W_End:WidgetTree.CanvasPanel_0 or CanvasPanel /Engine/Transient.World_3:W_Play_C_6.WidgetTree_8.CanvasPanel_0
[2023.08.26-13.26.16:506][398]LogUObjectHash: Warning: Ambiguous search, could be CanvasPanel /Game/UI/W_End.W_End:WidgetTree.CanvasPanel_0 or CanvasPanel /Engine/Transient.World_3:W_Play_C_7.WidgetTree_9.CanvasPanel_0
[2023.08.26-13.26.16:506][398]LogUObjectHash: Warning: Ambiguous search, could be CanvasPanel /Game/UI/W_End.W_End:WidgetTree.CanvasPanel_0 or CanvasPanel /Engine/Transient.World_3:W_Play_C_8.WidgetTree_10.CanvasPanel_0
[2023.08.26-13.26.16:506][398]LogUObjectHash: Warning: Ambiguous search, could be CanvasPanel /Game/UI/W_End.W_End:WidgetTree.CanvasPanel_0 or CanvasPanel /Engine/Transient.World_3:W_Play_C_9.WidgetTree_11.CanvasPanel_0
[2023.08.26-13.26.16:506][398]LogUObjectHash: Warning: Ambiguous search, could be CanvasPanel /Game/UI/W_End.W_End:WidgetTree.CanvasPanel_0 or CanvasPanel /Engine/Transient.World_3:W_Play_C_10.WidgetTree_12.CanvasPanel_0
[2023.08.26-13.26.16:506][398]LogUObjectHash: Warning: Ambiguous search, could be CanvasPanel /Game/UI/W_End.W_End:WidgetTree.CanvasPanel_0 or CanvasPanel /Engine/Transient.World_3:W_Play_C_11.WidgetTree_13.CanvasPanel_0
[2023.08.26-13.26.16:506][398]LogUObjectHash: Warning: Ambiguous search, could be CanvasPanel /Game/UI/W_End.W_End:WidgetTree.CanvasPanel_0 or CanvasPanel /Engine/Transient.World_3:W_Play_C_12.WidgetTree_14.CanvasPanel_0
[2023.08.26-13.26.16:506][398]LogUObjectHash: Warning: Ambiguous search, could be CanvasPanel /Game/UI/W_End.W_End:WidgetTree.CanvasPanel_0 or CanvasPanel /Engine/Transient.World_3:W_Play_C_13.WidgetTree_15.CanvasPanel_0
[2023.08.26-13.26.16:506][398]LogUObjectHash: Warning: Ambiguous search, could be CanvasPanel /Game/UI/W_End.W_End:WidgetTree.CanvasPanel_0 or CanvasPanel /Engine/Transient.World_3:W_Play_C_14.WidgetTree_16.CanvasPanel_0
[2023.08.26-13.26.16:506][398]LogUObjectHash: Warning: Ambiguous search, could be CanvasPanel /Game/UI/W_End.W_End:WidgetTree.CanvasPanel_0 or CanvasPanel /Engine/Transient.World_3:W_Play_C_15.WidgetTree_17.CanvasPanel_0
[2023.08.26-13.26.16:506][398]LogProperty: Warning: Illegal TEXT reference to a private object in external package (CanvasPanelSlot /Game/UI/W_End.W_End:WidgetTree.CanvasPanel_0.CanvasPanelSlot_0) from referencer (HorizontalBox /Engine/UMG/Editor/Transient.ItemBox).  Import failed...
[2023.08.26-13.26.16:506][398]LogProperty: Warning: ObjectProperty /Script/UMG.Widget:Slot: unresolved reference to 'CanvasPanelSlot'CanvasPanel_0.CanvasPanelSlot_0''
[2023.08.26-13.26.53:322][670]LogUObjectHash: Warning: Ambiguous search, could be HorizontalBox /Engine/Transient.World_3:W_Play_C_16.WidgetTree_18.StageBox or HorizontalBox /Game/UI/W_Play.W_Play:WidgetTree.StageBox
[2023.08.26-13.26.53:322][670]LogUObjectHash: Warning: Ambiguous search, could be HorizontalBox /Engine/Transient.World_3:W_Play_C_16.WidgetTree_18.StageBox or HorizontalBox /Engine/Transient.World_3:W_Play_C_17.WidgetTree_19.StageBox
[2023.08.26-13.26.53:322][670]LogUObjectHash: Warning: Ambiguous search, could be HorizontalBox /Engine/Transient.World_3:W_Play_C_16.WidgetTree_18.StageBox or HorizontalBox /Engine/Transient.World_3:W_Play_C_18.WidgetTree_20.StageBox
[2023.08.26-13.26.53:322][670]LogUObjectHash: Warning: Ambiguous search, could be HorizontalBox /Engine/Transient.World_3:W_Play_C_16.WidgetTree_18.StageBox or HorizontalBox /Engine/Transient.World_3:W_Play_C_19.WidgetTree_21.StageBox
[2023.08.26-13.26.53:322][670]LogUObjectHash: Warning: Ambiguous search, could be HorizontalBox /Engine/Transient.World_3:W_Play_C_16.WidgetTree_18.StageBox or HorizontalBox /Engine/Transient.World_3:W_Play_C_20.WidgetTree_22.StageBox
[2023.08.26-13.26.53:322][670]LogProperty: Warning: Illegal TEXT reference to a private object in external package (HorizontalBoxSlot /Engine/Transient.World_3:W_Play_C_16.WidgetTree_18.StageBox.HorizontalBoxSlot_2) from referencer (TextBlock /Engine/UMG/Editor/Transient.TextBlock_4).  Import failed...
[2023.08.26-13.26.53:322][670]LogProperty: Warning: ObjectProperty /Script/UMG.Widget:Slot: unresolved reference to 'HorizontalBoxSlot'StageBox.HorizontalBoxSlot_2''
[2023.08.26-13.26.53:478][681]LogUObjectHash: Warning: Ambiguous search, could be HorizontalBox /Engine/Transient.World_3:W_Play_C_16.WidgetTree_18.StageBox or HorizontalBox /Game/UI/W_Play.W_Play:WidgetTree.StageBox
[2023.08.26-13.26.53:478][681]LogUObjectHash: Warning: Ambiguous search, could be HorizontalBox /Engine/Transient.World_3:W_Play_C_16.WidgetTree_18.StageBox or HorizontalBox /Engine/Transient.World_3:W_Play_C_17.WidgetTree_19.StageBox
[2023.08.26-13.26.53:478][681]LogUObjectHash: Warning: Ambiguous search, could be HorizontalBox /Engine/Transient.World_3:W_Play_C_16.WidgetTree_18.StageBox or HorizontalBox /Engine/Transient.World_3:W_Play_C_18.WidgetTree_20.StageBox
[2023.08.26-13.26.53:478][681]LogUObjectHash: Warning: Ambiguous search, could be HorizontalBox /Engine/Transient.World_3:W_Play_C_16.WidgetTree_18.StageBox or HorizontalBox /Engine/Transient.World_3:W_Play_C_19.WidgetTree_21.StageBox
[2023.08.26-13.26.53:478][681]LogUObjectHash: Warning: Ambiguous search, could be HorizontalBox /Engine/Transient.World_3:W_Play_C_16.WidgetTree_18.StageBox or HorizontalBox /Engine/Transient.World_3:W_Play_C_20.WidgetTree_22.StageBox
[2023.08.26-13.26.53:478][681]LogUObjectHash: Warning: Ambiguous search, could be HorizontalBox /Engine/Transient.World_3:W_Play_C_16.WidgetTree_18.StageBox or HorizontalBox /Engine/Transient.World_3:W_Play_C_21.WidgetTree_23.StageBox
[2023.08.26-13.26.53:478][681]LogProperty: Warning: Illegal TEXT reference to a private object in external package (HorizontalBoxSlot /Engine/Transient.World_3:W_Play_C_16.WidgetTree_18.StageBox.HorizontalBoxSlot_2) from referencer (TextBlock /Engine/UMG/Editor/Transient.TextBlock_4).  Import failed...
[2023.08.26-13.26.53:478][681]LogProperty: Warning: ObjectProperty /Script/UMG.Widget:Slot: unresolved reference to 'HorizontalBoxSlot'StageBox.HorizontalBoxSlot_2''
[2023.08.26-13.27.54:996][431]BlueprintLog: New page: W_Play をコンパイル
[2023.08.26-13.27.56:414][584]Cmd: OBJ SAVEPACKAGE PACKAGE="/Game/UI/W_Play" FILE="D:/Udemy/DrAward/DrAward/Content/UI/W_Play.uasset" SILENT=true
[2023.08.26-13.27.56:443][584]LogSavePackage: Save=22.70ms
[2023.08.26-13.27.56:443][584]LogSavePackage: Moving 'D:/Udemy/DrAward/DrAward/Saved/W_Play6A71155F4703E6865CBA178252169ABF.tmp' to 'D:/Udemy/DrAward/DrAward/Content/UI/W_Play.uasset'
[2023.08.26-13.27.56:445][584]LogSavePackage: Display: Finished SavePackage D:/Udemy/DrAward/DrAward/Content/UI/W_Play.uasset
[2023.08.26-13.27.58:521][814]LogScript: Warning: Accessed None trying to read property IsClearInstance
	BPAnim_Award_C /Engine/Transient.World_13:PersistentLevel.BP_Award_C_0.CharacterMesh0.BPAnim_Award_C_0
	Function /Game/Animation/BPAnim_Award.BPAnim_Award_C:ExecuteUbergraph_BPAnim_Award:00B1
[2023.08.26-13.27.58:521][814]LogScript: Warning: Accessed None trying to read property IsClearInstance
	BPAnim_Award_C /Engine/Transient.World_13:PersistentLevel.BP_Award_C_0.CharacterMesh0.BPAnim_Award_C_0
	Function /Game/Animation/BPAnim_Award.BPAnim_Award_C:ExecuteUbergraph_BPAnim_Award:0110
[2023.08.26-13.27.59:887][908]LogSlate: Took 0.000189 seconds to synchronously load lazily loaded font '../../../Engine/Content/Editor/Slate/Fonts/Roboto-Italic.ttf' (157K)
[2023.08.26-13.29.22:713][309]BlueprintLog: New page: BP_AwardGameMode をコンパイル
[2023.08.26-13.29.23:968][396]LogTemp: Repeating last play command: 選択ビューポート
[2023.08.26-13.29.24:001][396]LogBlueprintUserMessages: Early PlayInEditor Detection: Level '/Game/Map/Main.Main:PersistentLevel' has LevelScriptBlueprint '/Game/Map/Main.Main:PersistentLevel.Main' with GeneratedClass '/Game/Map/Main.Main_C' with ClassGeneratedBy '/Game/Map/Main.Main:PersistentLevel.Main'
[2023.08.26-13.29.24:001][396]LogPlayLevel: PlayLevel: No blueprints needed recompiling
[2023.08.26-13.29.24:001][396]PIE: New page: PIEセッション: Main (2023/08/27 7:29:24)
[2023.08.26-13.29.24:002][396]LogPlayLevel: Creating play world package: /Game/Map/UEDPIE_0_Main
[2023.08.26-13.29.24:004][396]LogPlayLevel: PIE: StaticDuplicateObject took: (0.001436s)
[2023.08.26-13.29.24:004][396]LogAIModule: Creating AISystem for world Main
[2023.08.26-13.29.24:004][396]LogPlayLevel: PIE: World Init took: (0.000537s)
[2023.08.26-13.29.24:004][396]LogPlayLevel: PIE: Created PIE world by copying editor world from /Game/Map/Main.Main to /Game/Map/UEDPIE_0_Main.Main (0.002177s)
[2023.08.26-13.29.24:060][396]LogInit: XAudio2 using 'スピーカー (2- Logitech G733 Gaming Headset)' : 6 channels at 44.1 kHz using 16 bits per sample (channel mask 0x3f)
[2023.08.26-13.29.24:076][396]LogInit: FAudioDevice initialized.
[2023.08.26-13.29.24:150][396]LogLoad: Game class is 'BP_AwardGameMode_C'
[2023.08.26-13.29.24:151][396]LogWorld: Bringing World /Game/Map/UEDPIE_0_Main.Main up for play (max tick rate 0) at 2023.08.26-22.29.24
[2023.08.26-13.29.24:152][396]LogWorld: Bringing up level for play took: 0.001325
[2023.08.26-13.29.24:152][396]LogGameMode: FindPlayerStart: PATHS NOT DEFINED or NO PLAYERSTART with positive rating
[2023.08.26-13.29.24:218][396]LogContentBrowser: Native class hierarchy updated for 'MovieSceneCapture' in 0.0008 seconds. Added 11 classes and 0 folders.
[2023.08.26-13.29.24:219][396]LogLevel: ActivateLevel /Game/Map/UEDPIE_0_Stage1 1 1 1
[2023.08.26-13.29.24:223][396]PIE: /Game/Map/UEDPIE_0_Main 0.013のプレイ イン エディタの開始時間
[2023.08.26-13.29.24:223][396]LogBlueprintUserMessages: Late PlayInEditor Detection: Level '/Game/Map/Main.Main:PersistentLevel' has LevelScriptBlueprint '/Game/Map/Main.Main:PersistentLevel.Main' with GeneratedClass '/Game/Map/Main.Main_C' with ClassGeneratedBy '/Game/Map/Main.Main:PersistentLevel.Main'
[2023.08.26-13.29.24:252][396]LogRenderer: Reallocating scene render targets to support 1292x756 Format 10 NumSamples 1 (Frame:1).
[2023.08.26-13.29.44:893][851]LogBlueprintUserMessages: Early EndPlayMap Detection: Level '/Game/Map/Main.Main:PersistentLevel' has LevelScriptBlueprint '/Game/Map/Main.Main:PersistentLevel.Main' with GeneratedClass '/Game/Map/Main.Main_C' with ClassGeneratedBy '/Game/Map/Main.Main:PersistentLevel.Main'
[2023.08.26-13.29.44:939][851]LogBlueprintUserMessages: Late EndPlayMap Detection: Level '/Game/Map/Main.Main:PersistentLevel' has LevelScriptBlueprint '/Game/Map/Main.Main:PersistentLevel.Main' with GeneratedClass '/Game/Map/Main.Main_C' with ClassGeneratedBy '/Game/Map/Main.Main:PersistentLevel.Main'
[2023.08.26-13.29.47:437][120]Cmd: OBJ SAVEPACKAGE PACKAGE="/Game/Map/Stage1" FILE="D:/Udemy/DrAward/DrAward/Content/Map/Stage1.umap" SILENT=true AUTOSAVING=false KEEPDIRTY=false
[2023.08.26-13.29.47:580][120]LogSavePackage: Save=120.20ms
[2023.08.26-13.29.47:580][120]LogSavePackage: Moving 'D:/Udemy/DrAward/DrAward/Saved/Stage170755CC8435C0547F74E10B315D95E33.tmp' to 'D:/Udemy/DrAward/DrAward/Content/Map/Stage1.umap'
[2023.08.26-13.29.47:616][120]LogSavePackage: Display: Finished SavePackage D:/Udemy/DrAward/DrAward/Content/Map/Stage1.umap
[2023.08.26-13.29.47:618][120]LogFileHelpers: Saving map 'Stage1' took 0.248
[2023.08.26-13.29.47:694][120]Cmd: OBJ SAVEPACKAGE PACKAGE="/Game/Map/Stage2" FILE="D:/Udemy/DrAward/DrAward/Content/Map/Stage2.umap" SILENT=true AUTOSAVING=false KEEPDIRTY=false
[2023.08.26-13.29.47:757][120]LogSavePackage: Save=40.26ms
[2023.08.26-13.29.47:757][120]LogSavePackage: Moving 'D:/Udemy/DrAward/DrAward/Saved/Stage23DA4C6FE458BFEC1CF7858926967D29E.tmp' to 'D:/Udemy/DrAward/DrAward/Content/Map/Stage2.umap'
[2023.08.26-13.29.47:759][120]LogSavePackage: Display: Finished SavePackage D:/Udemy/DrAward/DrAward/Content/Map/Stage2.umap
[2023.08.26-13.29.47:760][120]LogFileHelpers: Saving map 'Stage2' took 0.136
[2023.08.26-13.29.47:824][120]Cmd: OBJ SAVEPACKAGE PACKAGE="/Game/Map/Stage3" FILE="D:/Udemy/DrAward/DrAward/Content/Map/Stage3.umap" SILENT=true AUTOSAVING=false KEEPDIRTY=false
[2023.08.26-13.29.47:890][120]LogSavePackage: Save=43.55ms
[2023.08.26-13.29.47:890][120]LogSavePackage: Moving 'D:/Udemy/DrAward/DrAward/Saved/Stage3AC764DDB4ADD372513C295AA34ABB1BC.tmp' to 'D:/Udemy/DrAward/DrAward/Content/Map/Stage3.umap'
[2023.08.26-13.29.47:892][120]LogSavePackage: Display: Finished SavePackage D:/Udemy/DrAward/DrAward/Content/Map/Stage3.umap
[2023.08.26-13.29.47:893][120]LogFileHelpers: Saving map 'Stage3' took 0.131
[2023.08.26-13.29.47:895][120]Cmd: OBJ SAVEPACKAGE PACKAGE="/Game/BP/BP_AwardGameMode" FILE="D:/Udemy/DrAward/DrAward/Content/BP/BP_AwardGameMode.uasset" SILENT=true
[2023.08.26-13.29.47:943][120]LogSavePackage: Save=42.56ms
[2023.08.26-13.29.47:943][120]LogSavePackage: Moving 'D:/Udemy/DrAward/DrAward/Saved/BP_AwardGameMode2C2829B04ACF07B441CC279A3A880C9F.tmp' to 'D:/Udemy/DrAward/DrAward/Content/BP/BP_AwardGameMode.uasset'
[2023.08.26-13.29.47:945][120]LogSavePackage: Display: Finished SavePackage D:/Udemy/DrAward/DrAward/Content/BP/BP_AwardGameMode.uasset
[2023.08.26-13.30.13:064][631]Cmd: OBJ SAVEPACKAGE PACKAGE="/Game/UI/W_Play" FILE="D:/Udemy/DrAward/DrAward/Content/UI/W_Play.uasset" SILENT=true
[2023.08.26-13.30.13:095][631]LogSavePackage: Save=24.85ms
[2023.08.26-13.30.13:095][631]LogSavePackage: Moving 'D:/Udemy/DrAward/DrAward/Saved/W_Play3A2D98F34AF5E93FE038D6B1BCA01FE0.tmp' to 'D:/Udemy/DrAward/DrAward/Content/UI/W_Play.uasset'
[2023.08.26-13.30.13:096][631]LogSavePackage: Display: Finished SavePackage D:/Udemy/DrAward/DrAward/Content/UI/W_Play.uasset
