Log file open, 07/08/23 21:03:26
LogWindows: Failed to load 'aqProf.dll' (GetLastError=126)
LogWindows: File 'aqProf.dll' does not exist
LogWindows: Failed to load 'VSPerf140.dll' (GetLastError=126)
LogWindows: File 'VSPerf140.dll' does not exist
LogWindows: Failed to load 'VtuneApi.dll' (GetLastError=126)
LogWindows: File 'VtuneApi.dll' does not exist
LogWindows: Failed to load 'VtuneApi32e.dll' (GetLastError=126)
LogWindows: File 'VtuneApi32e.dll' does not exist
LogInit: Display: Running engine for game: DrAward
LogPlatformFile: Not using cached read wrapper
LogInit: Display: RandInit(-66825312) SRandInit(-66825312).
LogTaskGraph: Started task graph with 5 named threads and 20 total threads with 3 sets of task threads.
LogStats: Stats thread started at 0.313272
LogD3D11RHI: Aftermath initialized
LogPluginManager: Mounting plugin Paper2D
LogPluginManager: Mounting plugin LightPropagationVolume
LogPluginManager: Mounting plugin CodeLiteSourceCodeAccess
LogPluginManager: Mounting plugin GitSourceControl
LogPluginManager: Mounting plugin KDevelopSourceCodeAccess
LogPluginManager: Mounting plugin NullSourceCodeAccess
LogPluginManager: Mounting plugin PerforceSourceControl
LogPluginManager: Mounting plugin SubversionSourceControl
LogPluginManager: Mounting plugin UObjectPlugin
LogPluginManager: Mounting plugin VisualStudioSourceCodeAccess
LogPluginManager: Mounting plugin XCodeSourceCodeAccess
LogPluginManager: Mounting plugin AssetManagerEditor
LogPluginManager: Mounting plugin AudioCapture
LogPluginManager: Mounting plugin FacialAnimation
LogPluginManager: Mounting plugin GameplayTagsEditor
LogPluginManager: Mounting plugin MobileLauncherProfileWizard
LogPluginManager: Mounting plugin PluginBrowser
LogPluginManager: Mounting plugin SpeedTreeImporter
LogPluginManager: Mounting plugin AlembicImporter
LogPluginManager: Mounting plugin CharacterAI
LogPluginManager: Mounting plugin HTML5Networking
LogPluginManager: Mounting plugin AndroidMedia
LogPluginManager: Mounting plugin AvfMedia
LogPluginManager: Mounting plugin MediaPlayerEditor
LogPluginManager: Mounting plugin WmfMedia
LogPluginManager: Mounting plugin TcpMessaging
LogPluginManager: Mounting plugin UdpMessaging
LogPluginManager: Mounting plugin LevelSequenceEditor
LogPluginManager: Mounting plugin MatineeToLevelSequence
LogPluginManager: Mounting plugin OnlineSubsystemGooglePlay
LogPluginManager: Mounting plugin OnlineSubsystemIOS
LogPluginManager: Mounting plugin OnlineSubsystem
LogPluginManager: Mounting plugin OnlineSubsystemNull
LogPluginManager: Mounting plugin OnlineSubsystemUtils
LogPluginManager: Mounting plugin AndroidDeviceProfileSelector
LogPluginManager: Mounting plugin AndroidMoviePlayer
LogPluginManager: Mounting plugin AndroidPermission
LogPluginManager: Mounting plugin AppleMoviePlayer
LogPluginManager: Mounting plugin ArchVisCharacter
LogPluginManager: Mounting plugin CableComponent
LogPluginManager: Mounting plugin CustomMeshComponent
LogPluginManager: Mounting plugin ExampleDeviceProfileSelector
LogPluginManager: Mounting plugin GoogleCloudMessaging
LogPluginManager: Mounting plugin ImmediatePhysics
LogPluginManager: Mounting plugin IOSDeviceProfileSelector
LogPluginManager: Mounting plugin LinuxDeviceProfileSelector
LogPluginManager: Mounting plugin LocationServicesBPLibrary
LogPluginManager: Mounting plugin MobilePatchingUtils
LogPluginManager: Mounting plugin OculusVR
LogPluginManager: Mounting plugin PhysXVehicles
LogPluginManager: Mounting plugin ProceduralMeshComponent
LogPluginManager: Mounting plugin RuntimePhysXCooking
LogPluginManager: Mounting plugin WindowsMoviePlayer
LogInit: Using libcurl 7.47.1
LogInit:  - built for x86_64-pc-win32
LogInit:  - supports SSL with OpenSSL/1.0.2g
LogInit:  - supports HTTP deflate (compression) using libz 1.2.8
LogInit:  - other features:
LogInit:      CURL_VERSION_SSL
LogInit:      CURL_VERSION_LIBZ
LogInit:      CURL_VERSION_IPV6
LogInit:      CURL_VERSION_ASYNCHDNS
LogInit:      CURL_VERSION_LARGEFILE
LogInit:      CURL_VERSION_IDN
LogInit:  CurlRequestOptions (configurable via config and command line):
LogInit:  - bVerifyPeer = false  - Libcurl will NOT verify peer certificate
LogInit:  - bUseHttpProxy = false  - Libcurl will NOT use HTTP proxy
LogInit:  - bDontReuseConnections = false  - Libcurl will reuse connections
LogInit:  - CertBundlePath = nullptr  - Libcurl will use whatever was configured at build time.
LogInit: Build: ++UE4+Release-4.17-CL-3658906
LogInit: Engine Version: 4.17.2-3658906+++UE4+Release-4.17
LogInit: Compatible Engine Version: 4.17.0-3573198+++UE4+Release-4.17
LogInit: Net CL: 3573198
LogDevObjectVersion: Number of dev versions registered: 16
LogDevObjectVersion:   Dev-Blueprints (B0D832E4-1F89-4F0D-ACCF-7EB736FD4AA2): 10
LogDevObjectVersion:   Dev-Build (E1C64328-A22C-4D53-A36C-8E866417BD8C): 0
LogDevObjectVersion:   Dev-Core (375EC13C-06E4-48FB-B500-84F0262A717E): 2
LogDevObjectVersion:   Dev-Editor (E4B068ED-F494-42E9-A231-DA0B2E46BB41): 20
LogDevObjectVersion:   Dev-Framework (CFFC743F-43B0-4480-9391-14DF171D2073): 28
LogDevObjectVersion:   Dev-Mobile (B02B49B5-BB20-44E9-A304-32B752E40360): 0
LogDevObjectVersion:   Dev-Networking (A4E4105C-59A1-49B5-A7C5-40C4547EDFEE): 0
LogDevObjectVersion:   Dev-Online (39C831C9-5AE6-47DC-9A44-9C173E1C8E7C): 0
LogDevObjectVersion:   Dev-Physics (78F01B33-EBEA-4F98-B9B4-84EACCB95AA2): 0
LogDevObjectVersion:   Dev-Platform (6631380F-2D4D-43E0-8009-CF276956A95A): 0
LogDevObjectVersion:   Dev-Rendering (12F88B9F-8875-4AFC-A67C-D90C383ABD29): 19
LogDevObjectVersion:   Dev-Sequencer (7B5AE74C-D270-4C10-A958-57980B212A5A): 4
LogDevObjectVersion:   Dev-VR (D7296918-1DD6-4BDD-9DE2-64A83CC13884): 0
LogDevObjectVersion:   Dev-LoadTimes (C2A15278-BFE7-4AFE-6C17-90FF531DF755): 1
LogDevObjectVersion:   Private-Geometry (6EACA3D4-40EC-4CC1-B786-8BED09428FC5): 1
LogDevObjectVersion:   Dev-AnimPhys (29E575DD-E0A3-4627-9D10-D276232CDCEA): 7
LogInit: Compiled (64-bit): Sep 22 2017 13:47:16
LogInit: Compiled with Visual C++: 19.00.24215.01
LogInit: Build Configuration: Development
LogInit: Branch Name: ++UE4+Release-4.17
LogInit: Command line: 
LogInit: Base directory: C:/Program Files/Epic Games/UE_4.17/Engine/Binaries/Win64/
LogInit: Installed Engine Build: 1
LogInit: Presizing for max 8388607 objects, including 0 objects not considered by GC, pre-allocating 0 bytes for permanent pool.
LogInit: Object subsystem initialized
[2023.07.08-12.03.27:688][  0]LogInit: Selected Device Profile: [Windows]
[2023.07.08-12.03.27:688][  0]LogInit: Applying CVar settings loaded from the selected device profile: [Windows]
[2023.07.08-12.03.27:701][  0]LogInit: Computer: DESKTOP-TGE5S74
[2023.07.08-12.03.27:701][  0]LogInit: User: Sumino
[2023.07.08-12.03.27:701][  0]LogInit: CPU Page size=4096, Cores=6
[2023.07.08-12.03.27:701][  0]LogInit: High frequency timer resolution =10.000000 MHz
[2023.07.08-12.03.27:701][  0]LogMemory: Memory total: Physical=15.9GB (16GB approx)
[2023.07.08-12.03.27:701][  0]LogMemory: Platform Memory Stats for Windows
[2023.07.08-12.03.27:701][  0]LogMemory: Process Physical Memory: 279.47 MB used, 279.48 MB peak
[2023.07.08-12.03.27:701][  0]LogMemory: Process Virtual Memory: 280.64 MB used, 280.64 MB peak
[2023.07.08-12.03.27:701][  0]LogMemory: Physical Memory: 12559.25 MB used,  3745.11 MB free, 16304.36 MB total
[2023.07.08-12.03.27:701][  0]LogMemory: Virtual Memory: 4797.58 MB used,  3745.11 MB free, 134217728.00 MB total
[2023.07.08-12.03.28:026][  0]LogInit: Using OS detected language (ja-JP).
[2023.07.08-12.03.28:026][  0]LogInit: Using OS detected locale (ja-JP).
[2023.07.08-12.03.28:029][  0]LogTextLocalizationManager: No specific localization for 'ja-JP' exists, so the 'ja' localization will be used.
[2023.07.08-12.03.28:511][  0]LogD3D11RHI: D3D11 adapters:
[2023.07.08-12.03.28:657][  0]LogD3D11RHI:    0. 'NVIDIA GeForce RTX 2080 Ti' (Feature Level 11_0)
[2023.07.08-12.03.28:657][  0]LogD3D11RHI:       11041/0/8152 MB DedicatedVideo/DedicatedSystem/SharedSystem, Outputs:2, VendorId:0x10de
[2023.07.08-12.03.28:660][  0]LogD3D11RHI:    1. 'Microsoft Basic Render Driver' (Feature Level 11_0)
[2023.07.08-12.03.28:660][  0]LogD3D11RHI:       0/0/8152 MB DedicatedVideo/DedicatedSystem/SharedSystem, Outputs:0, VendorId:0x1414
[2023.07.08-12.03.28:660][  0]LogD3D11RHI: Chosen D3D11 Adapter: 0
[2023.07.08-12.03.28:672][  0]LogD3D11RHI: Creating new Direct3DDevice
[2023.07.08-12.03.28:672][  0]LogD3D11RHI:     GPU DeviceId: 0x1e07 (for the marketing name, search the web for "GPU Device Id")
[2023.07.08-12.03.28:672][  0]LogWindows: EnumDisplayDevices:
[2023.07.08-12.03.28:672][  0]LogWindows:    0. 'NVIDIA GeForce RTX 2080 Ti' (P:1 D:1)
[2023.07.08-12.03.28:672][  0]LogWindows:    1. 'NVIDIA GeForce RTX 2080 Ti' (P:0 D:1)
[2023.07.08-12.03.28:672][  0]LogWindows:    2. 'NVIDIA GeForce RTX 2080 Ti' (P:0 D:0)
[2023.07.08-12.03.28:672][  0]LogWindows:    3. 'NVIDIA GeForce RTX 2080 Ti' (P:0 D:0)
[2023.07.08-12.03.28:673][  0]LogWindows: DebugString: GetVideoDriverDetailsInvalid PrimaryIsNotTheChoosenAdapter GetVideoDriverDetailsInvalid PrimaryIsNotTheChoosenAdapter GetVideoDriverDetailsInvalid PrimaryIsNotTheChoosenAdapter GetVideoDriverDetailsInvalid PrimaryIsNotTheChoosenAdapter FoundDriverCount:0 
[2023.07.08-12.03.28:673][  0]LogD3D11RHI:     Adapter Name: NVIDIA GeForce RTX 2080 Ti
[2023.07.08-12.03.28:673][  0]LogD3D11RHI:   Driver Version: Unknown (internal:Unknown, unified:Unknown)
[2023.07.08-12.03.28:673][  0]LogD3D11RHI:      Driver Date: Unknown
[2023.07.08-12.03.28:673][  0]LogRHI: Texture pool is 1361 MB (70% of 1945 MB)
[2023.07.08-12.03.28:770][  0]LogD3D11RHI: Async texture creation enabled
[2023.07.08-12.03.28:783][  0]LogD3D11RHI: GPU Timing Frequency: 1000.000000 (Debug: 2 1)
[2023.07.08-12.03.28:786][  0]LogShaderCompilers: Guid format shader working directory is 23 characters bigger than the processId version (D:/Udemy/DrAward/DrAward/Intermediate/Shaders/WorkingDirectory/1200/).
[2023.07.08-12.03.28:786][  0]LogShaderCompilers: Cleaned the shader compiler working directory 'C:/Users/Sumino/AppData/Local/Temp/UnrealShaderWorkingDir/F7AADEAA4FEDF0A816642D8754E5CF4B/'.
[2023.07.08-12.03.28:786][  0]LogShaderCompilers: Display: Using Local Shader Compiler.
[2023.07.08-12.03.29:644][  0]LogTemp: Display: Loaded TP AllDesktopTargetPlatform
[2023.07.08-12.03.29:714][  0]LogTemp: Display: Loaded TP MacClientTargetPlatform
[2023.07.08-12.03.29:782][  0]LogTemp: Display: Loaded TP MacNoEditorTargetPlatform
[2023.07.08-12.03.29:854][  0]LogTemp: Display: Loaded TP MacServerTargetPlatform
[2023.07.08-12.03.29:929][  0]LogTemp: Display: Loaded TP MacTargetPlatform
[2023.07.08-12.03.29:998][  0]LogTemp: Display: Loaded TP WindowsClientTargetPlatform
[2023.07.08-12.03.30:068][  0]LogTemp: Display: Loaded TP WindowsNoEditorTargetPlatform
[2023.07.08-12.03.30:137][  0]LogTemp: Display: Loaded TP WindowsServerTargetPlatform
[2023.07.08-12.03.30:206][  0]LogTemp: Display: Loaded TP WindowsTargetPlatform
[2023.07.08-12.03.30:275][  0]LogTemp: Display: Loaded TP AndroidTargetPlatform
[2023.07.08-12.03.30:341][  0]LogTemp: Display: Loaded TP Android_ASTCTargetPlatform
[2023.07.08-12.03.30:410][  0]LogTemp: Display: Loaded TP Android_ATCTargetPlatform
[2023.07.08-12.03.30:493][  0]LogTemp: Display: Loaded TP Android_DXTTargetPlatform
[2023.07.08-12.03.30:565][  0]LogTemp: Display: Loaded TP Android_ETC1TargetPlatform
[2023.07.08-12.03.30:635][  0]LogTemp: Display: Loaded TP Android_ETC2TargetPlatform
[2023.07.08-12.03.30:770][  0]LogTemp: Display: Loaded TP Android_MultiTargetPlatform
[2023.07.08-12.03.30:770][  0]LogTemp: Display: Loaded TP Android_PVRTCTargetPlatform
[2023.07.08-12.03.30:830][  0]LogTemp: Display: Loaded TP HTML5TargetPlatform
[2023.07.08-12.03.30:960][  0]LogTemp: Display: Loaded TP IOSTargetPlatform
[2023.07.08-12.03.31:001][  0]LogTemp: Display: Loaded TP TVOSTargetPlatform
[2023.07.08-12.03.31:070][  0]LogTemp: Display: Loaded TP LinuxClientTargetPlatform
[2023.07.08-12.03.31:138][  0]LogTemp: Display: Loaded TP LinuxNoEditorTargetPlatform
[2023.07.08-12.03.31:206][  0]LogTemp: Display: Loaded TP LinuxServerTargetPlatform
[2023.07.08-12.03.31:273][  0]LogTemp: Display: Loaded TP LinuxTargetPlatform
[2023.07.08-12.03.31:273][  0]LogTargetPlatformManager: Display: Building Assets For Windows
[2023.07.08-12.03.32:059][  0]LogDerivedDataCache: Display: Max Cache Size: 512 MB
[2023.07.08-12.03.32:126][  0]LogDerivedDataCache: Loaded boot cache 0.07s 93MB C:/Users/Sumino/AppData/Local/UnrealEngine/4.17/DerivedDataCache/Boot.ddc.
[2023.07.08-12.03.32:126][  0]LogDerivedDataCache: Display: Loaded Boot cache: C:/Users/Sumino/AppData/Local/UnrealEngine/4.17/DerivedDataCache/Boot.ddc
[2023.07.08-12.03.32:126][  0]LogDerivedDataCache: FDerivedDataBackendGraph:  Pak pak cache file D:/Udemy/DrAward/DrAward/DerivedDataCache/DDC.ddp not found, will not use a pak cache.
[2023.07.08-12.03.32:126][  0]LogDerivedDataCache: Unable to find inner node Pak for hierarchical cache Hierarchy.
[2023.07.08-12.03.32:126][  0]LogDerivedDataCache: FDerivedDataBackendGraph:  CompressedPak pak cache file D:/Udemy/DrAward/DrAward/DerivedDataCache/Compressed.ddp not found, will not use a pak cache.
[2023.07.08-12.03.32:126][  0]LogDerivedDataCache: Unable to find inner node CompressedPak for hierarchical cache Hierarchy.
[2023.07.08-12.03.32:138][  0]LogDerivedDataCache: Display: Pak cache opened for reading ../../../Engine/DerivedDataCache/Compressed.ddp.
[2023.07.08-12.03.32:151][  0]LogDerivedDataCache: Using Local data cache path C:/Users/Sumino/AppData/Local/UnrealEngine/Common/DerivedDataCache: Writable
[2023.07.08-12.03.32:158][  0]LogMaterial: Verifying Global Shaders for PCD3D_SM5
[2023.07.08-12.03.32:159][  0]LogSlate: Using Freetype 2.6.0
[2023.07.08-12.03.32:159][  0]LogSlate: SlateFontCache - WITH_FREETYPE: 1, WITH_HARFBUZZ: 1
[2023.07.08-12.03.32:159][  0]LogSlate: SlateFontCache - WITH_FREETYPE: 1, WITH_HARFBUZZ: 1
[2023.07.08-12.03.32:386][  0]LogAssetRegistry: FAssetRegistry took 0.0251 seconds to start up
[2023.07.08-12.03.32:499][  0]LogInit: Selected Device Profile: [Windows]
[2023.07.08-12.03.32:659][  0]LogContentStreaming: Texture pool size is 0.00 MB
[2023.07.08-12.03.33:146][  0]LogSimplygon: Simplygon DLL not present - disabling.
[2023.07.08-12.03.33:206][  0]LogMeshReduction: Using SimplygonSwarm for distributed automatic mesh merging
[2023.07.08-12.03.33:206][  0]LogMeshReduction: Using QuadricMeshReduction for automatic static mesh reduction
[2023.07.08-12.03.33:206][  0]LogMeshReduction: No automatic skeletal mesh reduction module available
[2023.07.08-12.03.33:206][  0]LogMeshReduction: No automatic mesh merging module available
[2023.07.08-12.03.33:206][  0]LogMeshMerging: No automatic mesh merging module available
[2023.07.08-12.03.33:534][  0]LogNetVersion: DrAward , NetCL: 3573198, EngineNetVer: 2, GameNetVer: 0 (Checksum: 550400037)
[2023.07.08-12.03.33:777][  0]LogPackageLocalizationCache: Processed 4 localized package path(s) for 2 prioritized culture(s) in 0.042612 seconds
[2023.07.08-12.03.33:781][  0]LogUObjectArray: 35628 objects as part of root set at end of initial load.
[2023.07.08-12.03.33:781][  0]LogUObjectAllocator: 7494032 out of 0 bytes used by permanent object pool.
[2023.07.08-12.03.33:781][  0]LogUObjectArray: CloseDisregardForGC: 0/0 objects in disregard for GC pool
[2023.07.08-12.03.33:885][  0]LogInit: WinSock: version 1.1 (2.2), MaxSocks=32767, MaxUdp=65467
[2023.07.08-12.03.36:963][  0]LogTcpMessaging: Initializing TcpMessaging bridge
[2023.07.08-12.03.37:027][  0]LogUdpMessaging: Initializing bridge on interface 0.0.0.0:0 to multicast group 230.0.0.1:6666.
[2023.07.08-12.03.37:887][  0]LogMaterial: Uniform references updated for custom material expression Custom.
[2023.07.08-12.03.38:426][  0]SourceControl: ソースコントロールは無効です
[2023.07.08-12.03.38:426][  0]SourceControl: ソースコントロールは無効です
[2023.07.08-12.03.38:495][  0]SourceControl: ソースコントロールは無効です
[2023.07.08-12.03.38:563][  0]SourceControl: ソースコントロールは無効です
[2023.07.08-12.03.39:422][  0]LogAndroidPermission: UAndroidPermissionCallbackProxy::GetInstance
[2023.07.08-12.03.39:780][  0]LogOcInput: OculusInput pre-init called
[2023.07.08-12.03.40:068][  0]LogEngine: Initializing Engine...
[2023.07.08-12.03.40:248][  0]LogStats: UGameplayTagsManager::ConstructGameplayTagTree: Construct from data asset -  0.000 s
[2023.07.08-12.03.40:248][  0]LogStats: UGameplayTagsManager::ConstructGameplayTagTree: GameplayTagTreeChangedEvent.Broadcast -  0.000 s
[2023.07.08-12.03.40:439][  0]LogAIModule: Creating AISystem for world Untitled
[2023.07.08-12.03.40:485][  0]LogInit: XAudio2 using 'スピーカー (2- Logitech G733 Gaming Headset)' : 6 channels at 44.1 kHz using 16 bits per sample (channel mask 0x3f)
[2023.07.08-12.03.40:506][  0]LogInit: FAudioDevice initialized.
[2023.07.08-12.03.40:583][  0]LogDerivedDataCache: Saved boot cache 0.08s 93MB C:/Users/Sumino/AppData/Local/UnrealEngine/4.17/DerivedDataCache/Boot.ddc.
[2023.07.08-12.03.40:593][  0]LogInit: Texture streaming: Enabled
[2023.07.08-12.03.40:776][  0]LogEngineSessionManager: EngineSessionManager initialized
[2023.07.08-12.03.41:114][  0]LogInit: Transaction tracking system initialized
[2023.07.08-12.03.41:590][  0]BlueprintLog: New page: エディタの読み込み
[2023.07.08-12.03.42:931][  0]LocalizationService: ローカライズのサービスが無効になりました
[2023.07.08-12.03.43:932][  0]LogConsoleResponse: Display: 
[2023.07.08-12.03.44:141][  0]LogCook: Display: Max memory allowance for cook 16384mb min free memory 0mb
[2023.07.08-12.03.44:141][  0]LogCook: Display: Mobile HDR setting 1
[2023.07.08-12.03.44:141][  0]LogGameplayTags: Display: UGameplayTagsManager::DoneAddingNativeTags. DelegateIsBound: 0
[2023.07.08-12.03.44:900][  0]LogFileCache: Scanning file cache for directory 'D:/Udemy/DrAward/DrAward/Content/' took 0.01s
[2023.07.08-12.03.45:674][  0]SourceControl: ソースコントロールは無効です
[2023.07.08-12.03.45:674][  0]Cmd: MAP LOAD FILE="D:/Udemy/DrAward/DrAward/Content/Map/Main.umap" TEMPLATE=0 SHOWPROGRESS=1 FEATURELEVEL=3
[2023.07.08-12.03.45:675][  0]LightingResults: New page: ライティングのビルド
[2023.07.08-12.03.45:735][  0]MapCheck: New page: マップをチェック
[2023.07.08-12.03.45:735][  0]LightingResults: New page: <何も選択されていません>
[2023.07.08-12.03.46:045][  0]LogAIModule: Creating AISystem for world Main
[2023.07.08-12.03.46:053][  0]LogEditorServer: Finished looking for orphan Actors (0.000 secs)
[2023.07.08-12.03.46:067][  0]Cmd: MAP CHECKDEP NOCLEARLOG
[2023.07.08-12.03.46:117][  0]MapCheck: マップチェックが完了: 0 エラー、 0 警告、完了に 50.583ミリ秒かかりました。
[2023.07.08-12.03.46:117][  0]LogFileHelpers: Loading map 'Main' took 0.443
[2023.07.08-12.03.46:376][  0]LogCollectionManager: Loaded 0 collections in 0.001697 seconds
[2023.07.08-12.03.46:510][  0]LogFileCache: Scanning file cache for directory 'D:/Udemy/DrAward/DrAward/Saved/Collections/' took 0.01s
[2023.07.08-12.03.46:510][  0]LogFileCache: Scanning file cache for directory 'D:/Udemy/DrAward/DrAward/Content/Developers/Sumino/Collections/' took 0.01s
[2023.07.08-12.03.46:510][  0]LogFileCache: Scanning file cache for directory 'D:/Udemy/DrAward/DrAward/Content/Collections/' took 0.01s
[2023.07.08-12.03.46:510][  0]LogCollectionManager: Rebuilt the GUID cache for 0 collections in 0.000000 seconds
[2023.07.08-12.03.46:520][  0]LogContentBrowser: Native class hierarchy populated in 0.0084 seconds. Added 2383 classes and 495 folders.
[2023.07.08-12.03.46:624][  0]LogContentBrowser: Native class hierarchy updated for 'WidgetCarousel' in 0.0007 seconds. Added 0 classes and 0 folders.
[2023.07.08-12.03.46:951][  0]LogContentBrowser: Native class hierarchy updated for 'AddContentDialog' in 0.0007 seconds. Added 0 classes and 0 folders.
[2023.07.08-12.03.47:020][  0]LogContentBrowser: Native class hierarchy updated for 'SceneOutliner' in 0.0007 seconds. Added 1 classes and 2 folders.
[2023.07.08-12.03.47:095][  0]LogSlate: Took 0.000217 seconds to synchronously load lazily loaded font '../../../Engine/Content/Slate/Fonts/Roboto-Regular.ttf' (155K)
[2023.07.08-12.03.47:097][  0]LogSlate: Took 0.001810 seconds to synchronously load lazily loaded font '../../../Engine/Content/Slate/Fonts/DroidSansFallback.ttf' (3848K)
[2023.07.08-12.03.47:098][  0]LogSlate: Took 0.000157 seconds to synchronously load lazily loaded font '../../../Engine/Content/Slate/Fonts/Roboto-Bold.ttf' (160K)
[2023.07.08-12.03.47:107][  0]LogSlate: Took 0.002930 seconds to synchronously load lazily loaded font '../../../Engine/Content/Editor/Slate/Fonts/FontAwesome.ttf' (139K)
[2023.07.08-12.03.47:242][  0]LogRenderer: Reallocating scene render targets to support 1208x580 Format 10 NumSamples 1 (Frame:1).
[2023.07.08-12.03.47:476][  0]LogContentBrowser: Native class hierarchy updated for 'HierarchicalLODOutliner' in 0.0007 seconds. Added 1 classes and 2 folders.
[2023.07.08-12.03.47:476][  0]LogLoad: (Engine Initialization) Total time: 22.13 seconds
[2023.07.08-12.03.47:476][  0]LogLoad: (Engine Initialization) Total Blueprint compile time: 0.00 seconds
[2023.07.08-12.03.47:476][  0]LogExternalProfiler: No external profilers were discovered.  External profiling features will not be available.
[2023.07.08-12.03.47:840][  0]LogAssetRegistry: Asset discovery search completed in 15.4758 seconds
[2023.07.08-12.03.47:841][  0]LogCollectionManager: Rebuilt the object cache for 0 collections in 0.000001 seconds (found 0 objects)
[2023.07.08-12.03.47:841][  0]LogCollectionManager: Fixed up redirectors for 0 collections in 0.000054 seconds (updated 0 objects)
[2023.07.08-12.03.47:845][  0]LogContentStreaming: Texture pool size now 1000 MB
[2023.07.08-12.03.47:929][  0]LogSlate: Took 0.003528 seconds to synchronously load lazily loaded font '../../../Engine/Content/Slate/Fonts/Roboto-Light.ttf' (159K)
[2023.07.08-12.03.48:819][  3]LogSlate: Took 0.000265 seconds to synchronously load lazily loaded font '../../../Engine/Content/Slate/Fonts/Roboto-Light.ttf' (159K)
[2023.07.08-12.04.48:473][580]LogSlate: Took 0.000135 seconds to synchronously load lazily loaded font '../../../Engine/Content/Slate/Fonts/Roboto-Light.ttf' (159K)
[2023.07.08-12.04.48:495][580]LogFactory: FactoryCreateFile: Texture with ReimportTextureFactory (0 0 D:/Udemy/DrAward/DrAward_Pack/sozai/Texture/award/award_bc.png)
[2023.07.08-12.04.48:529][580]LogTexture: Display: Building textures: award_bc (AutoDXT, 1024X1024)
[2023.07.08-12.04.48:684][580]LogFactory: FactoryCreateFile: Texture with ReimportTextureFactory (0 0 D:/Udemy/DrAward/DrAward_Pack/sozai/Texture/award/award_n.png)
[2023.07.08-12.04.48:725][580]LogTexture: Display: Building textures: award_n (BC5, 1024X1024)
[2023.07.08-12.04.48:802][580]LogFactory: FactoryCreateFile: Texture with ReimportTextureFactory (0 0 D:/Udemy/DrAward/DrAward_Pack/sozai/Texture/award/award_orm.png)
[2023.07.08-12.04.48:834][580]LogTexture: Display: Building textures: award_orm (AutoDXT, 1024X1024)
[2023.07.08-12.04.54:729][780]LogContentBrowser: Native class hierarchy updated for 'TextureEditor' in 0.0011 seconds. Added 1 classes and 2 folders.
[2023.07.08-12.04.56:424][964]LogTexture: Display: Building textures: award_orm (AutoDXT, 1024X1024)
[2023.07.08-12.05.04:562][711]Cmd: OBJ SAVEPACKAGE PACKAGE="/Game/Texture/award_orm" FILE="D:/Udemy/DrAward/DrAward/Content/Texture/award_orm.uasset" SILENT=true
[2023.07.08-12.05.04:663][711]LogSavePackage: Save=99.41ms
[2023.07.08-12.05.04:664][711]LogSavePackage: Moving 'D:/Udemy/DrAward/DrAward/Saved/award_orm9C172ABF45DE40D3B63A5C8C6FEE4C26.tmp' to 'D:/Udemy/DrAward/DrAward/Content/Texture/award_orm.uasset'
[2023.07.08-12.05.04:666][711]LogSavePackage: Display: Finished SavePackage D:/Udemy/DrAward/DrAward/Content/Texture/award_orm.uasset
[2023.07.08-12.05.04:675][711]Cmd: OBJ SAVEPACKAGE PACKAGE="/Game/Texture/award_n" FILE="D:/Udemy/DrAward/DrAward/Content/Texture/award_n.uasset" SILENT=true
[2023.07.08-12.05.04:772][711]LogSavePackage: Save=95.97ms
[2023.07.08-12.05.04:772][711]LogSavePackage: Moving 'D:/Udemy/DrAward/DrAward/Saved/award_n5F37870944435478A3BF32BE6CF439C5.tmp' to 'D:/Udemy/DrAward/DrAward/Content/Texture/award_n.uasset'
[2023.07.08-12.05.04:774][711]LogSavePackage: Display: Finished SavePackage D:/Udemy/DrAward/DrAward/Content/Texture/award_n.uasset
[2023.07.08-12.05.04:784][711]Cmd: OBJ SAVEPACKAGE PACKAGE="/Game/Texture/award_bc" FILE="D:/Udemy/DrAward/DrAward/Content/Texture/award_bc.uasset" SILENT=true
[2023.07.08-12.05.04:875][711]LogSavePackage: Save=79.16ms
[2023.07.08-12.05.04:875][711]LogSavePackage: Moving 'D:/Udemy/DrAward/DrAward/Saved/award_bc1C5620EC418BD6DD0B42C7A297AA34EC.tmp' to 'D:/Udemy/DrAward/DrAward/Content/Texture/award_bc.uasset'
[2023.07.08-12.05.04:877][711]LogSavePackage: Display: Finished SavePackage D:/Udemy/DrAward/DrAward/Content/Texture/award_bc.uasset
[2023.07.08-12.05.24:863][601]LogContentBrowser: Native class hierarchy updated for 'MaterialEditor' in 0.0008 seconds. Added 1 classes and 0 folders.
[2023.07.08-12.05.24:867][601]LogMaterial: Missing cached shader map for material M_Award, compiling. 
[2023.07.08-12.05.24:978][601]LogMaterial: Missing cached shader map for material M_Award, compiling. 
[2023.07.08-12.05.24:991][601]LogMaterial: Missing cached shader map for material M_Award, compiling. 
[2023.07.08-12.05.25:039][601]LogSlate: Took 0.003407 seconds to synchronously load lazily loaded font '../../../Engine/Content/Editor/Slate/Fonts/Roboto-BoldCondensed.ttf' (158K)
[2023.07.08-12.05.26:222][715]MaterialEditorStats: Base pass shader: 78 instructions
[2023.07.08-12.05.26:222][715]MaterialEditorStats: Vertex shader: 29 instructions
[2023.07.08-12.05.26:222][715]MaterialEditorStats: Texture samplers: 1/16
[2023.07.08-12.05.33:603][565]LogMaterial: Missing cached shader map for material M_Award, compiling. 
[2023.07.08-12.05.33:612][565]LogMaterial: Missing cached shader map for material FMatExpressionPreview MaterialExpressionTextureSample_0, compiling. 
[2023.07.08-12.05.33:642][565]LogMaterial: Missing cached shader map for material FMatExpressionPreview MaterialExpressionTextureSample_0, compiling. 
[2023.07.08-12.05.33:660][565]LogMaterial: Missing cached shader map for material M_Award, compiling. 
[2023.07.08-12.05.33:674][565]LogMaterial: Missing cached shader map for material FMatExpressionPreview MaterialExpressionTextureSample_1, compiling. 
[2023.07.08-12.05.33:713][565]LogMaterial: Missing cached shader map for material FMatExpressionPreview MaterialExpressionTextureSample_0, compiling. 
[2023.07.08-12.05.33:720][565]LogMaterial: Missing cached shader map for material FMatExpressionPreview MaterialExpressionTextureSample_1, compiling. 
[2023.07.08-12.05.33:741][565]LogMaterial: Missing cached shader map for material M_Award, compiling. 
[2023.07.08-12.05.33:756][565]LogMaterial: Missing cached shader map for material FMatExpressionPreview MaterialExpressionTextureSample_2, compiling. 
[2023.07.08-12.05.33:789][565]LogMaterial: Missing cached shader map for material FMatExpressionPreview MaterialExpressionTextureSample_0, compiling. 
[2023.07.08-12.05.33:794][565]LogMaterial: Missing cached shader map for material FMatExpressionPreview MaterialExpressionTextureSample_1, compiling. 
[2023.07.08-12.05.33:799][565]LogMaterial: Missing cached shader map for material FMatExpressionPreview MaterialExpressionTextureSample_2, compiling. 
[2023.07.08-12.05.34:432][606]MaterialEditorStats: Base pass shader: 78 instructions
[2023.07.08-12.05.34:432][606]MaterialEditorStats: Vertex shader: 29 instructions
[2023.07.08-12.05.34:432][606]MaterialEditorStats: Texture samplers: 1/16
[2023.07.08-12.05.39:863][187]LogEditorViewport: Clicking on Actor (LMB): BP_Sky_Sphere_C (Sky Sphere)
[2023.07.08-12.05.39:913][187]LogEditorViewport: Clicking on Component (LMB): StaticMeshComponent (Sky Sphere mesh)
[2023.07.08-12.05.46:742][984]LogMaterial: Missing cached shader map for material M_Award, compiling. 
[2023.07.08-12.05.46:757][984]LogMaterial: Missing cached shader map for material FMatExpressionPreview MaterialExpressionTextureSample_0, compiling. 
[2023.07.08-12.05.47:408][ 46]MaterialEditorStats: Base pass shader: 81 instructions
[2023.07.08-12.05.47:408][ 46]MaterialEditorStats: Vertex shader: 31 instructions
[2023.07.08-12.05.47:408][ 46]MaterialEditorStats: Texture samplers: 2/16
[2023.07.08-12.05.47:408][ 46]MaterialEditorStats: User interpolators: 2/4 Scalars (1/4 Vectors) (TexCoords: 2, Custom: 0)
[2023.07.08-12.05.49:931][348]LogMaterial: Missing cached shader map for material M_Award, compiling. 
[2023.07.08-12.05.49:943][348]LogMaterial: Missing cached shader map for material FMatExpressionPreview MaterialExpressionTextureSample_1, compiling. 
[2023.07.08-12.05.50:538][411]MaterialEditorStats: Base pass shader: 87 instructions
[2023.07.08-12.05.50:538][411]MaterialEditorStats: Vertex shader: 31 instructions
[2023.07.08-12.05.50:538][411]MaterialEditorStats: Texture samplers: 3/16
[2023.07.08-12.05.50:538][411]MaterialEditorStats: User interpolators: 2/4 Scalars (1/4 Vectors) (TexCoords: 2, Custom: 0)
[2023.07.08-12.05.58:929][214]LogMaterial: Missing cached shader map for material M_Award, compiling. 
[2023.07.08-12.05.58:941][214]LogMaterial: Missing cached shader map for material FMatExpressionPreview MaterialExpressionTextureSample_2, compiling. 
[2023.07.08-12.05.59:503][271]MaterialEditorStats: Base pass shader: 87 instructions
[2023.07.08-12.05.59:503][271]MaterialEditorStats: Vertex shader: 31 instructions
[2023.07.08-12.05.59:503][271]MaterialEditorStats: Texture samplers: 4/16
[2023.07.08-12.05.59:503][271]MaterialEditorStats: User interpolators: 2/4 Scalars (1/4 Vectors) (TexCoords: 2, Custom: 0)
[2023.07.08-12.06.05:221][956]LogMaterial: Missing cached shader map for material M_Award, compiling. 
[2023.07.08-12.06.05:232][956]LogMaterial: Missing cached shader map for material FMatExpressionPreview MaterialExpressionTextureSample_2, compiling. 
[2023.07.08-12.06.05:805][ 13]MaterialEditorStats: Base pass shader: 89 instructions
[2023.07.08-12.06.05:805][ 13]MaterialEditorStats: Vertex shader: 31 instructions
[2023.07.08-12.06.05:805][ 13]MaterialEditorStats: Texture samplers: 4/16
[2023.07.08-12.06.05:805][ 13]MaterialEditorStats: User interpolators: 2/4 Scalars (1/4 Vectors) (TexCoords: 2, Custom: 0)
[2023.07.08-12.06.08:120][290]LogMaterial: Missing cached shader map for material M_Award, compiling. 
[2023.07.08-12.06.08:132][290]LogMaterial: Missing cached shader map for material FMatExpressionPreview MaterialExpressionTextureSample_2, compiling. 
[2023.07.08-12.06.09:418][357]MaterialEditorStats: Base pass shader: 94 instructions
[2023.07.08-12.06.09:418][357]MaterialEditorStats: Vertex shader: 31 instructions
[2023.07.08-12.06.09:418][357]MaterialEditorStats: Texture samplers: 4/16
[2023.07.08-12.06.09:418][357]MaterialEditorStats: User interpolators: 2/4 Scalars (1/4 Vectors) (TexCoords: 2, Custom: 0)
[2023.07.08-12.07.02:775][217]LogContentBrowser: Native class hierarchy updated for 'SkeletonEditor' in 0.0011 seconds. Added 1 classes and 2 folders.
[2023.07.08-12.07.02:947][217]LogActorComponent: RegisterComponentWithWorld: (/Engine/Transient.World_3:PersistentLevel.Actor_0.DebugSkelMeshComponent_0) Already registered. Aborting.
[2023.07.08-12.07.03:012][217]LogSkeletalMesh: USkeletalMeshComponent::InitArticulated : Bodies already created (/Engine/Transient.World_3:PersistentLevel.Actor_0.DebugSkelMeshComponent_0) - call TermArticulated first.
[2023.07.08-12.07.04:284][217]LogSlate: Took 0.003804 seconds to synchronously load lazily loaded font '../../../Engine/Content/Editor/Slate/Fonts/Roboto-Italic.ttf' (157K)
[2023.07.08-12.07.04:358][217]LogContentBrowser: Native class hierarchy updated for 'ClothingSystemEditorInterface' in 0.0007 seconds. Added 1 classes and 0 folders.
[2023.07.08-12.07.04:363][218]LogRenderer: Reallocating scene render targets to support 1208x896 Format 10 NumSamples 1 (Frame:1).
[2023.07.08-12.07.06:932][504]LogMaterial: Warning: Material /Game/Material/M_Award.M_Award needed to have new flag set bUsedWithSkeletalMesh !
[2023.07.08-12.07.06:933][504]LogMaterial: Warning: Material /Engine/Transient.M_Award needed to have new flag set bUsedWithSkeletalMesh !
[2023.07.08-12.07.06:935][504]LogMaterial: Missing cached shader map for material M_Award, compiling. 
[2023.07.08-12.07.06:957][504]LogMaterial: Missing cached shader map for material M_Award, compiling. 
[2023.07.08-12.07.09:201][746]MaterialEditorStats: Base pass shader: 94 instructions
[2023.07.08-12.07.09:201][746]MaterialEditorStats: Vertex shader: 31 instructions
[2023.07.08-12.07.09:201][746]MaterialEditorStats: Texture samplers: 4/16
[2023.07.08-12.07.09:201][746]MaterialEditorStats: User interpolators: 2/4 Scalars (1/4 Vectors) (TexCoords: 2, Custom: 0)
[2023.07.08-12.07.10:911][941]LogMaterialEditor: Applying material M_Award
[2023.07.08-12.07.11:527][941]LogMaterial: Missing cached shader map for material M_Award, compiling. 
[2023.07.08-12.07.11:581][941]LogMaterial: Missing cached shader map for material M_Award, compiling. 
[2023.07.08-12.07.11:634][941]LogMaterial: Missing cached shader map for material M_Award, compiling. 
[2023.07.08-12.07.11:709][941]LogMaterial: Missing cached shader map for material FDebugViewModeMaterialProxy M_Award, compiling. 
[2023.07.08-12.07.12:982][941]TextureStreamingBuild: Display: Compiling optional shaders took 1.282 seconds.
[2023.07.08-12.07.15:455][214]MaterialEditorStats: Base pass shader: 94 instructions
[2023.07.08-12.07.15:455][214]MaterialEditorStats: Vertex shader: 31 instructions
[2023.07.08-12.07.15:455][214]MaterialEditorStats: Texture samplers: 5/16
[2023.07.08-12.07.15:455][214]MaterialEditorStats: User interpolators: 2/4 Scalars (1/4 Vectors) (TexCoords: 2, Custom: 0)
[2023.07.08-12.08.51:620][690]LogMaterial: Missing cached shader map for material M_Brick, compiling. 
[2023.07.08-12.08.51:678][690]LogMaterial: Missing cached shader map for material M_Brick, compiling. 
[2023.07.08-12.08.51:689][690]LogMaterial: Missing cached shader map for material M_Brick, compiling. 
[2023.07.08-12.08.51:728][690]LogMaterial: Missing cached shader map for material FMatExpressionPreview MaterialExpressionTextureSample_0, compiling. 
[2023.07.08-12.08.51:733][690]LogMaterial: Missing cached shader map for material FMatExpressionPreview MaterialExpressionTextureSample_2, compiling. 
[2023.07.08-12.08.51:739][690]LogMaterial: Missing cached shader map for material FMatExpressionPreview MaterialExpressionTextureSample_1, compiling. 
[2023.07.08-12.08.52:729][776]MaterialEditorStats: Base pass shader: 94 instructions
[2023.07.08-12.08.52:729][776]MaterialEditorStats: Vertex shader: 31 instructions
[2023.07.08-12.08.52:729][776]MaterialEditorStats: Texture samplers: 6/16
[2023.07.08-12.08.52:729][776]MaterialEditorStats: User interpolators: 2/4 Scalars (1/4 Vectors) (TexCoords: 2, Custom: 0)
[2023.07.08-12.09.15:698][501]Cmd: OBJ SAVEPACKAGE PACKAGE="/Game/Material/M_Master" FILE="D:/Udemy/DrAward/DrAward/Content/Material/M_Master.uasset" SILENT=true
[2023.07.08-12.09.15:716][501]LogSavePackage: Save=16.34ms
[2023.07.08-12.09.15:716][501]LogSavePackage: Moving 'D:/Udemy/DrAward/DrAward/Saved/M_MasterEDDB32CF4043B4964AA5468D22D2D262.tmp' to 'D:/Udemy/DrAward/DrAward/Content/Material/M_Master.uasset'
[2023.07.08-12.09.15:719][501]LogSavePackage: Display: Finished SavePackage D:/Udemy/DrAward/DrAward/Content/Material/M_Master.uasset
[2023.07.08-12.09.15:849][501]Cmd: OBJ SAVEPACKAGE PACKAGE="/Game/Mesh/plane" FILE="D:/Udemy/DrAward/DrAward/Content/Mesh/plane.uasset" SILENT=true
[2023.07.08-12.09.15:884][501]LogSavePackage: Save=9.12ms
[2023.07.08-12.09.15:884][501]LogSavePackage: Moving 'D:/Udemy/DrAward/DrAward/Saved/planeABDF5C0E4ED1421AC1203986BA53E2CB.tmp' to 'D:/Udemy/DrAward/DrAward/Content/Mesh/plane.uasset'
[2023.07.08-12.09.15:885][501]LogSavePackage: Display: Finished SavePackage D:/Udemy/DrAward/DrAward/Content/Mesh/plane.uasset
[2023.07.08-12.09.15:895][501]Cmd: OBJ SAVEPACKAGE PACKAGE="/Game/Mesh/wall_box" FILE="D:/Udemy/DrAward/DrAward/Content/Mesh/wall_box.uasset" SILENT=true
[2023.07.08-12.09.15:907][501]LogSavePackage: Save=9.09ms
[2023.07.08-12.09.15:907][501]LogSavePackage: Moving 'D:/Udemy/DrAward/DrAward/Saved/wall_box54028CD7460BB50AA865E78743DD9F3C.tmp' to 'D:/Udemy/DrAward/DrAward/Content/Mesh/wall_box.uasset'
[2023.07.08-12.09.15:908][501]LogSavePackage: Display: Finished SavePackage D:/Udemy/DrAward/DrAward/Content/Mesh/wall_box.uasset
[2023.07.08-12.09.31:295][573]LogMaterial: Missing cached shader map for material M_Master, compiling. 
[2023.07.08-12.09.31:353][573]LogMaterial: Missing cached shader map for material M_Master, compiling. 
[2023.07.08-12.09.31:364][573]LogMaterial: Missing cached shader map for material M_Master, compiling. 
[2023.07.08-12.09.31:398][573]LogMaterial: Missing cached shader map for material FMatExpressionPreview MaterialExpressionTextureSample_0, compiling. 
[2023.07.08-12.09.31:403][573]LogMaterial: Missing cached shader map for material FMatExpressionPreview MaterialExpressionTextureSample_2, compiling. 
[2023.07.08-12.09.31:409][573]LogMaterial: Missing cached shader map for material FMatExpressionPreview MaterialExpressionTextureSample_1, compiling. 
[2023.07.08-12.09.32:396][672]MaterialEditorStats: Base pass shader: 94 instructions
[2023.07.08-12.09.32:396][672]MaterialEditorStats: Vertex shader: 31 instructions
[2023.07.08-12.09.32:396][672]MaterialEditorStats: Texture samplers: 6/16
[2023.07.08-12.09.32:396][672]MaterialEditorStats: User interpolators: 2/4 Scalars (1/4 Vectors) (TexCoords: 2, Custom: 0)
[2023.07.08-12.09.57:345][368]LogMaterial: Missing cached shader map for material M_Master, compiling. 
[2023.07.08-12.09.57:354][368]LogMaterial: Missing cached shader map for material FMatExpressionPreview MaterialExpressionTextureSampleParameter2D_0, compiling. 
[2023.07.08-12.09.57:365][368]LogMaterial: Missing cached shader map for material FMatExpressionPreview MaterialExpressionTextureSampleParameter2D_0, compiling. 
[2023.07.08-12.09.57:392][368]LogMaterial: Missing cached shader map for material M_Master, compiling. 
[2023.07.08-12.09.57:409][368]LogMaterial: Missing cached shader map for material FMatExpressionPreview MaterialExpressionTextureSampleParameter2D_1, compiling. 
[2023.07.08-12.09.57:417][368]LogMaterial: Missing cached shader map for material FMatExpressionPreview MaterialExpressionTextureSampleParameter2D_1, compiling. 
[2023.07.08-12.09.57:446][368]LogMaterial: Missing cached shader map for material M_Master, compiling. 
[2023.07.08-12.09.57:457][368]LogMaterial: Missing cached shader map for material FMatExpressionPreview MaterialExpressionTextureSampleParameter2D_2, compiling. 
[2023.07.08-12.09.57:462][368]LogMaterial: Missing cached shader map for material FMatExpressionPreview MaterialExpressionTextureSampleParameter2D_2, compiling. 
[2023.07.08-12.09.57:495][368]LogMaterial: Missing cached shader map for material M_Master, compiling. 
[2023.07.08-12.09.57:580][368]LogMaterial: Missing cached shader map for material FMatExpressionPreview MaterialExpressionTextureSampleParameter2D_0, compiling. 
[2023.07.08-12.09.57:586][368]LogMaterial: Missing cached shader map for material FMatExpressionPreview MaterialExpressionTextureSampleParameter2D_1, compiling. 
[2023.07.08-12.09.57:590][368]LogMaterial: Missing cached shader map for material FMatExpressionPreview MaterialExpressionTextureSampleParameter2D_2, compiling. 
[2023.07.08-12.09.58:547][471]MaterialEditorStats: Base pass shader: 94 instructions
[2023.07.08-12.09.58:547][471]MaterialEditorStats: Vertex shader: 31 instructions
[2023.07.08-12.09.58:547][471]MaterialEditorStats: Texture samplers: 6/16
[2023.07.08-12.09.58:547][471]MaterialEditorStats: User interpolators: 2/4 Scalars (1/4 Vectors) (TexCoords: 2, Custom: 0)
[2023.07.08-12.10.24:395][570]LogMaterial: Missing cached shader map for material M_Master, compiling. 
[2023.07.08-12.10.24:408][570]LogMaterial: Missing cached shader map for material FMatExpressionPreview MaterialExpressionTextureSampleParameter2D_0, compiling. 
[2023.07.08-12.10.25:428][680]MaterialEditorStats: Base pass shader: 94 instructions
[2023.07.08-12.10.25:428][680]MaterialEditorStats: Vertex shader: 31 instructions
[2023.07.08-12.10.25:428][680]MaterialEditorStats: Texture samplers: 6/16
[2023.07.08-12.10.25:428][680]MaterialEditorStats: User interpolators: 2/4 Scalars (1/4 Vectors) (TexCoords: 2, Custom: 0)
[2023.07.08-12.10.32:617][538]LogMaterial: Missing cached shader map for material M_Master, compiling. 
[2023.07.08-12.10.32:633][538]LogMaterial: Missing cached shader map for material FMatExpressionPreview MaterialExpressionTextureSampleParameter2D_2, compiling. 
[2023.07.08-12.10.33:221][595]MaterialEditorStats: Base pass shader: 94 instructions
[2023.07.08-12.10.33:221][595]MaterialEditorStats: Vertex shader: 31 instructions
[2023.07.08-12.10.33:221][595]MaterialEditorStats: Texture samplers: 6/16
[2023.07.08-12.10.33:221][595]MaterialEditorStats: User interpolators: 2/4 Scalars (1/4 Vectors) (TexCoords: 2, Custom: 0)
[2023.07.08-12.10.38:756][259]LogMaterial: Missing cached shader map for material M_Master, compiling. 
[2023.07.08-12.10.38:773][259]LogMaterial: Missing cached shader map for material FMatExpressionPreview MaterialExpressionTextureSampleParameter2D_1, compiling. 
[2023.07.08-12.10.39:347][317]MaterialEditorStats: Base pass shader: 94 instructions
[2023.07.08-12.10.39:347][317]MaterialEditorStats: Vertex shader: 31 instructions
[2023.07.08-12.10.39:347][317]MaterialEditorStats: Texture samplers: 6/16
[2023.07.08-12.10.39:347][317]MaterialEditorStats: User interpolators: 2/4 Scalars (1/4 Vectors) (TexCoords: 2, Custom: 0)
[2023.07.08-12.10.47:191][229]LogEditorViewport: Clicking on Actor (LMB): StaticMeshActor (wall_box)
[2023.07.08-12.11.09:276][153]LogMaterialEditor: Applying material M_Master
[2023.07.08-12.11.09:727][153]LogMaterial: Missing cached shader map for material M_Master, compiling. 
[2023.07.08-12.11.09:765][153]LogMaterial: Missing cached shader map for material M_Master, compiling. 
[2023.07.08-12.11.09:800][153]LogMaterial: Missing cached shader map for material M_Master, compiling. 
[2023.07.08-12.11.09:850][153]LogMaterial: Missing cached shader map for material FDebugViewModeMaterialProxy M_Master, compiling. 
[2023.07.08-12.11.10:735][153]TextureStreamingBuild: Display: Compiling optional shaders took 0.894 seconds.
[2023.07.08-12.11.12:575][357]MaterialEditorStats: Base pass shader: 94 instructions
[2023.07.08-12.11.12:575][357]MaterialEditorStats: Vertex shader: 31 instructions
[2023.07.08-12.11.12:575][357]MaterialEditorStats: Texture samplers: 6/16
[2023.07.08-12.11.12:575][357]MaterialEditorStats: User interpolators: 2/4 Scalars (1/4 Vectors) (TexCoords: 2, Custom: 0)
[2023.07.08-12.11.13:582][478]Cmd: DELETE
[2023.07.08-12.11.13:582][478]Cmd: ACTOR DELETE
[2023.07.08-12.11.13:594][478]LogEditorActor: Deleted Actor: StaticMeshActor
[2023.07.08-12.11.13:607][478]LogEditorActor: Deleted 1 Actors (0.015 secs)
[2023.07.08-12.12.09:945][629]Cmd: OBJ SAVEPACKAGE PACKAGE="/Game/Material/MI_Award" FILE="D:/Udemy/DrAward/DrAward/Content/Material/MI_Award.uasset" SILENT=true
[2023.07.08-12.12.09:956][629]LogSavePackage: Save=9.79ms
[2023.07.08-12.12.09:956][629]LogSavePackage: Moving 'D:/Udemy/DrAward/DrAward/Saved/MI_AwardE83EA4D04327E2A887C35E8866DFB189.tmp' to 'D:/Udemy/DrAward/DrAward/Content/Material/MI_Award.uasset'
[2023.07.08-12.12.09:958][629]LogSavePackage: Display: Finished SavePackage D:/Udemy/DrAward/DrAward/Content/Material/MI_Award.uasset
[2023.07.08-12.12.21:823][ 36]LogActorComponent: RegisterComponentWithWorld: (/Engine/Transient.World_7:PersistentLevel.Actor_1.DebugSkelMeshComponent_1) Already registered. Aborting.
[2023.07.08-12.12.21:844][ 36]LogSkeletalMesh: USkeletalMeshComponent::InitArticulated : Bodies already created (/Engine/Transient.World_7:PersistentLevel.Actor_1.DebugSkelMeshComponent_1) - call TermArticulated first.
[2023.07.08-12.12.25:338][323]LogMaterial: Warning: Material /Game/Material/M_Master.M_Master needed to have new flag set bUsedWithSkeletalMesh !
[2023.07.08-12.12.25:338][323]LogMaterial: Warning: Material /Engine/Transient.M_Master needed to have new flag set bUsedWithSkeletalMesh !
[2023.07.08-12.12.25:346][323]LogMaterial: Missing cached shader map for material M_Master, compiling. 
[2023.07.08-12.12.25:368][323]LogMaterial: Missing cached shader map for material M_Master, compiling. 
[2023.07.08-12.12.30:218][780]MaterialEditorStats: Base pass shader: 94 instructions
[2023.07.08-12.12.30:218][780]MaterialEditorStats: Vertex shader: 31 instructions
[2023.07.08-12.12.30:218][780]MaterialEditorStats: Texture samplers: 6/16
[2023.07.08-12.12.30:218][780]MaterialEditorStats: User interpolators: 2/4 Scalars (1/4 Vectors) (TexCoords: 2, Custom: 0)
[2023.07.08-12.12.30:847][843]LogRenderer: Reallocating scene render targets to support 1392x932 Format 10 NumSamples 1 (Frame:1).
[2023.07.08-12.13.48:155][988]LogEditorViewport: Clicking on Actor (LMB): StaticMeshActor (plane33)
[2023.07.08-12.13.48:680][ 29]LogEditorViewport: Clicking on Actor (LMB): StaticMeshActor (wall_box2)
[2023.07.08-12.13.56:866][864]Cmd: TRANSACTION UNDO
[2023.07.08-12.13.56:866][864]LogEditorTransaction: Undo アクタをクリック
[2023.07.08-12.13.58:767][864]LogActorComponent: RegisterComponentWithWorld: (/Engine/Transient.World_7:PersistentLevel.Actor_1.DebugSkelMeshComponent_1) Already registered. Aborting.
[2023.07.08-12.13.58:771][864]LogMaterial: Missing cached shader map for material M_Master, compiling. 
[2023.07.08-12.13.58:802][864]Cmd: TRANSACTION UNDO
[2023.07.08-12.13.58:803][864]LogEditorTransaction: Undo アクタをクリック
[2023.07.08-12.14.02:556][864]LogActorComponent: RegisterComponentWithWorld: (/Engine/Transient.World_7:PersistentLevel.Actor_1.DebugSkelMeshComponent_1) Already registered. Aborting.
[2023.07.08-12.14.02:559][864]LogMaterial: Missing cached shader map for material M_Master, compiling. 
[2023.07.08-12.14.02:580][864]Cmd: TRANSACTION UNDO
[2023.07.08-12.14.02:580][864]LogEditorTransaction: Undo T_ORM を編集
[2023.07.08-12.14.08:286][864]LogActorComponent: RegisterComponentWithWorld: (/Engine/Transient.World_7:PersistentLevel.Actor_1.DebugSkelMeshComponent_1) Already registered. Aborting.
[2023.07.08-12.14.08:294][864]LogMaterial: Missing cached shader map for material M_Master, compiling. 
[2023.07.08-12.14.09:927][996]MaterialEditorStats: Base pass shader: 94 instructions
[2023.07.08-12.14.09:927][996]MaterialEditorStats: Vertex shader: 31 instructions
[2023.07.08-12.14.09:927][996]MaterialEditorStats: Texture samplers: 6/16
[2023.07.08-12.14.09:927][996]MaterialEditorStats: User interpolators: 2/4 Scalars (1/4 Vectors) (TexCoords: 2, Custom: 0)
[2023.07.08-12.14.11:635][117]Cmd: OBJ SAVEPACKAGE PACKAGE="/Game/Map/Main" FILE="D:/Udemy/DrAward/DrAward/Saved/Autosaves/Game/Map/Main_Auto1.umap" SILENT=true AUTOSAVING=true KEEPDIRTY=false
[2023.07.08-12.14.11:775][117]LogSavePackage: Save=95.78ms
[2023.07.08-12.14.11:776][117]LogSavePackage: Moving 'D:/Udemy/DrAward/DrAward/Saved/Main_Auto109F948D3496B173FC3AC42983597FB1E.tmp' to 'D:/Udemy/DrAward/DrAward/Saved/Autosaves/Game/Map/Main_Auto1.umap'
[2023.07.08-12.14.11:777][117]LogSavePackage: Display: Finished SavePackage D:/Udemy/DrAward/DrAward/Saved/Autosaves/Game/Map/Main_Auto1.umap
[2023.07.08-12.14.11:786][117]LogFileHelpers: Editor autosave (incl. sublevels) for '/Game/Map/Main' took 0.169
[2023.07.08-12.14.11:787][117]LogFileHelpers: Editor autosave (incl. sublevels) for all levels took 0.169
[2023.07.08-12.14.11:789][117]OBJ SavePackage: Generating thumbnails for [1] asset(s) in package [/Game/Material/MI_Award] ([1] browsable assets)...
[2023.07.08-12.14.11:797][117]OBJ SavePackage:     Rendered thumbnail for [MaterialInstanceConstant /Game/Material/MI_Award.MI_Award]
[2023.07.08-12.14.11:797][117]OBJ SavePackage: Finished generating thumbnails for package [/Game/Material/MI_Award]
[2023.07.08-12.14.11:797][117]Cmd: OBJ SAVEPACKAGE PACKAGE="/Game/Material/MI_Award" FILE="D:/Udemy/DrAward/DrAward/Saved/Autosaves/Game/Material/MI_Award_Auto1.uasset" SILENT=false AUTOSAVING=true
[2023.07.08-12.14.11:812][117]LogMaterial: Missing cached shader map for material FDebugViewModeMaterialProxy MI_Award, compiling. 
[2023.07.08-12.14.11:968][117]TextureStreamingBuild: Display: Compiling optional shaders took 0.159 seconds.
[2023.07.08-12.14.12:001][117]LogSavePackage: Save=8.46ms
[2023.07.08-12.14.12:001][117]LogSavePackage: Moving 'D:/Udemy/DrAward/DrAward/Saved/MI_Award_Auto11AC99D8F4278FD6ABFC1D5815A4636CA.tmp' to 'D:/Udemy/DrAward/DrAward/Saved/Autosaves/Game/Material/MI_Award_Auto1.uasset'
[2023.07.08-12.14.12:002][117]LogSavePackage: Display: Finished SavePackage D:/Udemy/DrAward/DrAward/Saved/Autosaves/Game/Material/MI_Award_Auto1.uasset
[2023.07.08-12.14.12:003][117]OBJ SavePackage: Generating thumbnails for [1] asset(s) in package [/Game/Mesh/award] ([1] browsable assets)...
[2023.07.08-12.14.12:011][117]OBJ SavePackage:     Rendered thumbnail for [SkeletalMesh /Game/Mesh/award.award]
[2023.07.08-12.14.12:011][117]OBJ SavePackage: Finished generating thumbnails for package [/Game/Mesh/award]
[2023.07.08-12.14.12:011][117]Cmd: OBJ SAVEPACKAGE PACKAGE="/Game/Mesh/award" FILE="D:/Udemy/DrAward/DrAward/Saved/Autosaves/Game/Mesh/award_Auto1.uasset" SILENT=false AUTOSAVING=true
[2023.07.08-12.14.12:025][117]LogSavePackage: Save=11.64ms
[2023.07.08-12.14.12:025][117]LogSavePackage: Moving 'D:/Udemy/DrAward/DrAward/Saved/award_Auto1579C9DE944E29C6559C4808C7C97447A.tmp' to 'D:/Udemy/DrAward/DrAward/Saved/Autosaves/Game/Mesh/award_Auto1.uasset'
[2023.07.08-12.14.12:026][117]LogSavePackage: Display: Finished SavePackage D:/Udemy/DrAward/DrAward/Saved/Autosaves/Game/Mesh/award_Auto1.uasset
[2023.07.08-12.14.12:027][117]OBJ SavePackage: Generating thumbnails for [1] asset(s) in package [/Game/Material/M_Master] ([1] browsable assets)...
[2023.07.08-12.14.12:034][117]OBJ SavePackage:     Rendered thumbnail for [Material /Game/Material/M_Master.M_Master]
[2023.07.08-12.14.12:034][117]OBJ SavePackage: Finished generating thumbnails for package [/Game/Material/M_Master]
[2023.07.08-12.14.12:034][117]Cmd: OBJ SAVEPACKAGE PACKAGE="/Game/Material/M_Master" FILE="D:/Udemy/DrAward/DrAward/Saved/Autosaves/Game/Material/M_Master_Auto1.uasset" SILENT=false AUTOSAVING=true
[2023.07.08-12.14.12:049][117]LogSavePackage: Save=11.56ms
[2023.07.08-12.14.12:049][117]LogSavePackage: Moving 'D:/Udemy/DrAward/DrAward/Saved/M_Master_Auto1162135A24F27370DB8B17D9E69F2AF50.tmp' to 'D:/Udemy/DrAward/DrAward/Saved/Autosaves/Game/Material/M_Master_Auto1.uasset'
[2023.07.08-12.14.12:050][117]LogSavePackage: Display: Finished SavePackage D:/Udemy/DrAward/DrAward/Saved/Autosaves/Game/Material/M_Master_Auto1.uasset
[2023.07.08-12.14.12:050][117]LogFileHelpers: Auto-saving content packages took 0.262
[2023.07.08-12.14.12:974][228]Cmd: TRANSACTION UNDO
[2023.07.08-12.14.12:975][228]LogEditorTransaction: Undo T_N を編集
[2023.07.08-12.14.20:391][228]LogActorComponent: RegisterComponentWithWorld: (/Engine/Transient.World_7:PersistentLevel.Actor_1.DebugSkelMeshComponent_1) Already registered. Aborting.
[2023.07.08-12.14.20:394][228]LogMaterial: Missing cached shader map for material M_Master, compiling. 
[2023.07.08-12.14.20:422][228]Cmd: TRANSACTION UNDO
[2023.07.08-12.14.20:423][228]LogEditorTransaction: Undo T_BC を編集
[2023.07.08-12.14.31:129][228]LogActorComponent: RegisterComponentWithWorld: (/Engine/Transient.World_7:PersistentLevel.Actor_1.DebugSkelMeshComponent_1) Already registered. Aborting.
[2023.07.08-12.14.31:132][228]LogMaterial: Missing cached shader map for material M_Master, compiling. 
[2023.07.08-12.14.31:155][228]Cmd: TRANSACTION UNDO
[2023.07.08-12.14.31:155][228]LogEditorTransaction: Undo パラメータをオーバーライド
[2023.07.08-12.14.45:426][228]LogActorComponent: RegisterComponentWithWorld: (/Engine/Transient.World_7:PersistentLevel.Actor_1.DebugSkelMeshComponent_1) Already registered. Aborting.
[2023.07.08-12.14.45:429][228]LogMaterial: Missing cached shader map for material M_Master, compiling. 
[2023.07.08-12.14.47:030][232]MaterialEditorStats: Base pass shader: 94 instructions
[2023.07.08-12.14.47:030][232]MaterialEditorStats: Vertex shader: 31 instructions
[2023.07.08-12.14.47:030][232]MaterialEditorStats: Texture samplers: 6/16
[2023.07.08-12.14.47:030][232]MaterialEditorStats: User interpolators: 2/4 Scalars (1/4 Vectors) (TexCoords: 2, Custom: 0)
[2023.07.08-12.14.54:205][742]LogEditorViewport: Clicking on Actor (LMB): StaticMeshActor (wall_box2)
[2023.07.08-12.16.14:514][659]LogMaterial: Missing cached shader map for material FDebugViewModeMaterialProxy MI_Award, compiling. 
[2023.07.08-12.16.15:002][659]TextureStreamingBuild: Display: Compiling optional shaders took 0.492 seconds.
[2023.07.08-12.16.16:415][660]Cmd: QUIT_EDITOR
[2023.07.08-12.16.16:449][660]LogWindowsTextInputMethodSystem: Display: IME system now activated using TSF (Microsoft IME).
[2023.07.08-12.16.16:462][660]LogExit: Preparing to exit.
[2023.07.08-12.16.17:468][660]LogExit: Editor shut down
[2023.07.08-12.16.17:471][660]LogExit: Transaction tracking system shut down
[2023.07.08-12.16.17:581][660]LogDirectoryWatcher: A directory notification for '../../../Engine/Content/' was aborted.
[2023.07.08-12.16.17:581][660]LogDirectoryWatcher: A directory notification for 'D:/Udemy/DrAward/DrAward/Content/' was aborted.
[2023.07.08-12.16.17:581][660]LogDirectoryWatcher: A directory notification for '../../../Engine/Plugins/2D/Paper2D/Content/' was aborted.
[2023.07.08-12.16.17:581][660]LogDirectoryWatcher: A directory notification for '../../../Engine/Plugins/Runtime/Oculus/OculusVR/Content/' was aborted.
[2023.07.08-12.16.17:697][660]LogExit: Object subsystem successfully closed.
[2023.07.08-12.16.17:732][660]LogD3D11RHI: Shutdown
[2023.07.08-12.16.17:733][660]LogD3D11RHI: CleanupD3DDevice
[2023.07.08-12.16.17:736][660]LogD3D11RHI: ~FD3D11DynamicRHI
[2023.07.08-12.16.17:786][660]LogModuleManager: Shutting down and abandoning module ClothingSystemEditorInterface (536)
[2023.07.08-12.16.17:786][660]LogModuleManager: Shutting down and abandoning module SkeletonEditor (534)
[2023.07.08-12.16.17:786][660]LogModuleManager: Shutting down and abandoning module SkeletalMeshEditor (532)
[2023.07.08-12.16.17:786][660]LogModuleManager: Shutting down and abandoning module MaterialEditor (530)
[2023.07.08-12.16.17:786][660]LogModuleManager: Shutting down and abandoning module TextureEditor (528)
[2023.07.08-12.16.17:787][660]LogModuleManager: Shutting down and abandoning module HierarchicalLODOutliner (526)
[2023.07.08-12.16.17:787][660]LogModuleManager: Shutting down and abandoning module SceneOutliner (524)
[2023.07.08-12.16.17:787][660]LogModuleManager: Shutting down and abandoning module AddContentDialog (522)
[2023.07.08-12.16.17:787][660]LogDirectoryWatcher: A directory notification for 'C:/Program Files/Epic Games/UE_4.17/FeaturePacks/' was aborted.
[2023.07.08-12.16.17:789][660]LogModuleManager: Shutting down and abandoning module WidgetCarousel (521)
[2023.07.08-12.16.17:789][660]LogModuleManager: Shutting down and abandoning module EditorWidgets (518)
[2023.07.08-12.16.17:789][660]LogModuleManager: Shutting down and abandoning module CollectionManager (516)
[2023.07.08-12.16.17:789][660]LogDirectoryWatcher: A directory notification for 'D:/Udemy/DrAward/DrAward/Content/Collections/' was aborted.
[2023.07.08-12.16.17:789][660]LogDirectoryWatcher: A directory notification for 'D:/Udemy/DrAward/DrAward/Content/Developers/Sumino/Collections/' was aborted.
[2023.07.08-12.16.17:789][660]LogDirectoryWatcher: A directory notification for 'D:/Udemy/DrAward/DrAward/Saved/Collections/' was aborted.
[2023.07.08-12.16.17:789][660]LogModuleManager: Shutting down and abandoning module StatsViewer (514)
[2023.07.08-12.16.17:790][660]LogModuleManager: Shutting down and abandoning module FoliageEdit (512)
[2023.07.08-12.16.17:790][660]LogModuleManager: Shutting down and abandoning module LandscapeEditor (510)
[2023.07.08-12.16.17:791][660]LogModuleManager: Shutting down and abandoning module MeshPaintMode (508)
[2023.07.08-12.16.17:791][660]LogModuleManager: Shutting down and abandoning module SceneDepthPickerMode (506)
[2023.07.08-12.16.17:791][660]LogModuleManager: Shutting down and abandoning module ActorPickerMode (504)
[2023.07.08-12.16.17:791][660]LogModuleManager: Shutting down and abandoning module GeometryMode (502)
[2023.07.08-12.16.17:791][660]LogModuleManager: Shutting down and abandoning module TextureAlignMode (500)
[2023.07.08-12.16.17:791][660]LogModuleManager: Shutting down and abandoning module BspMode (498)
[2023.07.08-12.16.17:791][660]LogModuleManager: Shutting down and abandoning module PIEPreviewDeviceProfileSelector (496)
[2023.07.08-12.16.17:791][660]LogModuleManager: Shutting down and abandoning module HardwareSurvey (494)
[2023.07.08-12.16.17:791][660]LogModuleManager: Shutting down and abandoning module SequenceRecorderSections (492)
[2023.07.08-12.16.17:792][660]LogModuleManager: Shutting down and abandoning module AutomationWorker (490)
[2023.07.08-12.16.17:792][660]LogModuleManager: Shutting down and abandoning module MatineeToLevelSequence (488)
[2023.07.08-12.16.17:793][660]LogModuleManager: Shutting down and abandoning module LevelSequenceEditor (486)
[2023.07.08-12.16.17:796][660]LogModuleManager: Shutting down and abandoning module PlacementMode (485)
[2023.07.08-12.16.17:796][660]LogModuleManager: Shutting down and abandoning module WmfMediaFactory (482)
[2023.07.08-12.16.17:796][660]LogModuleManager: Shutting down and abandoning module WmfMediaEditor (480)
[2023.07.08-12.16.17:796][660]LogModuleManager: Shutting down and abandoning module AvfMediaFactory (478)
[2023.07.08-12.16.17:796][660]LogModuleManager: Shutting down and abandoning module AvfMediaEditor (476)
[2023.07.08-12.16.17:796][660]LogModuleManager: Shutting down and abandoning module AndroidMediaFactory (474)
[2023.07.08-12.16.17:796][660]LogModuleManager: Shutting down and abandoning module Media (473)
[2023.07.08-12.16.17:796][660]LogModuleManager: Shutting down and abandoning module AndroidMediaEditor (470)
[2023.07.08-12.16.17:796][660]LogModuleManager: Shutting down and abandoning module CharacterAI (468)
[2023.07.08-12.16.17:796][660]LogModuleManager: Shutting down and abandoning module AudioCapture (466)
[2023.07.08-12.16.17:796][660]LogModuleManager: Shutting down and abandoning module SequenceRecorder (465)
[2023.07.08-12.16.17:796][660]LogModuleManager: Shutting down and abandoning module SmartSnapping (462)
[2023.07.08-12.16.17:796][660]LogModuleManager: Shutting down and abandoning module SessionServices (460)
[2023.07.08-12.16.17:796][660]LogModuleManager: Shutting down and abandoning module ViewportSnapping (458)
[2023.07.08-12.16.17:796][660]LogModuleManager: Shutting down and abandoning module ViewportInteraction (456)
[2023.07.08-12.16.17:796][660]LogModuleManager: Shutting down and abandoning module ClothPainter (454)
[2023.07.08-12.16.17:798][660]LogModuleManager: Shutting down and abandoning module LogVisualizer (452)
[2023.07.08-12.16.17:799][660]LogModuleManager: Shutting down and abandoning module IntroTutorials (450)
[2023.07.08-12.16.17:800][660]LogModuleManager: Shutting down and abandoning module GameProjectGeneration (449)
[2023.07.08-12.16.17:801][660]LogModuleManager: Shutting down and abandoning module IOSPlatformEditor (446)
[2023.07.08-12.16.17:802][660]LogModuleManager: Shutting down and abandoning module HTML5PlatformEditor (444)
[2023.07.08-12.16.17:802][660]LogModuleManager: Shutting down and abandoning module AndroidPlatformEditor (442)
[2023.07.08-12.16.17:802][660]LogModuleManager: Shutting down and abandoning module AndroidDeviceDetection (441)
[2023.07.08-12.16.18:067][660]LogModuleManager: Shutting down and abandoning module WindowsPlatformEditor (438)
[2023.07.08-12.16.18:067][660]LogModuleManager: Shutting down and abandoning module IOSRuntimeSettings (436)
[2023.07.08-12.16.18:067][660]LogModuleManager: Shutting down and abandoning module AndroidRuntimeSettings (434)
[2023.07.08-12.16.18:067][660]LogModuleManager: Shutting down and abandoning module InputBindingEditor (432)
[2023.07.08-12.16.18:068][660]LogModuleManager: Shutting down and abandoning module MergeActors (430)
[2023.07.08-12.16.18:068][660]LogModuleManager: Shutting down and abandoning module SizeMap (428)
[2023.07.08-12.16.18:068][660]LogModuleManager: Shutting down and abandoning module TreeMap (426)
[2023.07.08-12.16.18:069][660]LogModuleManager: Shutting down and abandoning module ReferenceViewer (424)
[2023.07.08-12.16.18:069][660]LogModuleManager: Shutting down and abandoning module LocalizationDashboard (422)
[2023.07.08-12.16.18:070][660]LogModuleManager: Shutting down and abandoning module LocalizationService (421)
[2023.07.08-12.16.18:070][660]LogModuleManager: Shutting down and abandoning module HardwareTargeting (418)
[2023.07.08-12.16.18:070][660]LogModuleManager: Shutting down and abandoning module DeviceProfileEditor (416)
[2023.07.08-12.16.18:071][660]LogModuleManager: Shutting down and abandoning module UndoHistory (414)
[2023.07.08-12.16.18:071][660]LogModuleManager: Shutting down and abandoning module XmlParser (412)
[2023.07.08-12.16.18:071][660]LogModuleManager: Shutting down and abandoning module Blutility (410)
[2023.07.08-12.16.18:071][660]LogModuleManager: Shutting down and abandoning module ProjectSettingsViewer (408)
[2023.07.08-12.16.18:071][660]LogModuleManager: Shutting down and abandoning module ProjectTargetPlatformEditor (407)
[2023.07.08-12.16.18:071][660]LogModuleManager: Shutting down and abandoning module EditorSettingsViewer (404)
[2023.07.08-12.16.18:071][660]LogModuleManager: Shutting down and abandoning module SettingsEditor (402)
[2023.07.08-12.16.18:072][660]LogModuleManager: Shutting down and abandoning module ProjectLauncher (400)
[2023.07.08-12.16.18:072][660]LogModuleManager: Shutting down and abandoning module SessionFrontend (398)
[2023.07.08-12.16.18:072][660]LogModuleManager: Shutting down and abandoning module ProfilerClient (396)
[2023.07.08-12.16.18:073][660]LogModuleManager: Shutting down and abandoning module DeviceManager (394)
[2023.07.08-12.16.18:074][660]LogModuleManager: Shutting down and abandoning module TargetDeviceServices (393)
[2023.07.08-12.16.18:140][660]LogModuleManager: Shutting down and abandoning module AutomationController (390)
[2023.07.08-12.16.18:141][660]LogModuleManager: Shutting down and abandoning module AutomationWindow (388)
[2023.07.08-12.16.18:142][660]LogModuleManager: Shutting down and abandoning module Layers (386)
[2023.07.08-12.16.18:144][660]LogModuleManager: Shutting down and abandoning module ComponentVisualizers (384)
[2023.07.08-12.16.18:144][660]LogModuleManager: Shutting down and abandoning module DetailCustomizations (382)
[2023.07.08-12.16.18:145][660]LogModuleManager: Shutting down and abandoning module PackagesDialog (380)
[2023.07.08-12.16.18:145][660]LogModuleManager: Shutting down and abandoning module Persona (378)
[2023.07.08-12.16.18:145][660]LogModuleManager: Shutting down and abandoning module AdvancedPreviewScene (377)
[2023.07.08-12.16.18:145][660]LogModuleManager: Shutting down and abandoning module AnimGraph (375)
[2023.07.08-12.16.18:146][660]LogModuleManager: Shutting down and abandoning module Kismet (372)
[2023.07.08-12.16.18:147][660]LogModuleManager: Shutting down and abandoning module ClassViewer (370)
[2023.07.08-12.16.18:147][660]LogModuleManager: Shutting down and abandoning module Toolbox (368)
[2023.07.08-12.16.18:147][660]LogModuleManager: Shutting down and abandoning module ModuleUI (366)
[2023.07.08-12.16.18:147][660]LogModuleManager: Shutting down and abandoning module MovieSceneTools (364)
[2023.07.08-12.16.18:148][660]LogModuleManager: Shutting down and abandoning module OutputLog (362)
[2023.07.08-12.16.18:148][660]LogModuleManager: Shutting down and abandoning module GammaUI (360)
[2023.07.08-12.16.18:149][660]LogModuleManager: Shutting down and abandoning module Documentation (358)
[2023.07.08-12.16.18:149][660]LogModuleManager: Shutting down and abandoning module MovieSceneTracks (356)
[2023.07.08-12.16.18:149][660]LogModuleManager: Shutting down and abandoning module MovieScene (354)
[2023.07.08-12.16.18:149][660]LogModuleManager: Shutting down and abandoning module Niagara (352)
[2023.07.08-12.16.18:149][660]LogModuleManager: Shutting down and abandoning module NiagaraEditor (351)
[2023.07.08-12.16.18:150][660]LogModuleManager: Shutting down and abandoning module StreamingPauseRendering (348)
[2023.07.08-12.16.18:151][660]LogModuleManager: Shutting down and abandoning module LauncherPlatform (346)
[2023.07.08-12.16.18:151][660]LogModuleManager: Shutting down and abandoning module AnalyticsET (344)
[2023.07.08-12.16.18:151][660]LogModuleManager: Shutting down and abandoning module PortalServices (342)
[2023.07.08-12.16.18:151][660]LogModuleManager: Shutting down and abandoning module PortalRpc (340)
[2023.07.08-12.16.18:151][660]LogModuleManager: Shutting down and abandoning module MessagingRpc (338)
[2023.07.08-12.16.18:151][660]LogModuleManager: Shutting down and abandoning module AIModule (336)
[2023.07.08-12.16.18:151][660]LogModuleManager: Shutting down and abandoning module GameplayDebugger (335)
[2023.07.08-12.16.18:151][660]LogModuleManager: Shutting down and abandoning module AITestSuite (333)
[2023.07.08-12.16.18:152][660]LogModuleManager: Shutting down and abandoning module ProfilerService (330)
[2023.07.08-12.16.18:307][660]LogModuleManager: Shutting down and abandoning module TaskGraph (328)
[2023.07.08-12.16.18:309][660]LogModuleManager: Shutting down and abandoning module ProceduralMeshComponentEditor (326)
[2023.07.08-12.16.18:309][660]LogModuleManager: Shutting down and abandoning module ProceduralMeshComponent (324)
[2023.07.08-12.16.18:309][660]LogModuleManager: Shutting down and abandoning module OculusInput (322)
[2023.07.08-12.16.18:309][660]LogModuleManager: Shutting down and abandoning module MobilePatchingUtils (320)
[2023.07.08-12.16.18:309][660]LogModuleManager: Shutting down and abandoning module CustomMeshComponent (318)
[2023.07.08-12.16.18:309][660]LogModuleManager: Shutting down and abandoning module CableComponent (316)
[2023.07.08-12.16.18:310][660]LogModuleManager: Shutting down and abandoning module ArchVisCharacter (314)
[2023.07.08-12.16.18:310][660]LogModuleManager: Shutting down and abandoning module AndroidPermission (312)
[2023.07.08-12.16.18:310][660]LogModuleManager: Shutting down and abandoning module MediaPlayerEditor (308)
[2023.07.08-12.16.18:312][660]LogModuleManager: Shutting down and abandoning module HTML5Networking (306)
[2023.07.08-12.16.18:312][660]LogModuleManager: Shutting down and abandoning module AlembicImporter (304)
[2023.07.08-12.16.18:313][660]LogModuleManager: Shutting down and abandoning module AlembicLibrary (303)
[2023.07.08-12.16.18:313][660]LogModuleManager: Shutting down and abandoning module GeometryCache (302)
[2023.07.08-12.16.18:313][660]LogModuleManager: Shutting down and abandoning module GeometryCacheEd (301)
[2023.07.08-12.16.18:313][660]LogModuleManager: Shutting down and abandoning module SpeedTreeImporter (296)
[2023.07.08-12.16.18:313][660]LogModuleManager: Shutting down and abandoning module PluginBrowser (294)
[2023.07.08-12.16.18:318][660]LogModuleManager: Shutting down and abandoning module MobileLauncherProfileWizard (292)
[2023.07.08-12.16.18:325][660]LogModuleManager: Shutting down and abandoning module VisualStudioSourceCodeAccess (290)
[2023.07.08-12.16.18:326][660]LogModuleManager: Shutting down and abandoning module DesktopPlatform (289)
[2023.07.08-12.16.18:330][660]LogModuleManager: Shutting down and abandoning module UObjectPlugin (286)
[2023.07.08-12.16.18:330][660]LogModuleManager: Shutting down and abandoning module SubversionSourceControl (284)
[2023.07.08-12.16.18:336][660]LogModuleManager: Shutting down and abandoning module PerforceSourceControl (282)
[2023.07.08-12.16.18:340][660]LogModuleManager: Shutting down and abandoning module GitSourceControl (280)
[2023.07.08-12.16.18:342][660]LogModuleManager: Shutting down and abandoning module SourceControl (279)
[2023.07.08-12.16.18:342][660]LogModuleManager: Shutting down and abandoning module LightPropagationVolumeEditor (276)
[2023.07.08-12.16.18:342][660]LogModuleManager: Shutting down and abandoning module PaperTiledImporter (274)
[2023.07.08-12.16.18:342][660]LogModuleManager: Shutting down and abandoning module PaperSpriteSheetImporter (272)
[2023.07.08-12.16.18:342][660]LogModuleManager: Shutting down and abandoning module Paper2DEditor (270)
[2023.07.08-12.16.18:344][660]LogModuleManager: Shutting down and abandoning module MeshPaint (269)
[2023.07.08-12.16.18:348][660]LogModuleManager: Shutting down and abandoning module LevelEditor (267)
[2023.07.08-12.16.18:350][660]LogModuleManager: Shutting down and abandoning module PixelInspectorModule (266)
[2023.07.08-12.16.18:350][660]LogModuleManager: Shutting down and abandoning module MainFrame (264)
[2023.07.08-12.16.18:350][660]LogModuleManager: Shutting down and abandoning module HotReload (263)
[2023.07.08-12.16.18:351][660]LogModuleManager: Shutting down and abandoning module RuntimePhysXCooking (258)
[2023.07.08-12.16.18:351][660]LogModuleManager: Shutting down and abandoning module PhysXVehiclesEditor (256)
[2023.07.08-12.16.18:351][660]LogModuleManager: Shutting down and abandoning module PhysXVehicles (254)
[2023.07.08-12.16.18:351][660]LogModuleManager: Shutting down and abandoning module OculusEditor (252)
[2023.07.08-12.16.18:351][660]LogModuleManager: Shutting down and abandoning module LocationServicesBPLibrary (250)
[2023.07.08-12.16.18:351][660]LogModuleManager: Shutting down and abandoning module ImmediatePhysicsEditor (248)
[2023.07.08-12.16.18:351][660]LogModuleManager: Shutting down and abandoning module ImmediatePhysics (246)
[2023.07.08-12.16.18:352][660]LogModuleManager: Shutting down and abandoning module UdpMessaging (244)
[2023.07.08-12.16.18:453][660]LogModuleManager: Shutting down and abandoning module TcpMessaging (242)
[2023.07.08-12.16.18:554][660]LogModuleManager: Shutting down and abandoning module GameplayTagsEditor (240)
[2023.07.08-12.16.18:555][660]LogModuleManager: Shutting down and abandoning module FacialAnimationEditor (238)
[2023.07.08-12.16.18:555][660]LogModuleManager: Shutting down and abandoning module FacialAnimation (236)
[2023.07.08-12.16.18:555][660]LogModuleManager: Shutting down and abandoning module AssetManagerEditor (234)
[2023.07.08-12.16.18:556][660]LogModuleManager: Shutting down and abandoning module GraphEditor (233)
[2023.07.08-12.16.18:556][660]LogModuleManager: Shutting down and abandoning module ContentBrowser (231)
[2023.07.08-12.16.18:557][660]LogModuleManager: Shutting down and abandoning module LightPropagationVolumeRuntime (228)
[2023.07.08-12.16.18:557][660]LogModuleManager: Shutting down and abandoning module Paper2D (226)
[2023.07.08-12.16.18:557][660]LogModuleManager: Shutting down and abandoning module WindowsMoviePlayer (224)
[2023.07.08-12.16.18:557][660]LogModuleManager: Shutting down and abandoning module WmfMedia (222)
[2023.07.08-12.16.18:561][660]LogModuleManager: Shutting down and abandoning module PacketHandler (220)
[2023.07.08-12.16.18:561][660]LogModuleManager: Shutting down and abandoning module ClothingSystemEditor (218)
[2023.07.08-12.16.18:561][660]LogModuleManager: Shutting down and abandoning module ClothingSystemRuntime (216)
[2023.07.08-12.16.18:562][660]LogModuleManager: Shutting down and abandoning module Overlay (214)
[2023.07.08-12.16.18:562][660]LogModuleManager: Shutting down and abandoning module OverlayEditor (213)
[2023.07.08-12.16.18:562][660]LogModuleManager: Shutting down and abandoning module MediaAssets (210)
[2023.07.08-12.16.18:562][660]LogModuleManager: Shutting down and abandoning module VREditor (208)
[2023.07.08-12.16.18:563][660]LogModuleManager: Shutting down and abandoning module StringTableEditor (206)
[2023.07.08-12.16.18:563][660]LogModuleManager: Shutting down and abandoning module GameplayTasksEditor (204)
[2023.07.08-12.16.18:563][660]LogModuleManager: Shutting down and abandoning module BehaviorTreeEditor (202)
[2023.07.08-12.16.18:565][660]LogModuleManager: Shutting down and abandoning module FunctionalTesting (200)
[2023.07.08-12.16.18:565][660]LogModuleManager: Shutting down and abandoning module CollisionAnalyzer (198)
[2023.07.08-12.16.18:566][660]LogModuleManager: Shutting down and abandoning module WorkspaceMenuStructure (197)
[2023.07.08-12.16.18:566][660]LogModuleManager: Shutting down and abandoning module UMG (194)
[2023.07.08-12.16.18:567][660]LogModuleManager: Shutting down and abandoning module UMGEditor (193)
[2023.07.08-12.16.18:568][660]LogModuleManager: Shutting down and abandoning module Sequencer (192)
[2023.07.08-12.16.18:569][660]LogModuleManager: Shutting down and abandoning module MessageLog (189)
[2023.07.08-12.16.18:569][660]LogModuleManager: Shutting down and abandoning module SlateReflector (184)
[2023.07.08-12.16.18:571][660]LogModuleManager: Shutting down and abandoning module Slate (182)
[2023.07.08-12.16.18:571][660]LogModuleManager: Shutting down and abandoning module EditorStyle (180)
[2023.07.08-12.16.18:573][660]LogModuleManager: Shutting down and abandoning module MRMesh (178)
[2023.07.08-12.16.18:574][660]LogModuleManager: Shutting down and abandoning module SourceCodeAccess (176)
[2023.07.08-12.16.18:574][660]LogModuleManager: Shutting down and abandoning module HeadMountedDisplay (174)
[2023.07.08-12.16.18:574][660]LogModuleManager: Shutting down and abandoning module XAudio2 (172)
[2023.07.08-12.16.18:574][660]LogModuleManager: Shutting down and abandoning module Networking (170)
[2023.07.08-12.16.18:574][660]LogModuleManager: Shutting down and abandoning module Core (166)
[2023.07.08-12.16.18:574][660]LogModuleManager: Shutting down and abandoning module KismetCompiler (162)
[2023.07.08-12.16.18:574][660]LogModuleManager: Shutting down and abandoning module LevelSequence (160)
[2023.07.08-12.16.18:574][660]LogModuleManager: Shutting down and abandoning module MeshUtilities (158)
[2023.07.08-12.16.18:574][660]LogModuleManager: Shutting down and abandoning module MeshMergeUtilities (157)
[2023.07.08-12.16.18:575][660]LogModuleManager: Shutting down and abandoning module MeshReductionInterface (156)
[2023.07.08-12.16.18:575][660]LogModuleManager: Shutting down and abandoning module SimplygonSwarm (155)
[2023.07.08-12.16.18:576][660]LogModuleManager: Shutting down and abandoning module SimplygonMeshReduction (153)
[2023.07.08-12.16.18:576][660]LogModuleManager: Shutting down and abandoning module QuadricMeshReduction (151)
[2023.07.08-12.16.18:576][660]LogModuleManager: Shutting down and abandoning module MaterialBaking (147)
[2023.07.08-12.16.18:577][660]LogModuleManager: Shutting down and abandoning module DirectoryWatcher (144)
[2023.07.08-12.16.18:577][660]LogModuleManager: Shutting down and abandoning module DerivedDataCache (142)
[2023.07.08-12.16.18:580][660]LogDerivedDataCache: Shutdown
[2023.07.08-12.16.18:580][660]LogModuleManager: Shutting down and abandoning module TargetPlatform (140)
[2023.07.08-12.16.18:580][660]LogModuleManager: Shutting down and abandoning module VulkanShaderFormat (139)
[2023.07.08-12.16.18:581][660]LogModuleManager: Shutting down and abandoning module ShaderFormatVectorVM (137)
[2023.07.08-12.16.18:581][660]LogModuleManager: Shutting down and abandoning module ShaderFormatOpenGL (135)
[2023.07.08-12.16.18:581][660]LogModuleManager: Shutting down and abandoning module ShaderFormatD3D (133)
[2023.07.08-12.16.18:582][660]LogModuleManager: Shutting down and abandoning module MetalShaderFormat (131)
[2023.07.08-12.16.18:582][660]LogModuleManager: Shutting down and abandoning module TextureFormatUncompressed (129)
[2023.07.08-12.16.18:582][660]LogModuleManager: Shutting down and abandoning module TextureFormatPVR (127)
[2023.07.08-12.16.18:582][660]LogModuleManager: Shutting down and abandoning module TextureFormatDXT (125)
[2023.07.08-12.16.18:582][660]LogModuleManager: Shutting down and abandoning module TextureFormatIntelISPCTexComp (123)
[2023.07.08-12.16.18:583][660]LogModuleManager: Shutting down and abandoning module TextureFormatASTC (121)
[2023.07.08-12.16.18:583][660]LogModuleManager: Shutting down and abandoning module ImageWrapper (120)
[2023.07.08-12.16.18:583][660]LogModuleManager: Shutting down and abandoning module TextureFormatAndroid (117)
[2023.07.08-12.16.18:583][660]LogModuleManager: Shutting down and abandoning module AudioFormatOpus (115)
[2023.07.08-12.16.18:583][660]LogModuleManager: Shutting down and abandoning module AudioFormatOgg (113)
[2023.07.08-12.16.18:583][660]LogModuleManager: Shutting down and abandoning module AudioFormatADPCM (111)
[2023.07.08-12.16.18:583][660]LogModuleManager: Shutting down and abandoning module LinuxTargetPlatform (109)
[2023.07.08-12.16.18:583][660]LogModuleManager: Shutting down and abandoning module LinuxServerTargetPlatform (107)
[2023.07.08-12.16.18:583][660]LogModuleManager: Shutting down and abandoning module LinuxNoEditorTargetPlatform (105)
[2023.07.08-12.16.18:583][660]LogModuleManager: Shutting down and abandoning module LinuxClientTargetPlatform (103)
[2023.07.08-12.16.18:583][660]LogModuleManager: Shutting down and abandoning module TVOSTargetPlatform (101)
[2023.07.08-12.16.18:583][660]LogModuleManager: Shutting down and abandoning module Messaging (99)
[2023.07.08-12.16.18:583][660]LogModuleManager: Shutting down and abandoning module IOSTargetPlatform (97)
[2023.07.08-12.16.18:583][660]LogModuleManager: Shutting down and abandoning module HTML5TargetPlatform (95)
[2023.07.08-12.16.18:583][660]LogModuleManager: Shutting down and abandoning module Android_PVRTCTargetPlatform (93)
[2023.07.08-12.16.18:583][660]LogModuleManager: Shutting down and abandoning module Android_MultiTargetPlatform (91)
[2023.07.08-12.16.18:583][660]LogModuleManager: Shutting down and abandoning module Android_ETC2TargetPlatform (89)
[2023.07.08-12.16.18:583][660]LogModuleManager: Shutting down and abandoning module Android_ETC1TargetPlatform (87)
[2023.07.08-12.16.18:583][660]LogModuleManager: Shutting down and abandoning module Android_DXTTargetPlatform (85)
[2023.07.08-12.16.18:583][660]LogModuleManager: Shutting down and abandoning module Android_ATCTargetPlatform (83)
[2023.07.08-12.16.18:583][660]LogModuleManager: Shutting down and abandoning module Android_ASTCTargetPlatform (81)
[2023.07.08-12.16.18:583][660]LogModuleManager: Shutting down and abandoning module AndroidTargetPlatform (79)
[2023.07.08-12.16.18:583][660]LogModuleManager: Shutting down and abandoning module WindowsTargetPlatform (77)
[2023.07.08-12.16.18:583][660]LogModuleManager: Shutting down and abandoning module WindowsServerTargetPlatform (75)
[2023.07.08-12.16.18:583][660]LogModuleManager: Shutting down and abandoning module WindowsNoEditorTargetPlatform (73)
[2023.07.08-12.16.18:583][660]LogModuleManager: Shutting down and abandoning module WindowsClientTargetPlatform (71)
[2023.07.08-12.16.18:583][660]LogModuleManager: Shutting down and abandoning module MacTargetPlatform (69)
[2023.07.08-12.16.18:583][660]LogModuleManager: Shutting down and abandoning module MacServerTargetPlatform (67)
[2023.07.08-12.16.18:583][660]LogModuleManager: Shutting down and abandoning module MacNoEditorTargetPlatform (65)
[2023.07.08-12.16.18:583][660]LogModuleManager: Shutting down and abandoning module MacClientTargetPlatform (63)
[2023.07.08-12.16.18:583][660]LogModuleManager: Shutting down and abandoning module AllDesktopTargetPlatform (61)
[2023.07.08-12.16.18:583][660]LogModuleManager: Shutting down and abandoning module InputCore (58)
[2023.07.08-12.16.18:583][660]LogModuleManager: Shutting down and abandoning module Settings (56)
[2023.07.08-12.16.18:583][660]LogModuleManager: Shutting down and abandoning module PhysXCooking (54)
[2023.07.08-12.16.18:583][660]LogModuleManager: Shutting down and abandoning module OculusHMD (52)
[2023.07.08-12.16.18:584][660]LogModuleManager: Shutting down and abandoning module ExampleDeviceProfileSelector (50)
[2023.07.08-12.16.18:584][660]LogModuleManager: Shutting down and abandoning module OnlineBlueprintSupport (48)
[2023.07.08-12.16.18:584][660]LogModuleManager: Shutting down and abandoning module OnlineSubsystem (44)
[2023.07.08-12.16.18:584][660]LogOnline: Display: Unloading online subsystem: NULL
[2023.07.08-12.16.18:585][660]LogModuleManager: Shutting down and abandoning module XMPP (43)
[2023.07.08-12.16.18:586][660]LogModuleManager: Shutting down and abandoning module HTTP (41)
[2023.07.08-12.16.18:586][660]LogHttp: Display: Http module shutting down, but needs to wait on 1 outstanding Http requests:
[2023.07.08-12.16.18:586][660]LogHttp: Display: 	verb=[POST] url=[https://datarouter.ol.epicgames.com/datarouter/api/v1/public/data?SessionID=%7B28A8EAB4-43C9-D7EB-DCCD-4AB8423A39C3%7D&AppID=UEEditor.Rocket.Release&AppVersion=4.17.2-3658906%2B%2B%2BUE4%2BRelease-4.17&UserID=52033c1740a4e7ca27960a9344d9c1a7%7C44e971d649b846a8b0dc4e719a8daffb%7C5cbb07df-5b68-467d-bc67-755f73e9c2bc&AppEnvironment=datacollector-binary&UploadType=eteventstream] status=Processing
[2023.07.08-12.16.18:599][660]LogModuleManager: Shutting down and abandoning module SSL (40)
[2023.07.08-12.16.18:600][660]LogModuleManager: Shutting down and abandoning module AnimationModifiers (36)
[2023.07.08-12.16.18:601][660]LogModuleManager: Shutting down and abandoning module PropertyEditor (35)
[2023.07.08-12.16.18:601][660]LogModuleManager: Shutting down and abandoning module AudioEditor (32)
[2023.07.08-12.16.18:602][660]LogModuleManager: Shutting down and abandoning module TextureCompressor (30)
[2023.07.08-12.16.18:602][660]LogModuleManager: Shutting down and abandoning module ShaderCore (28)
[2023.07.08-12.16.18:602][660]LogModuleManager: Shutting down and abandoning module Landscape (26)
[2023.07.08-12.16.18:602][660]LogModuleManager: Shutting down and abandoning module SlateRHIRenderer (24)
[2023.07.08-12.16.18:604][660]LogModuleManager: Shutting down and abandoning module OpenGLDrv (22)
[2023.07.08-12.16.18:605][660]LogModuleManager: Shutting down and abandoning module D3D11RHI (20)
[2023.07.08-12.16.18:605][660]LogModuleManager: Shutting down and abandoning module AnimGraphRuntime (18)
[2023.07.08-12.16.18:605][660]LogModuleManager: Shutting down and abandoning module Renderer (16)
[2023.07.08-12.16.18:605][660]LogModuleManager: Shutting down and abandoning module Engine (14)
[2023.07.08-12.16.18:605][660]LogModuleManager: Shutting down and abandoning module CoreUObject (12)
[2023.07.08-12.16.18:605][660]LogModuleManager: Shutting down and abandoning module NetworkFile (10)
[2023.07.08-12.16.18:606][660]LogModuleManager: Shutting down and abandoning module CookedIterativeFile (8)
[2023.07.08-12.16.18:606][660]LogModuleManager: Shutting down and abandoning module StreamingFile (6)
[2023.07.08-12.16.18:606][660]LogModuleManager: Shutting down and abandoning module SandboxFile (4)
[2023.07.08-12.16.18:606][660]LogModuleManager: Shutting down and abandoning module PakFile (2)
[2023.07.08-12.16.18:611][660]LogExit: Exiting.
[2023.07.08-12.16.18:617][660]Log file closed, 07/08/23 21:16:18
