Log file open, 06/21/23 22:59:09
LogWindows: Failed to load 'aqProf.dll' (GetLastError=126)
LogWindows: File 'aqProf.dll' does not exist
LogWindows: Failed to load 'VSPerf140.dll' (GetLastError=126)
LogWindows: File 'VSPerf140.dll' does not exist
LogWindows: Failed to load 'VtuneApi.dll' (GetLastError=126)
LogWindows: File 'VtuneApi.dll' does not exist
LogWindows: Failed to load 'VtuneApi32e.dll' (GetLastError=126)
LogWindows: File 'VtuneApi32e.dll' does not exist
LogInit: Display: Running engine for game: DrAward
LogPlatformFile: Not using cached read wrapper
LogInit: Display: RandInit(-1858072301) SRandInit(-1858072300).
LogTaskGraph: Started task graph with 5 named threads and 20 total threads with 3 sets of task threads.
LogStats: Stats thread started at 0.309278
LogD3D11RHI: Aftermath initialized
LogPluginManager: Mounting plugin Paper2D
LogPluginManager: Mounting plugin LightPropagationVolume
LogPluginManager: Mounting plugin CodeLiteSourceCodeAccess
LogPluginManager: Mounting plugin GitSourceControl
LogPluginManager: Mounting plugin KDevelopSourceCodeAccess
LogPluginManager: Mounting plugin NullSourceCodeAccess
LogPluginManager: Mounting plugin PerforceSourceControl
LogPluginManager: Mounting plugin SubversionSourceControl
LogPluginManager: Mounting plugin UObjectPlugin
LogPluginManager: Mounting plugin VisualStudioSourceCodeAccess
LogPluginManager: Mounting plugin XCodeSourceCodeAccess
LogPluginManager: Mounting plugin AssetManagerEditor
LogPluginManager: Mounting plugin AudioCapture
LogPluginManager: Mounting plugin FacialAnimation
LogPluginManager: Mounting plugin GameplayTagsEditor
LogPluginManager: Mounting plugin MobileLauncherProfileWizard
LogPluginManager: Mounting plugin PluginBrowser
LogPluginManager: Mounting plugin SpeedTreeImporter
LogPluginManager: Mounting plugin AlembicImporter
LogPluginManager: Mounting plugin CharacterAI
LogPluginManager: Mounting plugin HTML5Networking
LogPluginManager: Mounting plugin AndroidMedia
LogPluginManager: Mounting plugin AvfMedia
LogPluginManager: Mounting plugin MediaPlayerEditor
LogPluginManager: Mounting plugin WmfMedia
LogPluginManager: Mounting plugin TcpMessaging
LogPluginManager: Mounting plugin UdpMessaging
LogPluginManager: Mounting plugin LevelSequenceEditor
LogPluginManager: Mounting plugin MatineeToLevelSequence
LogPluginManager: Mounting plugin OnlineSubsystemGooglePlay
LogPluginManager: Mounting plugin OnlineSubsystemIOS
LogPluginManager: Mounting plugin OnlineSubsystem
LogPluginManager: Mounting plugin OnlineSubsystemNull
LogPluginManager: Mounting plugin OnlineSubsystemUtils
LogPluginManager: Mounting plugin AndroidDeviceProfileSelector
LogPluginManager: Mounting plugin AndroidMoviePlayer
LogPluginManager: Mounting plugin AndroidPermission
LogPluginManager: Mounting plugin AppleMoviePlayer
LogPluginManager: Mounting plugin ArchVisCharacter
LogPluginManager: Mounting plugin CableComponent
LogPluginManager: Mounting plugin CustomMeshComponent
LogPluginManager: Mounting plugin ExampleDeviceProfileSelector
LogPluginManager: Mounting plugin GoogleCloudMessaging
LogPluginManager: Mounting plugin ImmediatePhysics
LogPluginManager: Mounting plugin IOSDeviceProfileSelector
LogPluginManager: Mounting plugin LinuxDeviceProfileSelector
LogPluginManager: Mounting plugin LocationServicesBPLibrary
LogPluginManager: Mounting plugin MobilePatchingUtils
LogPluginManager: Mounting plugin OculusVR
LogPluginManager: Mounting plugin PhysXVehicles
LogPluginManager: Mounting plugin ProceduralMeshComponent
LogPluginManager: Mounting plugin RuntimePhysXCooking
LogPluginManager: Mounting plugin WindowsMoviePlayer
LogInit: Using libcurl 7.47.1
LogInit:  - built for x86_64-pc-win32
LogInit:  - supports SSL with OpenSSL/1.0.2g
LogInit:  - supports HTTP deflate (compression) using libz 1.2.8
LogInit:  - other features:
LogInit:      CURL_VERSION_SSL
LogInit:      CURL_VERSION_LIBZ
LogInit:      CURL_VERSION_IPV6
LogInit:      CURL_VERSION_ASYNCHDNS
LogInit:      CURL_VERSION_LARGEFILE
LogInit:      CURL_VERSION_IDN
LogInit:  CurlRequestOptions (configurable via config and command line):
LogInit:  - bVerifyPeer = false  - Libcurl will NOT verify peer certificate
LogInit:  - bUseHttpProxy = false  - Libcurl will NOT use HTTP proxy
LogInit:  - bDontReuseConnections = false  - Libcurl will reuse connections
LogInit:  - CertBundlePath = nullptr  - Libcurl will use whatever was configured at build time.
LogInit: Build: ++UE4+Release-4.17-CL-3658906
LogInit: Engine Version: 4.17.2-3658906+++UE4+Release-4.17
LogInit: Compatible Engine Version: 4.17.0-3573198+++UE4+Release-4.17
LogInit: Net CL: 3573198
LogDevObjectVersion: Number of dev versions registered: 16
LogDevObjectVersion:   Dev-Blueprints (B0D832E4-1F89-4F0D-ACCF-7EB736FD4AA2): 10
LogDevObjectVersion:   Dev-Build (E1C64328-A22C-4D53-A36C-8E866417BD8C): 0
LogDevObjectVersion:   Dev-Core (375EC13C-06E4-48FB-B500-84F0262A717E): 2
LogDevObjectVersion:   Dev-Editor (E4B068ED-F494-42E9-A231-DA0B2E46BB41): 20
LogDevObjectVersion:   Dev-Framework (CFFC743F-43B0-4480-9391-14DF171D2073): 28
LogDevObjectVersion:   Dev-Mobile (B02B49B5-BB20-44E9-A304-32B752E40360): 0
LogDevObjectVersion:   Dev-Networking (A4E4105C-59A1-49B5-A7C5-40C4547EDFEE): 0
LogDevObjectVersion:   Dev-Online (39C831C9-5AE6-47DC-9A44-9C173E1C8E7C): 0
LogDevObjectVersion:   Dev-Physics (78F01B33-EBEA-4F98-B9B4-84EACCB95AA2): 0
LogDevObjectVersion:   Dev-Platform (6631380F-2D4D-43E0-8009-CF276956A95A): 0
LogDevObjectVersion:   Dev-Rendering (12F88B9F-8875-4AFC-A67C-D90C383ABD29): 19
LogDevObjectVersion:   Dev-Sequencer (7B5AE74C-D270-4C10-A958-57980B212A5A): 4
LogDevObjectVersion:   Dev-VR (D7296918-1DD6-4BDD-9DE2-64A83CC13884): 0
LogDevObjectVersion:   Dev-LoadTimes (C2A15278-BFE7-4AFE-6C17-90FF531DF755): 1
LogDevObjectVersion:   Private-Geometry (6EACA3D4-40EC-4CC1-B786-8BED09428FC5): 1
LogDevObjectVersion:   Dev-AnimPhys (29E575DD-E0A3-4627-9D10-D276232CDCEA): 7
LogInit: Compiled (64-bit): Sep 22 2017 13:47:16
LogInit: Compiled with Visual C++: 19.00.24215.01
LogInit: Build Configuration: Development
LogInit: Branch Name: ++UE4+Release-4.17
LogInit: Command line: 
LogInit: Base directory: C:/Program Files/Epic Games/UE_4.17/Engine/Binaries/Win64/
LogInit: Installed Engine Build: 1
LogInit: Presizing for max 8388607 objects, including 0 objects not considered by GC, pre-allocating 0 bytes for permanent pool.
LogInit: Object subsystem initialized
[2023.06.21-13.59.10:281][  0]LogInit: Selected Device Profile: [Windows]
[2023.06.21-13.59.10:281][  0]LogInit: Applying CVar settings loaded from the selected device profile: [Windows]
[2023.06.21-13.59.10:287][  0]LogInit: Computer: DESKTOP-TGE5S74
[2023.06.21-13.59.10:287][  0]LogInit: User: Sumino
[2023.06.21-13.59.10:287][  0]LogInit: CPU Page size=4096, Cores=6
[2023.06.21-13.59.10:287][  0]LogInit: High frequency timer resolution =10.000000 MHz
[2023.06.21-13.59.10:288][  0]LogMemory: Memory total: Physical=15.9GB (16GB approx)
[2023.06.21-13.59.10:288][  0]LogMemory: Platform Memory Stats for Windows
[2023.06.21-13.59.10:288][  0]LogMemory: Process Physical Memory: 279.96 MB used, 279.96 MB peak
[2023.06.21-13.59.10:288][  0]LogMemory: Process Virtual Memory: 282.72 MB used, 282.72 MB peak
[2023.06.21-13.59.10:288][  0]LogMemory: Physical Memory: 11495.09 MB used,  4809.28 MB free, 16304.36 MB total
[2023.06.21-13.59.10:288][  0]LogMemory: Virtual Memory: 4799.64 MB used,  4809.28 MB free, 134217728.00 MB total
[2023.06.21-13.59.10:577][  0]LogInit: Using OS detected language (ja-JP).
[2023.06.21-13.59.10:577][  0]LogInit: Using OS detected locale (ja-JP).
[2023.06.21-13.59.10:580][  0]LogTextLocalizationManager: No specific localization for 'ja-JP' exists, so the 'ja' localization will be used.
[2023.06.21-13.59.11:058][  0]LogD3D11RHI: D3D11 adapters:
[2023.06.21-13.59.11:221][  0]LogD3D11RHI:    0. 'NVIDIA GeForce RTX 2080 Ti' (Feature Level 11_0)
[2023.06.21-13.59.11:221][  0]LogD3D11RHI:       11041/0/8152 MB DedicatedVideo/DedicatedSystem/SharedSystem, Outputs:2, VendorId:0x10de
[2023.06.21-13.59.11:224][  0]LogD3D11RHI:    1. 'Microsoft Basic Render Driver' (Feature Level 11_0)
[2023.06.21-13.59.11:224][  0]LogD3D11RHI:       0/0/8152 MB DedicatedVideo/DedicatedSystem/SharedSystem, Outputs:0, VendorId:0x1414
[2023.06.21-13.59.11:224][  0]LogD3D11RHI: Chosen D3D11 Adapter: 0
[2023.06.21-13.59.11:229][  0]LogD3D11RHI: Creating new Direct3DDevice
[2023.06.21-13.59.11:229][  0]LogD3D11RHI:     GPU DeviceId: 0x1e07 (for the marketing name, search the web for "GPU Device Id")
[2023.06.21-13.59.11:229][  0]LogWindows: EnumDisplayDevices:
[2023.06.21-13.59.11:230][  0]LogWindows:    0. 'NVIDIA GeForce RTX 2080 Ti' (P:1 D:1)
[2023.06.21-13.59.11:230][  0]LogWindows:    1. 'NVIDIA GeForce RTX 2080 Ti' (P:0 D:1)
[2023.06.21-13.59.11:230][  0]LogWindows:    2. 'NVIDIA GeForce RTX 2080 Ti' (P:0 D:0)
[2023.06.21-13.59.11:230][  0]LogWindows:    3. 'NVIDIA GeForce RTX 2080 Ti' (P:0 D:0)
[2023.06.21-13.59.11:230][  0]LogWindows: DebugString: GetVideoDriverDetailsInvalid PrimaryIsNotTheChoosenAdapter GetVideoDriverDetailsInvalid PrimaryIsNotTheChoosenAdapter GetVideoDriverDetailsInvalid PrimaryIsNotTheChoosenAdapter GetVideoDriverDetailsInvalid PrimaryIsNotTheChoosenAdapter FoundDriverCount:0 
[2023.06.21-13.59.11:230][  0]LogD3D11RHI:     Adapter Name: NVIDIA GeForce RTX 2080 Ti
[2023.06.21-13.59.11:230][  0]LogD3D11RHI:   Driver Version: Unknown (internal:Unknown, unified:Unknown)
[2023.06.21-13.59.11:230][  0]LogD3D11RHI:      Driver Date: Unknown
[2023.06.21-13.59.11:230][  0]LogRHI: Texture pool is 1361 MB (70% of 1945 MB)
[2023.06.21-13.59.11:325][  0]LogD3D11RHI: Async texture creation enabled
[2023.06.21-13.59.11:349][  0]LogD3D11RHI: GPU Timing Frequency: 1000.000000 (Debug: 2 2)
[2023.06.21-13.59.11:352][  0]LogShaderCompilers: Guid format shader working directory is 22 characters bigger than the processId version (D:/Udemy/DrAward/DrAward/Intermediate/Shaders/WorkingDirectory/10348/).
[2023.06.21-13.59.11:352][  0]LogShaderCompilers: Cleaned the shader compiler working directory 'C:/Users/Sumino/AppData/Local/Temp/UnrealShaderWorkingDir/EB87304E47AD68CC1266D4ACE3689FB3/'.
[2023.06.21-13.59.11:352][  0]LogShaderCompilers: Display: Using Local Shader Compiler.
[2023.06.21-13.59.12:220][  0]LogTemp: Display: Loaded TP AllDesktopTargetPlatform
[2023.06.21-13.59.12:288][  0]LogTemp: Display: Loaded TP MacClientTargetPlatform
[2023.06.21-13.59.12:362][  0]LogTemp: Display: Loaded TP MacNoEditorTargetPlatform
[2023.06.21-13.59.12:435][  0]LogTemp: Display: Loaded TP MacServerTargetPlatform
[2023.06.21-13.59.12:503][  0]LogTemp: Display: Loaded TP MacTargetPlatform
[2023.06.21-13.59.12:571][  0]LogTemp: Display: Loaded TP WindowsClientTargetPlatform
[2023.06.21-13.59.12:641][  0]LogTemp: Display: Loaded TP WindowsNoEditorTargetPlatform
[2023.06.21-13.59.12:712][  0]LogTemp: Display: Loaded TP WindowsServerTargetPlatform
[2023.06.21-13.59.12:776][  0]LogTemp: Display: Loaded TP WindowsTargetPlatform
[2023.06.21-13.59.12:848][  0]LogTemp: Display: Loaded TP AndroidTargetPlatform
[2023.06.21-13.59.12:918][  0]LogTemp: Display: Loaded TP Android_ASTCTargetPlatform
[2023.06.21-13.59.12:990][  0]LogTemp: Display: Loaded TP Android_ATCTargetPlatform
[2023.06.21-13.59.13:062][  0]LogTemp: Display: Loaded TP Android_DXTTargetPlatform
[2023.06.21-13.59.13:129][  0]LogTemp: Display: Loaded TP Android_ETC1TargetPlatform
[2023.06.21-13.59.13:197][  0]LogTemp: Display: Loaded TP Android_ETC2TargetPlatform
[2023.06.21-13.59.13:334][  0]LogTemp: Display: Loaded TP Android_MultiTargetPlatform
[2023.06.21-13.59.13:334][  0]LogTemp: Display: Loaded TP Android_PVRTCTargetPlatform
[2023.06.21-13.59.13:396][  0]LogTemp: Display: Loaded TP HTML5TargetPlatform
[2023.06.21-13.59.13:523][  0]LogTemp: Display: Loaded TP IOSTargetPlatform
[2023.06.21-13.59.13:570][  0]LogTemp: Display: Loaded TP TVOSTargetPlatform
[2023.06.21-13.59.13:638][  0]LogTemp: Display: Loaded TP LinuxClientTargetPlatform
[2023.06.21-13.59.13:706][  0]LogTemp: Display: Loaded TP LinuxNoEditorTargetPlatform
[2023.06.21-13.59.13:775][  0]LogTemp: Display: Loaded TP LinuxServerTargetPlatform
[2023.06.21-13.59.13:843][  0]LogTemp: Display: Loaded TP LinuxTargetPlatform
[2023.06.21-13.59.13:843][  0]LogTargetPlatformManager: Display: Building Assets For Windows
[2023.06.21-13.59.14:606][  0]LogDerivedDataCache: Display: Max Cache Size: 512 MB
[2023.06.21-13.59.14:671][  0]LogDerivedDataCache: Loaded boot cache 0.06s 93MB C:/Users/Sumino/AppData/Local/UnrealEngine/4.17/DerivedDataCache/Boot.ddc.
[2023.06.21-13.59.14:671][  0]LogDerivedDataCache: Display: Loaded Boot cache: C:/Users/Sumino/AppData/Local/UnrealEngine/4.17/DerivedDataCache/Boot.ddc
[2023.06.21-13.59.14:671][  0]LogDerivedDataCache: FDerivedDataBackendGraph:  Pak pak cache file D:/Udemy/DrAward/DrAward/DerivedDataCache/DDC.ddp not found, will not use a pak cache.
[2023.06.21-13.59.14:671][  0]LogDerivedDataCache: Unable to find inner node Pak for hierarchical cache Hierarchy.
[2023.06.21-13.59.14:671][  0]LogDerivedDataCache: FDerivedDataBackendGraph:  CompressedPak pak cache file D:/Udemy/DrAward/DrAward/DerivedDataCache/Compressed.ddp not found, will not use a pak cache.
[2023.06.21-13.59.14:671][  0]LogDerivedDataCache: Unable to find inner node CompressedPak for hierarchical cache Hierarchy.
[2023.06.21-13.59.14:683][  0]LogDerivedDataCache: Display: Pak cache opened for reading ../../../Engine/DerivedDataCache/Compressed.ddp.
[2023.06.21-13.59.14:695][  0]LogDerivedDataCache: Using Local data cache path C:/Users/Sumino/AppData/Local/UnrealEngine/Common/DerivedDataCache: Writable
[2023.06.21-13.59.14:702][  0]LogMaterial: Verifying Global Shaders for PCD3D_SM5
[2023.06.21-13.59.14:703][  0]LogSlate: Using Freetype 2.6.0
[2023.06.21-13.59.14:703][  0]LogSlate: SlateFontCache - WITH_FREETYPE: 1, WITH_HARFBUZZ: 1
[2023.06.21-13.59.14:703][  0]LogSlate: SlateFontCache - WITH_FREETYPE: 1, WITH_HARFBUZZ: 1
[2023.06.21-13.59.14:928][  0]LogAssetRegistry: FAssetRegistry took 0.0254 seconds to start up
[2023.06.21-13.59.15:041][  0]LogInit: Selected Device Profile: [Windows]
[2023.06.21-13.59.15:182][  0]LogContentStreaming: Texture pool size is 0.00 MB
[2023.06.21-13.59.15:572][  0]LogSimplygon: Simplygon DLL not present - disabling.
[2023.06.21-13.59.15:639][  0]LogMeshReduction: Using SimplygonSwarm for distributed automatic mesh merging
[2023.06.21-13.59.15:639][  0]LogMeshReduction: Using QuadricMeshReduction for automatic static mesh reduction
[2023.06.21-13.59.15:639][  0]LogMeshReduction: No automatic skeletal mesh reduction module available
[2023.06.21-13.59.15:639][  0]LogMeshReduction: No automatic mesh merging module available
[2023.06.21-13.59.15:639][  0]LogMeshMerging: No automatic mesh merging module available
[2023.06.21-13.59.15:974][  0]LogNetVersion: DrAward , NetCL: 3573198, EngineNetVer: 2, GameNetVer: 0 (Checksum: 550400037)
[2023.06.21-13.59.16:198][  0]LogPackageLocalizationCache: Processed 4 localized package path(s) for 2 prioritized culture(s) in 0.024026 seconds
[2023.06.21-13.59.16:203][  0]LogUObjectArray: 35628 objects as part of root set at end of initial load.
[2023.06.21-13.59.16:203][  0]LogUObjectAllocator: 7494040 out of 0 bytes used by permanent object pool.
[2023.06.21-13.59.16:203][  0]LogUObjectArray: CloseDisregardForGC: 0/0 objects in disregard for GC pool
[2023.06.21-13.59.16:306][  0]LogInit: WinSock: version 1.1 (2.2), MaxSocks=32767, MaxUdp=65467
[2023.06.21-13.59.19:398][  0]LogTcpMessaging: Initializing TcpMessaging bridge
[2023.06.21-13.59.19:453][  0]LogUdpMessaging: Initializing bridge on interface 0.0.0.0:0 to multicast group 230.0.0.1:6666.
[2023.06.21-13.59.20:337][  0]LogMaterial: Uniform references updated for custom material expression Custom.
[2023.06.21-13.59.20:882][  0]SourceControl: ソースコントロールは無効です
[2023.06.21-13.59.20:882][  0]SourceControl: ソースコントロールは無効です
[2023.06.21-13.59.20:952][  0]SourceControl: ソースコントロールは無効です
[2023.06.21-13.59.21:021][  0]SourceControl: ソースコントロールは無効です
[2023.06.21-13.59.22:022][  0]LogAndroidPermission: UAndroidPermissionCallbackProxy::GetInstance
[2023.06.21-13.59.22:380][  0]LogOcInput: OculusInput pre-init called
[2023.06.21-13.59.22:675][  0]LogEngine: Initializing Engine...
[2023.06.21-13.59.22:850][  0]LogStats: UGameplayTagsManager::ConstructGameplayTagTree: Construct from data asset -  0.000 s
[2023.06.21-13.59.22:850][  0]LogStats: UGameplayTagsManager::ConstructGameplayTagTree: GameplayTagTreeChangedEvent.Broadcast -  0.000 s
[2023.06.21-13.59.23:038][  0]LogAIModule: Creating AISystem for world Untitled
[2023.06.21-13.59.23:085][  0]LogInit: XAudio2 using 'スピーカー (2- Logitech G733 Gaming Headset)' : 6 channels at 44.1 kHz using 16 bits per sample (channel mask 0x3f)
[2023.06.21-13.59.23:106][  0]LogInit: FAudioDevice initialized.
[2023.06.21-13.59.23:185][  0]LogDerivedDataCache: Saved boot cache 0.08s 93MB C:/Users/Sumino/AppData/Local/UnrealEngine/4.17/DerivedDataCache/Boot.ddc.
[2023.06.21-13.59.23:194][  0]LogInit: Texture streaming: Enabled
[2023.06.21-13.59.23:385][  0]LogEngineSessionManager: EngineSessionManager initialized
[2023.06.21-13.59.23:733][  0]LogInit: Transaction tracking system initialized
[2023.06.21-13.59.24:206][  0]BlueprintLog: New page: エディタの読み込み
[2023.06.21-13.59.25:733][  0]LocalizationService: ローカライズのサービスが無効になりました
[2023.06.21-13.59.26:879][  0]LogConsoleResponse: Display: 
[2023.06.21-13.59.27:087][  0]LogCook: Display: Max memory allowance for cook 16384mb min free memory 0mb
[2023.06.21-13.59.27:087][  0]LogCook: Display: Mobile HDR setting 1
[2023.06.21-13.59.27:087][  0]LogGameplayTags: Display: UGameplayTagsManager::DoneAddingNativeTags. DelegateIsBound: 0
[2023.06.21-13.59.27:624][  0]LogFileCache: Scanning file cache for directory 'D:/Udemy/DrAward/DrAward/Content/' took 0.01s
[2023.06.21-13.59.28:886][  0]SourceControl: ソースコントロールは無効です
[2023.06.21-13.59.28:886][  0]Cmd: MAP LOAD FILE="../../../Engine/Content/Maps/Templates/Template_Default.umap" TEMPLATE=1 SHOWPROGRESS=1 FEATURELEVEL=3
[2023.06.21-13.59.28:887][  0]LightingResults: New page: ライティングのビルド
[2023.06.21-13.59.28:966][  0]MapCheck: New page: マップをチェック
[2023.06.21-13.59.28:966][  0]LightingResults: New page: <何も選択されていません>
[2023.06.21-13.59.29:127][  0]LogAIModule: Creating AISystem for world Untitled_1
[2023.06.21-13.59.29:132][  0]LogEditorServer: Finished looking for orphan Actors (0.000 secs)
[2023.06.21-13.59.29:145][  0]Cmd: MAP CHECKDEP NOCLEARLOG
[2023.06.21-13.59.29:196][  0]MapCheck: マップチェックが完了: 0 エラー、 0 警告、完了に 50.792ミリ秒かかりました。
[2023.06.21-13.59.29:196][  0]LogFileHelpers: Loading map 'Template_Default' took 0.310
[2023.06.21-13.59.29:377][  0]LogCollectionManager: Loaded 0 collections in 0.001581 seconds
[2023.06.21-13.59.29:482][  0]LogFileCache: Scanning file cache for directory 'D:/Udemy/DrAward/DrAward/Saved/Collections/' took 0.01s
[2023.06.21-13.59.29:482][  0]LogFileCache: Scanning file cache for directory 'D:/Udemy/DrAward/DrAward/Content/Developers/Sumino/Collections/' took 0.01s
[2023.06.21-13.59.29:482][  0]LogFileCache: Scanning file cache for directory 'D:/Udemy/DrAward/DrAward/Content/Collections/' took 0.01s
[2023.06.21-13.59.29:482][  0]LogCollectionManager: Rebuilt the GUID cache for 0 collections in 0.000001 seconds
[2023.06.21-13.59.29:490][  0]LogContentBrowser: Native class hierarchy populated in 0.0073 seconds. Added 2383 classes and 495 folders.
[2023.06.21-13.59.29:596][  0]LogContentBrowser: Native class hierarchy updated for 'WidgetCarousel' in 0.0010 seconds. Added 0 classes and 0 folders.
[2023.06.21-13.59.29:644][  0]LogContentBrowser: Native class hierarchy updated for 'AddContentDialog' in 0.0007 seconds. Added 0 classes and 0 folders.
[2023.06.21-13.59.29:714][  0]LogContentBrowser: Native class hierarchy updated for 'SceneOutliner' in 0.0012 seconds. Added 1 classes and 2 folders.
[2023.06.21-13.59.29:765][  0]LogDirectoryWatcher: Warning: Failed to begin reading directory changes for D:/Udemy/DrAward/DrAward/Plugins/. Error: 指定されたファイルが見つかりません。 (0x00000002)
[2023.06.21-13.59.29:795][  0]LogSlate: Took 0.000225 seconds to synchronously load lazily loaded font '../../../Engine/Content/Slate/Fonts/Roboto-Regular.ttf' (155K)
[2023.06.21-13.59.29:798][  0]LogSlate: Took 0.002494 seconds to synchronously load lazily loaded font '../../../Engine/Content/Slate/Fonts/DroidSansFallback.ttf' (3848K)
[2023.06.21-13.59.29:799][  0]LogSlate: Took 0.000162 seconds to synchronously load lazily loaded font '../../../Engine/Content/Slate/Fonts/Roboto-Bold.ttf' (160K)
[2023.06.21-13.59.29:802][  0]LogSlate: Took 0.000183 seconds to synchronously load lazily loaded font '../../../Engine/Content/Editor/Slate/Fonts/FontAwesome.ttf' (139K)
[2023.06.21-13.59.29:896][  0]LogRenderer: Reallocating scene render targets to support 1208x580 Format 10 NumSamples 1 (Frame:1).
[2023.06.21-13.59.30:102][  0]LogContentBrowser: Native class hierarchy updated for 'HierarchicalLODOutliner' in 0.0008 seconds. Added 1 classes and 2 folders.
[2023.06.21-13.59.30:102][  0]LogLoad: (Engine Initialization) Total time: 21.77 seconds
[2023.06.21-13.59.30:102][  0]LogLoad: (Engine Initialization) Total Blueprint compile time: 0.00 seconds
[2023.06.21-13.59.30:103][  0]LogExternalProfiler: No external profilers were discovered.  External profiling features will not be available.
[2023.06.21-13.59.30:140][  0]LogAssetRegistry: Asset discovery search completed in 15.2339 seconds
[2023.06.21-13.59.30:141][  0]LogCollectionManager: Rebuilt the object cache for 0 collections in 0.000000 seconds (found 0 objects)
[2023.06.21-13.59.30:141][  0]LogCollectionManager: Fixed up redirectors for 0 collections in 0.000041 seconds (updated 0 objects)
[2023.06.21-13.59.30:143][  0]LogContentStreaming: Texture pool size now 1000 MB
[2023.06.21-13.59.32:151][232]LogDirectoryWatcher: A directory notification for '../../../Engine/Plugins/' was aborted.
[2023.06.21-14.05.13:765][676]LogSlate: Took 0.000179 seconds to synchronously load lazily loaded font '../../../Engine/Content/Slate/Fonts/Roboto-Light.ttf' (159K)
[2023.06.21-14.05.23:123][676]LogSlate: Took 0.000136 seconds to synchronously load lazily loaded font '../../../Engine/Content/Slate/Fonts/Roboto-Light.ttf' (159K)
[2023.06.21-14.05.23:517][676]Cmd: OBJ SAVEPACKAGE PACKAGE="/Game/Map/Main" FILE="D:/Udemy/DrAward/DrAward/Content/Map/Main.umap" SILENT=true AUTOSAVING=false KEEPDIRTY=false
[2023.06.21-14.05.23:556][676]LogSavePackage: Save=24.72ms
[2023.06.21-14.05.23:556][676]LogSavePackage: Moving 'D:/Udemy/DrAward/DrAward/Saved/Main7A7242AE419A77DA2929F9BD317FFB92.tmp' to 'D:/Udemy/DrAward/DrAward/Content/Map/Main.umap'
[2023.06.21-14.05.23:557][676]LogSavePackage: Display: Finished SavePackage D:/Udemy/DrAward/DrAward/Content/Map/Main.umap
[2023.06.21-14.05.23:566][676]Cmd: OBJ SAVEPACKAGE PACKAGE="/Game/Map/Main_BuiltData" FILE="D:/Udemy/DrAward/DrAward/Content/Map/Main_BuiltData.uasset" SILENT=true
[2023.06.21-14.05.23:576][676]LogSavePackage: Save=8.19ms
[2023.06.21-14.05.23:576][676]LogSavePackage: Moving 'D:/Udemy/DrAward/DrAward/Saved/Main_BuiltData15FC4CBC494D3978833A0CACC47E819D.tmp' to 'D:/Udemy/DrAward/DrAward/Content/Map/Main_BuiltData.uasset'
[2023.06.21-14.05.23:577][676]LogSavePackage: Display: Finished SavePackage D:/Udemy/DrAward/DrAward/Content/Map/Main_BuiltData.uasset
[2023.06.21-14.05.23:582][676]LogFileHelpers: Saving map 'Main' took 0.516
[2023.06.21-14.06.07:148][448]LogTemp: Executing iPhonePackager certificates Engine -bundlename com.YourCompany.DrAward
[2023.06.21-14.06.07:148][448]LogTemp: CWD: C:\Program Files\Epic Games\UE_4.17\Engine\Binaries\DotNET\IOS
[2023.06.21-14.06.07:148][448]LogTemp: Initial Dir: C:\Program Files\Epic Games\UE_4.17
[2023.06.21-14.06.07:148][448]LogTemp: Env CWD: C:\Program Files\Epic Games\UE_4.17\Engine\Binaries\DotNET\IOS
[2023.06.21-14.06.07:151][448]LogTemp: BranchPath = DESKTOP-TGE5S74/C/Program Files/Epic Games/UE_4.17/Engine/Binaries --- GameBranchPath = DESKTOP-TGE5S74/C/Program Files/Epic Games/UE_4.17/Engine/Binaries
[2023.06.21-14.06.07:177][448]LogTemp: IPP ERROR: Could not find provision directory 'C:\Users\Sumino\AppData\Local/Apple Computer/MobileDevice/Provisioning Profiles/'.
[2023.06.21-14.06.13:313][174]LogSlate: Took 0.000211 seconds to synchronously load lazily loaded font '../../../Engine/Content/Slate/Fonts/Roboto-Light.ttf' (159K)
[2023.06.21-14.06.32:063][320]LogTemp: Executing iPhonePackager certificates Engine -bundlename com.YourCompany.DrAward
[2023.06.21-14.06.32:063][320]LogTemp: CWD: C:\Program Files\Epic Games\UE_4.17\Engine\Binaries\DotNET\IOS
[2023.06.21-14.06.32:063][320]LogTemp: Initial Dir: C:\Program Files\Epic Games\UE_4.17
[2023.06.21-14.06.32:063][320]LogTemp: Env CWD: C:\Program Files\Epic Games\UE_4.17\Engine\Binaries\DotNET\IOS
[2023.06.21-14.06.32:063][320]LogTemp: BranchPath = DESKTOP-TGE5S74/C/Program Files/Epic Games/UE_4.17/Engine/Binaries --- GameBranchPath = DESKTOP-TGE5S74/C/Program Files/Epic Games/UE_4.17/Engine/Binaries
[2023.06.21-14.06.32:071][321]LogTemp: IPP ERROR: Could not find provision directory 'C:\Users\Sumino\AppData\Local/Apple Computer/MobileDevice/Provisioning Profiles/'.
[2023.06.21-14.07.40:076][272]LogEditorViewport: Clicking on Actor (LMB): StaticMeshActor (Floor)
[2023.06.21-14.07.41:310][418]LogEditorViewport: Clicking on Actor (LMB): StaticMeshActor (Floor)
[2023.06.21-14.07.42:200][523]LogEditorViewport: Clicking on Actor (LMB): PlayerStart (Player Start)
[2023.06.21-14.07.42:226][523]LogEditorViewport: Clicking on Component (LMB): CapsuleComponent (CollisionCapsule)
[2023.06.21-14.07.43:081][619]LogEditorViewport: Clicking on Actor (LMB): StaticMeshActor (Floor)
[2023.06.21-14.07.56:708][246]LogEditorViewport: Clicking on Actor (context menu): StaticMeshActor (Floor)
[2023.06.21-14.07.57:486][335]LogEditorViewport: Clicking on Actor (context menu): StaticMeshActor (Floor)
[2023.06.21-14.08.23:380][435]LogEditorViewport: Clicking on Actor (context menu): StaticMeshActor (Floor)
[2023.06.21-14.08.24:789][601]LogEditorViewport: Clicking on Actor (LMB): StaticMeshActor (Floor)
[2023.06.21-14.08.56:555][410]LogEditorViewport: Clicking on Actor (LMB): StaticMeshActor (Floor)
[2023.06.21-14.08.56:632][418]LogEditorViewport: Clicking on Component (LMB): StaticMeshComponent (StaticMeshComponent0)
[2023.06.21-14.08.57:358][500]LogEditorViewport: Clicking on Component (LMB): StaticMeshComponent (StaticMeshComponent0)
[2023.06.21-14.08.57:416][506]LogEditorViewport: Clicking on Actor (double click): StaticMeshActor (Floor)
[2023.06.21-14.08.57:839][551]Cmd: CAMERA ALIGN ACTIVEVIEWPORTONLY
[2023.06.21-14.08.59:333][730]LogEditorViewport: Clicking on Actor (LMB): StaticMeshActor (Floor)
[2023.06.21-14.08.59:704][773]LogEditorViewport: Clicking on Actor (LMB): PlayerStart (Player Start)
[2023.06.21-14.09.00:327][843]Cmd: CAMERA ALIGN ACTIVEVIEWPORTONLY
[2023.06.21-14.09.01:164][939]LogEditorViewport: Clicking on Actor (LMB): StaticMeshActor (Floor)
[2023.06.21-14.09.01:284][946]Cmd: CAMERA ALIGN ACTIVEVIEWPORTONLY
[2023.06.21-14.09.02:470][ 87]Cmd: CAMERA ALIGN ACTIVEVIEWPORTONLY
[2023.06.21-14.09.04:882][373]Cmd: CAMERA ALIGN ACTIVEVIEWPORTONLY
[2023.06.21-14.09.06:053][513]Cmd: CAMERA ALIGN ACTIVEVIEWPORTONLY
[2023.06.21-14.09.07:482][684]LogEditorViewport: Clicking on Actor (context menu): StaticMeshActor (Floor)
[2023.06.21-14.09.11:739][190]Cmd: CAMERA ALIGN ACTIVEVIEWPORTONLY
[2023.06.21-14.09.16:906][809]Cmd: CAMERA ALIGN ACTIVEVIEWPORTONLY
[2023.06.21-14.09.18:448][992]Cmd: CAMERA ALIGN ACTIVEVIEWPORTONLY
[2023.06.21-14.09.22:210][443]LogEditorViewport: Clicking on Actor (LMB): DirectionalLight (Light Source)
[2023.06.21-14.09.22:789][505]Cmd: CAMERA ALIGN ACTIVEVIEWPORTONLY
[2023.06.21-14.09.23:942][637]LogEditorViewport: Clicking on Actor (LMB): StaticMeshActor (Floor)
[2023.06.21-14.09.24:080][646]Cmd: CAMERA ALIGN ACTIVEVIEWPORTONLY
[2023.06.21-14.09.27:888][ 99]LogEditorViewport: Clicking on Actor (LMB): PlayerStart (Player Start)
[2023.06.21-14.09.28:313][145]Cmd: CAMERA ALIGN ACTIVEVIEWPORTONLY
[2023.06.21-14.10.06:532][720]LogEditorViewport: Clicking on Actor (LMB): StaticMeshActor (Floor)
[2023.06.21-14.10.06:750][739]Cmd: CAMERA ALIGN ACTIVEVIEWPORTONLY
[2023.06.21-14.10.15:253][757]LogWindows: LaunchURL http://docs.unrealengine.com/latest/INT/Engine/UI/LevelEditor/Viewports/ViewportControls/index.html
[2023.06.21-14.12.46:206][106]LogActorFactory: Actor Factory created Cone
[2023.06.21-14.12.47:002][199]LogActorFactory: Actor Factory created Cone
[2023.06.21-14.12.49:287][464]Cmd: CAMERA ALIGN ACTIVEVIEWPORTONLY
[2023.06.21-14.12.57:443][442]LogEditorViewport: Clicking on Actor (LMB): StaticMeshActor (Floor)
[2023.06.21-14.12.57:535][446]Cmd: CAMERA ALIGN ACTIVEVIEWPORTONLY
[2023.06.21-14.12.58:687][584]LogEditorViewport: Clicking on Actor (LMB): StaticMeshActor (Cone)
[2023.06.21-14.12.58:783][589]Cmd: CAMERA ALIGN ACTIVEVIEWPORTONLY
[2023.06.21-14.13.02:059][974]Cmd: CAMERA ALIGN ACTIVEVIEWPORTONLY
[2023.06.21-14.13.05:807][411]LogEditorViewport: Clicking on Actor (context menu): StaticMeshActor (Floor)
[2023.06.21-14.13.07:444][597]LogEditorViewport: Clicking on Actor (LMB): StaticMeshActor (Cone)
[2023.06.21-14.13.08:610][730]Cmd: CAMERA ALIGN ACTIVEVIEWPORTONLY
[2023.06.21-14.13.10:917][995]Cmd: TRANSACTION UNDO
[2023.06.21-14.13.10:917][995]LogEditorTransaction: Undo アクタ を移動
[2023.06.21-14.13.45:623][135]Cmd: TRANSACTION UNDO
[2023.06.21-14.13.45:623][135]LogEditorTransaction: Undo アクタ をスケール
[2023.06.21-14.14.00:613][926]LogEditorViewport: Clicking on Actor (LMB): StaticMeshActor (Cone)
[2023.06.21-14.15.10:524][290]LogWindows: LaunchURL http://docs.unrealengine.com/latest/JPN/Programming/UnrealArchitecture/Actors/index.html?utm_source=editor&utm_medium=docs&utm_campaign=doc_anchors
[2023.06.21-14.15.20:952][914]LogEditorViewport: Clicking on Actor (LMB): StaticMeshActor (Floor)
[2023.06.21-14.15.22:154][ 50]LogEditorViewport: Clicking on Actor (LMB): StaticMeshActor (Cone)
[2023.06.21-14.15.45:658][858]LogSlate: Took 0.003742 seconds to synchronously load lazily loaded font '../../../Engine/Content/Editor/Slate/Fonts/Roboto-Italic.ttf' (157K)
[2023.06.21-14.16.15:659][437]Cmd: OBJ SAVEPACKAGE PACKAGE="/Game/Map/Main" FILE="D:/Udemy/DrAward/DrAward/Saved/Autosaves/Game/Map/Main_Auto1.umap" SILENT=true AUTOSAVING=true KEEPDIRTY=false
[2023.06.21-14.16.15:679][437]LogSavePackage: Save=17.05ms
[2023.06.21-14.16.15:679][437]LogSavePackage: Moving 'D:/Udemy/DrAward/DrAward/Saved/Main_Auto141F3DEBF46946CBF295C8F891BD302FE.tmp' to 'D:/Udemy/DrAward/DrAward/Saved/Autosaves/Game/Map/Main_Auto1.umap'
[2023.06.21-14.16.15:680][437]LogSavePackage: Display: Finished SavePackage D:/Udemy/DrAward/DrAward/Saved/Autosaves/Game/Map/Main_Auto1.umap
[2023.06.21-14.16.15:681][437]LogFileHelpers: Editor autosave (incl. sublevels) for '/Game/Map/Main' took 0.034
[2023.06.21-14.16.15:681][437]LogFileHelpers: Editor autosave (incl. sublevels) for all levels took 0.034
[2023.06.21-14.16.16:309][511]Cmd: CAMERA ALIGN ACTIVEVIEWPORTONLY
[2023.06.21-14.16.27:796][886]Cmd: TRANSACTION UNDO
[2023.06.21-14.16.27:796][886]LogEditorTransaction: Undo 回転をリセット
[2023.06.21-14.16.29:704][110]Cmd: TRANSACTION UNDO
[2023.06.21-14.16.29:704][110]LogEditorTransaction: Undo 位置をリセット
[2023.06.21-14.16.34:897][730]Cmd: CAMERA ALIGN ACTIVEVIEWPORTONLY
[2023.06.21-14.16.38:819][197]Cmd: CAMERA ALIGN ACTIVEVIEWPORTONLY
[2023.06.21-14.17.17:957][881]Cmd: CAMERA ALIGN ACTIVEVIEWPORTONLY
[2023.06.21-14.17.27:795][ 57]LogPhysics: Warning: Initialising Body : Scale3D is (nearly) zero: Component: '/Game/Map/Main.Main:PersistentLevel.Cone_2.StaticMeshComponent0' 
[2023.06.21-14.17.29:361][245]LogPhysics: Warning: PopulatePhysXGeometryAndTransform(Convex): ConvexElem has invalid transform
[2023.06.21-14.17.29:361][245]LogPhysics: Warning: ForeachShape(Convex): [/Engine/BasicShapes/Cone.Cone] ScaledElem[0] invalid
[2023.06.21-14.17.29:361][245]LogPhysics: Warning: PopulatePhysXGeometryAndTransform(Convex): ConvexElem has invalid transform
[2023.06.21-14.17.29:361][245]LogPhysics: Warning: ForeachShape(Convex): [/Engine/BasicShapes/Cone.Cone] ScaledElem[1] invalid
[2023.06.21-14.17.29:361][245]LogPhysics: Warning: PopulatePhysXGeometryAndTransform(Convex): ConvexElem has invalid transform
[2023.06.21-14.17.29:361][245]LogPhysics: Warning: ForeachShape(Convex): [/Engine/BasicShapes/Cone.Cone] ScaledElem[2] invalid
[2023.06.21-14.17.29:361][245]LogPhysics: Warning: PopulatePhysXGeometryAndTransform(Convex): ConvexElem has invalid transform
[2023.06.21-14.17.29:361][245]LogPhysics: Warning: ForeachShape(Convex): [/Engine/BasicShapes/Cone.Cone] ScaledElem[3] invalid
[2023.06.21-14.17.32:048][566]LogPhysics: Warning: PopulatePhysXGeometryAndTransform(Convex): ConvexElem has invalid transform
[2023.06.21-14.17.32:048][566]LogPhysics: Warning: ForeachShape(Convex): [/Engine/BasicShapes/Cone.Cone] ScaledElem[0] invalid
[2023.06.21-14.17.32:048][566]LogPhysics: Warning: PopulatePhysXGeometryAndTransform(Convex): ConvexElem has invalid transform
[2023.06.21-14.17.32:048][566]LogPhysics: Warning: ForeachShape(Convex): [/Engine/BasicShapes/Cone.Cone] ScaledElem[1] invalid
[2023.06.21-14.17.32:048][566]LogPhysics: Warning: PopulatePhysXGeometryAndTransform(Convex): ConvexElem has invalid transform
[2023.06.21-14.17.32:048][566]LogPhysics: Warning: ForeachShape(Convex): [/Engine/BasicShapes/Cone.Cone] ScaledElem[2] invalid
[2023.06.21-14.17.32:048][566]LogPhysics: Warning: PopulatePhysXGeometryAndTransform(Convex): ConvexElem has invalid transform
[2023.06.21-14.17.32:048][566]LogPhysics: Warning: ForeachShape(Convex): [/Engine/BasicShapes/Cone.Cone] ScaledElem[3] invalid
[2023.06.21-14.21.13:944][659]Cmd: CAMERA ALIGN ACTIVEVIEWPORTONLY
[2023.06.21-14.23.37:722][472]LogEditorViewport: Clicking on Component (LMB): SpotLightComponent (LightComponent0)
[2023.06.21-14.23.39:545][688]LogEditorViewport: Clicking on Actor (LMB): StaticMeshActor (Floor)
[2023.06.21-14.23.40:131][749]Cmd: DELETE
[2023.06.21-14.23.40:131][749]Cmd: ACTOR DELETE
[2023.06.21-14.23.40:140][749]LogEditorActor: Deleted Actor: StaticMeshActor
[2023.06.21-14.23.40:151][749]LogEditorActor: Deleted 1 Actors (0.012 secs)
[2023.06.21-14.23.40:715][817]LogEditorViewport: Clicking on Actor (LMB): SpotLight (SpotLight)
[2023.06.21-14.23.41:754][935]Cmd: TRANSACTION UNDO
[2023.06.21-14.23.41:754][935]LogEditorTransaction: Undo アクタをクリック
[2023.06.21-14.23.42:092][974]Cmd: TRANSACTION UNDO
[2023.06.21-14.23.42:092][974]LogEditorTransaction: Undo アクタを削除
[2023.06.21-14.23.42:923][ 64]LogEditorViewport: Clicking on Actor (LMB): SpotLight (SpotLight)
[2023.06.21-14.23.43:848][168]Cmd: DELETE
[2023.06.21-14.23.43:848][168]Cmd: ACTOR DELETE
[2023.06.21-14.23.43:849][168]LogEditorActor: Deleted Actor: SpotLight
[2023.06.21-14.23.43:859][168]LogEditorActor: Deleted 1 Actors (0.011 secs)
[2023.06.21-14.23.44:714][271]LogEditorViewport: Clicking on Actor (LMB): StaticMeshActor (Cone)
[2023.06.21-14.23.45:115][311]Cmd: DELETE
[2023.06.21-14.23.45:115][311]Cmd: ACTOR DELETE
[2023.06.21-14.23.45:115][311]LogEditorActor: Deleted Actor: StaticMeshActor
[2023.06.21-14.23.45:126][311]LogEditorActor: Deleted 1 Actors (0.011 secs)
[2023.06.21-14.26.44:719][548]LogFactory: FactoryCreateFile: StaticMesh with FbxFactory (0 0 D:/Udemy/DrAward/DrAward_Pack/sozai/Mesh/plane.fbx)
[2023.06.21-14.26.44:751][548]LogFbx: ItemName: GlobalSettings, ItemCount : 1
[2023.06.21-14.26.44:751][548]LogFbx: ItemName: AnimationStack, ItemCount : 1
[2023.06.21-14.26.44:751][548]LogFbx: ItemName: AnimationLayer, ItemCount : 1
[2023.06.21-14.26.44:751][548]LogFbx: ItemName: Geometry, ItemCount : 1
[2023.06.21-14.26.44:751][548]LogFbx: ItemName: Material, ItemCount : 1
[2023.06.21-14.26.44:751][548]LogFbx: ItemName: Model, ItemCount : 1
[2023.06.21-14.26.44:760][548]LogFbx: Loading FBX Scene from D:/Udemy/DrAward/DrAward_Pack/sozai/Mesh/plane.fbx
[2023.06.21-14.26.44:767][548]LogFbx: FBX Scene Loaded Succesfully
[2023.06.21-14.28.21:293][548]LogFbx: Loading FBX Scene from D:/Udemy/DrAward/DrAward_Pack/sozai/Mesh/plane.fbx
[2023.06.21-14.28.21:298][548]LogFbx: FBX Scene Loaded Succesfully
[2023.06.21-14.28.21:302][548]LogFbx: Warning: Triangulating static mesh Wall
[2023.06.21-14.28.21:309][548]LogStaticMesh: スタティックメッシュ plane をビルド中...
[2023.06.21-14.28.21:316][548]LogStaticMesh: Built static mesh [0.01s] /Game/Mesh/plane.plane
[2023.06.21-14.28.24:366][908]Cmd: OBJ SAVEPACKAGE PACKAGE="/Game/Map/Main" FILE="D:/Udemy/DrAward/DrAward/Saved/Autosaves/Game/Map/Main_Auto2.umap" SILENT=true AUTOSAVING=true KEEPDIRTY=false
[2023.06.21-14.28.24:388][908]LogSavePackage: Save=19.25ms
[2023.06.21-14.28.24:388][908]LogSavePackage: Moving 'D:/Udemy/DrAward/DrAward/Saved/Main_Auto27F7DCD8F44795DFEA04AD1AFCFBA9E9F.tmp' to 'D:/Udemy/DrAward/DrAward/Saved/Autosaves/Game/Map/Main_Auto2.umap'
[2023.06.21-14.28.24:389][908]LogSavePackage: Display: Finished SavePackage D:/Udemy/DrAward/DrAward/Saved/Autosaves/Game/Map/Main_Auto2.umap
[2023.06.21-14.28.24:390][908]LogFileHelpers: Editor autosave (incl. sublevels) for '/Game/Map/Main' took 0.037
[2023.06.21-14.28.24:390][908]LogFileHelpers: Editor autosave (incl. sublevels) for all levels took 0.037
[2023.06.21-14.28.24:393][908]OBJ SavePackage: Generating thumbnails for [1] asset(s) in package [/Game/Mesh/plane] ([1] browsable assets)...
[2023.06.21-14.28.24:403][908]OBJ SavePackage:     Rendered thumbnail for [StaticMesh /Game/Mesh/plane.plane]
[2023.06.21-14.28.24:403][908]OBJ SavePackage: Finished generating thumbnails for package [/Game/Mesh/plane]
[2023.06.21-14.28.24:403][908]Cmd: OBJ SAVEPACKAGE PACKAGE="/Game/Mesh/plane" FILE="D:/Udemy/DrAward/DrAward/Saved/Autosaves/Game/Mesh/plane_Auto2.uasset" SILENT=false AUTOSAVING=true
[2023.06.21-14.28.24:415][908]LogSavePackage: Save=10.61ms
[2023.06.21-14.28.24:415][908]LogSavePackage: Moving 'D:/Udemy/DrAward/DrAward/Saved/plane_Auto2A2F663664002C06AA89EEAAD68FB08A4.tmp' to 'D:/Udemy/DrAward/DrAward/Saved/Autosaves/Game/Mesh/plane_Auto2.uasset'
[2023.06.21-14.28.24:416][908]LogSavePackage: Display: Finished SavePackage D:/Udemy/DrAward/DrAward/Saved/Autosaves/Game/Mesh/plane_Auto2.uasset
[2023.06.21-14.28.24:416][908]LogFileHelpers: Auto-saving content packages took 0.024
[2023.06.21-14.28.50:989][ 30]Cmd: OBJ SAVEPACKAGE PACKAGE="/Game/Mesh/plane" FILE="D:/Udemy/DrAward/DrAward/Content/Mesh/plane.uasset" SILENT=true
[2023.06.21-14.28.50:998][ 30]LogSavePackage: Save=8.25ms
[2023.06.21-14.28.50:998][ 30]LogSavePackage: Moving 'D:/Udemy/DrAward/DrAward/Saved/plane48D2A20C43AEF5EC2DD1308724B7A03D.tmp' to 'D:/Udemy/DrAward/DrAward/Content/Mesh/plane.uasset'
[2023.06.21-14.28.51:000][ 30]LogSavePackage: Display: Finished SavePackage D:/Udemy/DrAward/DrAward/Content/Mesh/plane.uasset
[2023.06.21-14.30.01:026][240]LogFactory: FactoryCreateFile: Texture with ReimportTextureFactory (0 0 D:/Udemy/DrAward/DrAward_Pack/sozai/Texture/brick/brick_bc.png)
[2023.06.21-14.30.01:073][240]LogTexture: Display: Building textures: brick_bc (AutoDXT, 1024X1024)
[2023.06.21-14.30.01:355][240]LogFactory: FactoryCreateFile: Texture with ReimportTextureFactory (0 0 D:/Udemy/DrAward/DrAward_Pack/sozai/Texture/brick/brick_n.png)
[2023.06.21-14.30.01:416][240]LogTexture: Display: Building textures: brick_n (BC5, 1024X1024)
[2023.06.21-14.30.01:501][240]LogFactory: FactoryCreateFile: Texture with ReimportTextureFactory (0 0 D:/Udemy/DrAward/DrAward_Pack/sozai/Texture/brick/brick_orm.png)
[2023.06.21-14.30.01:543][240]LogTexture: Display: Building textures: brick_orm (AutoDXT, 1024X1024)
[2023.06.21-14.30.06:062][738]Cmd: OBJ SAVEPACKAGE PACKAGE="/Game/Texture/brick_orm" FILE="D:/Udemy/DrAward/DrAward/Content/Texture/brick_orm.uasset" SILENT=true
[2023.06.21-14.30.06:183][738]LogSavePackage: Save=120.08ms
[2023.06.21-14.30.06:183][738]LogSavePackage: Moving 'D:/Udemy/DrAward/DrAward/Saved/brick_orm449D05C54F485C5EDCFF0C9965F6D154.tmp' to 'D:/Udemy/DrAward/DrAward/Content/Texture/brick_orm.uasset'
[2023.06.21-14.30.06:185][738]LogSavePackage: Display: Finished SavePackage D:/Udemy/DrAward/DrAward/Content/Texture/brick_orm.uasset
[2023.06.21-14.30.06:196][738]Cmd: OBJ SAVEPACKAGE PACKAGE="/Game/Texture/brick_n" FILE="D:/Udemy/DrAward/DrAward/Content/Texture/brick_n.uasset" SILENT=true
[2023.06.21-14.30.06:381][738]LogSavePackage: Save=183.29ms
[2023.06.21-14.30.06:381][738]LogSavePackage: Moving 'D:/Udemy/DrAward/DrAward/Saved/brick_n205BC62347688F6DA8CDF4AE6B0FBC4B.tmp' to 'D:/Udemy/DrAward/DrAward/Content/Texture/brick_n.uasset'
[2023.06.21-14.30.06:383][738]LogSavePackage: Display: Finished SavePackage D:/Udemy/DrAward/DrAward/Content/Texture/brick_n.uasset
[2023.06.21-14.30.06:394][738]Cmd: OBJ SAVEPACKAGE PACKAGE="/Game/Texture/brick_bc" FILE="D:/Udemy/DrAward/DrAward/Content/Texture/brick_bc.uasset" SILENT=true
[2023.06.21-14.30.06:511][738]LogSavePackage: Save=116.18ms
[2023.06.21-14.30.06:511][738]LogSavePackage: Moving 'D:/Udemy/DrAward/DrAward/Saved/brick_bc616E52EB446A2148831E26A02E4966D0.tmp' to 'D:/Udemy/DrAward/DrAward/Content/Texture/brick_bc.uasset'
[2023.06.21-14.30.06:513][738]LogSavePackage: Display: Finished SavePackage D:/Udemy/DrAward/DrAward/Content/Texture/brick_bc.uasset
[2023.06.21-14.30.36:021][ 86]LogRenderer: Reallocating scene render targets to support 1432x932 Format 10 NumSamples 1 (Frame:1158).
[2023.06.21-14.30.45:098][ 46]LogTemp: Executing iPhonePackager certificates Engine -bundlename com.YourCompany.DrAward
[2023.06.21-14.30.45:098][ 46]LogTemp: CWD: C:\Program Files\Epic Games\UE_4.17\Engine\Binaries\DotNET\IOS
[2023.06.21-14.30.45:098][ 46]LogTemp: Initial Dir: C:\Program Files\Epic Games\UE_4.17
[2023.06.21-14.30.45:098][ 46]LogTemp: Env CWD: C:\Program Files\Epic Games\UE_4.17\Engine\Binaries\DotNET\IOS
[2023.06.21-14.30.45:109][ 47]LogTemp: BranchPath = DESKTOP-TGE5S74/C/Program Files/Epic Games/UE_4.17/Engine/Binaries --- GameBranchPath = DESKTOP-TGE5S74/C/Program Files/Epic Games/UE_4.17/Engine/Binaries
[2023.06.21-14.30.45:126][ 48]LogTemp: IPP ERROR: Could not find provision directory 'C:\Users\Sumino\AppData\Local/Apple Computer/MobileDevice/Provisioning Profiles/'.
[2023.06.21-14.32.58:761][787]LogTemp: Executing iPhonePackager certificates Engine -bundlename com.YourCompany.DrAward
[2023.06.21-14.32.58:761][787]LogTemp: CWD: C:\Program Files\Epic Games\UE_4.17\Engine\Binaries\DotNET\IOS
[2023.06.21-14.32.58:761][787]LogTemp: Initial Dir: C:\Program Files\Epic Games\UE_4.17
[2023.06.21-14.32.58:761][787]LogTemp: Env CWD: C:\Program Files\Epic Games\UE_4.17\Engine\Binaries\DotNET\IOS
[2023.06.21-14.32.58:761][787]LogTemp: BranchPath = DESKTOP-TGE5S74/C/Program Files/Epic Games/UE_4.17/Engine/Binaries --- GameBranchPath = DESKTOP-TGE5S74/C/Program Files/Epic Games/UE_4.17/Engine/Binaries
[2023.06.21-14.32.58:761][787]LogTemp: IPP ERROR: Could not find provision directory 'C:\Users\Sumino\AppData\Local/Apple Computer/MobileDevice/Provisioning Profiles/'.
[2023.06.21-14.34.38:466][807]LogTemp: Executing iPhonePackager certificates Engine -bundlename com.YourCompany.DrAward
[2023.06.21-14.34.38:466][807]LogTemp: CWD: C:\Program Files\Epic Games\UE_4.17\Engine\Binaries\DotNET\IOS
[2023.06.21-14.34.38:466][807]LogTemp: Initial Dir: C:\Program Files\Epic Games\UE_4.17
[2023.06.21-14.34.38:466][807]LogTemp: Env CWD: C:\Program Files\Epic Games\UE_4.17\Engine\Binaries\DotNET\IOS
[2023.06.21-14.34.38:466][807]LogTemp: BranchPath = DESKTOP-TGE5S74/C/Program Files/Epic Games/UE_4.17/Engine/Binaries --- GameBranchPath = DESKTOP-TGE5S74/C/Program Files/Epic Games/UE_4.17/Engine/Binaries
[2023.06.21-14.34.38:466][807]LogTemp: IPP ERROR: Could not find provision directory 'C:\Users\Sumino\AppData\Local/Apple Computer/MobileDevice/Provisioning Profiles/'.
[2023.06.21-14.38.19:438][254]LogContentBrowser: Native class hierarchy updated for 'TextureEditor' in 0.0010 seconds. Added 1 classes and 2 folders.
[2023.06.21-14.38.35:660][177]LogTexture: Display: Building textures: brick_orm (AutoDXT, 1024X1024)
[2023.06.21-14.38.40:085][668]Cmd: OBJ SAVEPACKAGE PACKAGE="/Game/Map/Main" FILE="D:/Udemy/DrAward/DrAward/Content/Map/Main.umap" SILENT=true AUTOSAVING=false KEEPDIRTY=false
[2023.06.21-14.38.40:113][668]LogSavePackage: Save=15.71ms
[2023.06.21-14.38.40:113][668]LogSavePackage: Moving 'D:/Udemy/DrAward/DrAward/Saved/Main828A6E564811A3A72A1278943F186964.tmp' to 'D:/Udemy/DrAward/DrAward/Content/Map/Main.umap'
[2023.06.21-14.38.40:115][668]LogSavePackage: Display: Finished SavePackage D:/Udemy/DrAward/DrAward/Content/Map/Main.umap
[2023.06.21-14.38.40:126][668]LogFileHelpers: Saving map 'Main' took 0.096
[2023.06.21-14.38.40:133][668]Cmd: OBJ SAVEPACKAGE PACKAGE="/Game/Texture/brick_orm" FILE="D:/Udemy/DrAward/DrAward/Content/Texture/brick_orm.uasset" SILENT=true
[2023.06.21-14.38.40:154][668]LogSavePackage: Save=17.91ms
[2023.06.21-14.38.40:154][668]LogSavePackage: Moving 'D:/Udemy/DrAward/DrAward/Saved/brick_orm311D05D54155251ABE430483448684FB.tmp' to 'D:/Udemy/DrAward/DrAward/Content/Texture/brick_orm.uasset'
[2023.06.21-14.38.40:156][668]LogSavePackage: Display: Finished SavePackage D:/Udemy/DrAward/DrAward/Content/Texture/brick_orm.uasset
[2023.06.21-14.44.47:883][212]LogContentBrowser: Native class hierarchy updated for 'MaterialEditor' in 0.0010 seconds. Added 1 classes and 0 folders.
[2023.06.21-14.44.47:887][212]LogMaterial: Missing cached shader map for material M_Brick, compiling. 
[2023.06.21-14.44.48:011][212]LogMaterial: Missing cached shader map for material M_Brick, compiling. 
[2023.06.21-14.44.48:060][212]LogSlate: Took 0.006088 seconds to synchronously load lazily loaded font '../../../Engine/Content/Editor/Slate/Fonts/Roboto-BoldCondensed.ttf' (158K)
[2023.06.21-14.44.49:328][338]MaterialEditorStats: Base pass shader: 78 instructions
[2023.06.21-14.44.49:328][338]MaterialEditorStats: Vertex shader: 29 instructions
[2023.06.21-14.44.49:329][338]MaterialEditorStats: Texture samplers: 1/16
[2023.06.21-14.47.28:491][831]LogMaterial: Missing cached shader map for material M_Brick, compiling. 
[2023.06.21-14.47.28:543][832]LogMaterial: Missing cached shader map for material Material_0, compiling. 
[2023.06.21-14.47.29:743][970]MaterialEditorStats: Base pass shader: 78 instructions
[2023.06.21-14.47.29:743][970]MaterialEditorStats: Vertex shader: 29 instructions
[2023.06.21-14.47.29:743][970]MaterialEditorStats: Texture samplers: 1/16
[2023.06.21-14.47.35:408][644]LogMaterial: Missing cached shader map for material M_Brick, compiling. 
[2023.06.21-14.47.35:882][695]MaterialEditorStats: Base pass shader: 78 instructions
[2023.06.21-14.47.35:882][695]MaterialEditorStats: Vertex shader: 29 instructions
[2023.06.21-14.47.35:882][695]MaterialEditorStats: Texture samplers: 1/16
[2023.06.21-14.47.57:044][226]LogMaterial: Missing cached shader map for material M_Brick, compiling. 
[2023.06.21-14.47.58:061][344]MaterialEditorStats: Base pass shader: 78 instructions
[2023.06.21-14.47.58:061][344]MaterialEditorStats: Vertex shader: 29 instructions
[2023.06.21-14.47.58:061][344]MaterialEditorStats: Texture samplers: 1/16
[2023.06.21-14.48.04:063][ 28]LogMaterial: Missing cached shader map for material M_Brick, compiling. 
[2023.06.21-14.48.04:565][ 82]MaterialEditorStats: Base pass shader: 78 instructions
[2023.06.21-14.48.04:565][ 82]MaterialEditorStats: Vertex shader: 29 instructions
[2023.06.21-14.48.04:565][ 82]MaterialEditorStats: Texture samplers: 1/16
[2023.06.21-14.48.45:627][985]LogMaterial: Missing cached shader map for material M_Brick, compiling. 
[2023.06.21-14.48.46:487][ 84]MaterialEditorStats: Base pass shader: 78 instructions
[2023.06.21-14.48.46:487][ 84]MaterialEditorStats: Vertex shader: 29 instructions
[2023.06.21-14.48.46:487][ 84]MaterialEditorStats: Texture samplers: 1/16
[2023.06.21-14.49.39:587][432]LogMaterial: Missing cached shader map for material M_Brick, compiling. 
[2023.06.21-14.49.40:493][540]MaterialEditorStats: Base pass shader: 78 instructions
[2023.06.21-14.49.40:493][540]MaterialEditorStats: Vertex shader: 29 instructions
[2023.06.21-14.49.40:493][540]MaterialEditorStats: Texture samplers: 1/16
[2023.06.21-14.49.45:210][ 99]LogMaterial: Missing cached shader map for material M_Brick, compiling. 
[2023.06.21-14.49.49:612][624]LogMaterial: Missing cached shader map for material M_Brick, compiling. 
[2023.06.21-14.49.50:084][678]MaterialEditorStats: Base pass shader: 78 instructions
[2023.06.21-14.49.50:084][678]MaterialEditorStats: Vertex shader: 29 instructions
[2023.06.21-14.49.50:084][678]MaterialEditorStats: Texture samplers: 1/16
[2023.06.21-14.49.51:016][789]LogMaterial: Missing cached shader map for material M_Brick, compiling. 
[2023.06.21-14.49.52:450][958]LogMaterial: Missing cached shader map for material M_Brick, compiling. 
[2023.06.21-14.49.52:467][958]LogMaterial: Missing cached shader map for material M_Brick, compiling. 
[2023.06.21-14.49.52:498][960]LogMaterial: Missing cached shader map for material M_Brick, compiling. 
[2023.06.21-14.49.53:148][ 32]MaterialEditorStats: Base pass shader: 78 instructions
[2023.06.21-14.49.53:148][ 32]MaterialEditorStats: Vertex shader: 29 instructions
[2023.06.21-14.49.53:148][ 32]MaterialEditorStats: Texture samplers: 1/16
[2023.06.21-14.49.56:564][434]LogMaterial: Missing cached shader map for material M_Brick, compiling. 
[2023.06.21-14.50.00:051][843]LogMaterial: Missing cached shader map for material M_Brick, compiling. 
[2023.06.21-14.50.00:537][899]MaterialEditorStats: Base pass shader: 78 instructions
[2023.06.21-14.50.00:537][899]MaterialEditorStats: Vertex shader: 29 instructions
[2023.06.21-14.50.00:537][899]MaterialEditorStats: Texture samplers: 1/16
[2023.06.21-14.50.00:791][929]LogMaterial: Missing cached shader map for material M_Brick, compiling. 
[2023.06.21-14.50.01:297][986]MaterialEditorStats: Base pass shader: 78 instructions
[2023.06.21-14.50.01:297][986]MaterialEditorStats: Vertex shader: 29 instructions
[2023.06.21-14.50.01:297][986]MaterialEditorStats: Texture samplers: 1/16
[2023.06.21-14.50.07:253][700]LogMaterial: Missing cached shader map for material M_Brick, compiling. 
[2023.06.21-14.50.07:722][754]MaterialEditorStats: Base pass shader: 78 instructions
[2023.06.21-14.50.07:722][754]MaterialEditorStats: Vertex shader: 29 instructions
[2023.06.21-14.50.07:722][754]MaterialEditorStats: Texture samplers: 1/16
[2023.06.21-14.50.08:792][879]LogMaterial: Missing cached shader map for material M_Brick, compiling. 
[2023.06.21-14.50.09:290][936]MaterialEditorStats: Base pass shader: 78 instructions
[2023.06.21-14.50.09:290][936]MaterialEditorStats: Vertex shader: 29 instructions
[2023.06.21-14.50.09:290][936]MaterialEditorStats: Texture samplers: 1/16
[2023.06.21-14.50.10:868][124]LogMaterial: Missing cached shader map for material M_Brick, compiling. 
[2023.06.21-14.50.11:244][167]LogMaterial: Missing cached shader map for material M_Brick, compiling. 
[2023.06.21-14.50.11:761][221]MaterialEditorStats: Base pass shader: 78 instructions
[2023.06.21-14.50.11:761][221]MaterialEditorStats: Vertex shader: 29 instructions
[2023.06.21-14.50.11:761][221]MaterialEditorStats: Texture samplers: 1/16
[2023.06.21-14.50.14:145][506]LogMaterial: Missing cached shader map for material M_Brick, compiling. 
[2023.06.21-14.50.14:604][557]MaterialEditorStats: Base pass shader: 78 instructions
[2023.06.21-14.50.14:604][557]MaterialEditorStats: Vertex shader: 29 instructions
[2023.06.21-14.50.14:604][557]MaterialEditorStats: Texture samplers: 1/16
[2023.06.21-14.50.23:007][559]Cmd: OBJ SAVEPACKAGE PACKAGE="/Game/Material/M_Brick" FILE="D:/Udemy/DrAward/DrAward/Content/Material/M_Brick.uasset" SILENT=true
[2023.06.21-14.50.23:017][559]LogSavePackage: Save=8.75ms
[2023.06.21-14.50.23:017][559]LogSavePackage: Moving 'D:/Udemy/DrAward/DrAward/Saved/M_BrickB89CF1BF43C55C6ABBE51F816EC39523.tmp' to 'D:/Udemy/DrAward/DrAward/Content/Material/M_Brick.uasset'
[2023.06.21-14.50.23:018][559]LogSavePackage: Display: Finished SavePackage D:/Udemy/DrAward/DrAward/Content/Material/M_Brick.uasset
[2023.06.21-14.51.40:558][366]Cmd: QUIT_EDITOR
[2023.06.21-14.51.40:600][366]LogWindowsTextInputMethodSystem: Display: IME system now activated using TSF (Microsoft IME).
[2023.06.21-14.51.40:615][366]LogExit: Preparing to exit.
[2023.06.21-14.51.41:172][366]LogExit: Editor shut down
[2023.06.21-14.51.41:198][366]LogExit: Transaction tracking system shut down
[2023.06.21-14.51.41:387][366]LogDirectoryWatcher: A directory notification for '../../../Engine/Content/' was aborted.
[2023.06.21-14.51.41:387][366]LogDirectoryWatcher: A directory notification for 'D:/Udemy/DrAward/DrAward/Content/' was aborted.
[2023.06.21-14.51.41:387][366]LogDirectoryWatcher: A directory notification for '../../../Engine/Plugins/2D/Paper2D/Content/' was aborted.
[2023.06.21-14.51.41:387][366]LogDirectoryWatcher: A directory notification for '../../../Engine/Plugins/Runtime/Oculus/OculusVR/Content/' was aborted.
[2023.06.21-14.51.41:664][366]LogExit: Object subsystem successfully closed.
[2023.06.21-14.51.41:713][366]LogD3D11RHI: Shutdown
[2023.06.21-14.51.41:713][366]LogD3D11RHI: CleanupD3DDevice
[2023.06.21-14.51.41:831][366]LogD3D11RHI: ~FD3D11DynamicRHI
[2023.06.21-14.51.41:874][366]LogModuleManager: Shutting down and abandoning module MaterialEditor (534)
[2023.06.21-14.51.41:874][366]LogModuleManager: Shutting down and abandoning module TextureEditor (532)
[2023.06.21-14.51.41:875][366]LogModuleManager: Shutting down and abandoning module StaticMeshEditor (530)
[2023.06.21-14.51.41:875][366]LogModuleManager: Shutting down and abandoning module ExternalImagePicker (528)
[2023.06.21-14.51.41:875][366]LogModuleManager: Shutting down and abandoning module HierarchicalLODOutliner (526)
[2023.06.21-14.51.41:875][366]LogModuleManager: Shutting down and abandoning module SceneOutliner (524)
[2023.06.21-14.51.41:875][366]LogModuleManager: Shutting down and abandoning module AddContentDialog (522)
[2023.06.21-14.51.41:876][366]LogDirectoryWatcher: A directory notification for 'C:/Program Files/Epic Games/UE_4.17/FeaturePacks/' was aborted.
[2023.06.21-14.51.41:882][366]LogModuleManager: Shutting down and abandoning module WidgetCarousel (521)
[2023.06.21-14.51.41:882][366]LogModuleManager: Shutting down and abandoning module EditorWidgets (518)
[2023.06.21-14.51.41:882][366]LogModuleManager: Shutting down and abandoning module CollectionManager (516)
[2023.06.21-14.51.41:882][366]LogDirectoryWatcher: A directory notification for 'D:/Udemy/DrAward/DrAward/Content/Collections/' was aborted.
[2023.06.21-14.51.41:882][366]LogDirectoryWatcher: A directory notification for 'D:/Udemy/DrAward/DrAward/Content/Developers/Sumino/Collections/' was aborted.
[2023.06.21-14.51.41:882][366]LogDirectoryWatcher: A directory notification for 'D:/Udemy/DrAward/DrAward/Saved/Collections/' was aborted.
[2023.06.21-14.51.41:882][366]LogModuleManager: Shutting down and abandoning module StatsViewer (514)
[2023.06.21-14.51.41:883][366]LogModuleManager: Shutting down and abandoning module FoliageEdit (512)
[2023.06.21-14.51.41:883][366]LogModuleManager: Shutting down and abandoning module LandscapeEditor (510)
[2023.06.21-14.51.41:884][366]LogModuleManager: Shutting down and abandoning module MeshPaintMode (508)
[2023.06.21-14.51.41:884][366]LogModuleManager: Shutting down and abandoning module SceneDepthPickerMode (506)
[2023.06.21-14.51.41:884][366]LogModuleManager: Shutting down and abandoning module ActorPickerMode (504)
[2023.06.21-14.51.41:884][366]LogModuleManager: Shutting down and abandoning module GeometryMode (502)
[2023.06.21-14.51.41:884][366]LogModuleManager: Shutting down and abandoning module TextureAlignMode (500)
[2023.06.21-14.51.41:884][366]LogModuleManager: Shutting down and abandoning module BspMode (498)
[2023.06.21-14.51.41:884][366]LogModuleManager: Shutting down and abandoning module PIEPreviewDeviceProfileSelector (496)
[2023.06.21-14.51.41:884][366]LogModuleManager: Shutting down and abandoning module HardwareSurvey (494)
[2023.06.21-14.51.41:884][366]LogModuleManager: Shutting down and abandoning module SequenceRecorderSections (492)
[2023.06.21-14.51.41:884][366]LogModuleManager: Shutting down and abandoning module AutomationWorker (490)
[2023.06.21-14.51.41:885][366]LogModuleManager: Shutting down and abandoning module MatineeToLevelSequence (488)
[2023.06.21-14.51.41:885][366]LogModuleManager: Shutting down and abandoning module LevelSequenceEditor (486)
[2023.06.21-14.51.41:887][366]LogModuleManager: Shutting down and abandoning module PlacementMode (485)
[2023.06.21-14.51.41:887][366]LogModuleManager: Shutting down and abandoning module WmfMediaFactory (482)
[2023.06.21-14.51.41:887][366]LogModuleManager: Shutting down and abandoning module WmfMediaEditor (480)
[2023.06.21-14.51.41:887][366]LogModuleManager: Shutting down and abandoning module AvfMediaFactory (478)
[2023.06.21-14.51.41:887][366]LogModuleManager: Shutting down and abandoning module AvfMediaEditor (476)
[2023.06.21-14.51.41:887][366]LogModuleManager: Shutting down and abandoning module AndroidMediaFactory (474)
[2023.06.21-14.51.41:887][366]LogModuleManager: Shutting down and abandoning module Media (473)
[2023.06.21-14.51.41:887][366]LogModuleManager: Shutting down and abandoning module AndroidMediaEditor (470)
[2023.06.21-14.51.41:887][366]LogModuleManager: Shutting down and abandoning module CharacterAI (468)
[2023.06.21-14.51.41:887][366]LogModuleManager: Shutting down and abandoning module AudioCapture (466)
[2023.06.21-14.51.41:887][366]LogModuleManager: Shutting down and abandoning module SequenceRecorder (465)
[2023.06.21-14.51.41:887][366]LogModuleManager: Shutting down and abandoning module SmartSnapping (462)
[2023.06.21-14.51.41:887][366]LogModuleManager: Shutting down and abandoning module SessionServices (460)
[2023.06.21-14.51.41:887][366]LogModuleManager: Shutting down and abandoning module ViewportSnapping (458)
[2023.06.21-14.51.41:887][366]LogModuleManager: Shutting down and abandoning module ViewportInteraction (456)
[2023.06.21-14.51.41:887][366]LogModuleManager: Shutting down and abandoning module ClothPainter (454)
[2023.06.21-14.51.41:889][366]LogModuleManager: Shutting down and abandoning module LogVisualizer (452)
[2023.06.21-14.51.41:890][366]LogModuleManager: Shutting down and abandoning module IntroTutorials (450)
[2023.06.21-14.51.41:890][366]LogModuleManager: Shutting down and abandoning module GameProjectGeneration (449)
[2023.06.21-14.51.41:892][366]LogModuleManager: Shutting down and abandoning module IOSPlatformEditor (446)
[2023.06.21-14.51.41:892][366]LogModuleManager: Shutting down and abandoning module HTML5PlatformEditor (444)
[2023.06.21-14.51.41:892][366]LogModuleManager: Shutting down and abandoning module AndroidPlatformEditor (442)
[2023.06.21-14.51.41:892][366]LogModuleManager: Shutting down and abandoning module AndroidDeviceDetection (441)
[2023.06.21-14.51.42:621][366]LogModuleManager: Shutting down and abandoning module WindowsPlatformEditor (438)
[2023.06.21-14.51.42:621][366]LogModuleManager: Shutting down and abandoning module IOSRuntimeSettings (436)
[2023.06.21-14.51.42:621][366]LogModuleManager: Shutting down and abandoning module AndroidRuntimeSettings (434)
[2023.06.21-14.51.42:621][366]LogModuleManager: Shutting down and abandoning module InputBindingEditor (432)
[2023.06.21-14.51.42:621][366]LogModuleManager: Shutting down and abandoning module MergeActors (430)
[2023.06.21-14.51.42:622][366]LogModuleManager: Shutting down and abandoning module SizeMap (428)
[2023.06.21-14.51.42:622][366]LogModuleManager: Shutting down and abandoning module TreeMap (426)
[2023.06.21-14.51.42:623][366]LogModuleManager: Shutting down and abandoning module ReferenceViewer (424)
[2023.06.21-14.51.42:623][366]LogModuleManager: Shutting down and abandoning module LocalizationDashboard (422)
[2023.06.21-14.51.42:624][366]LogModuleManager: Shutting down and abandoning module LocalizationService (421)
[2023.06.21-14.51.42:624][366]LogModuleManager: Shutting down and abandoning module HardwareTargeting (418)
[2023.06.21-14.51.42:624][366]LogModuleManager: Shutting down and abandoning module DeviceProfileEditor (416)
[2023.06.21-14.51.42:625][366]LogModuleManager: Shutting down and abandoning module UndoHistory (414)
[2023.06.21-14.51.42:625][366]LogModuleManager: Shutting down and abandoning module XmlParser (412)
[2023.06.21-14.51.42:625][366]LogModuleManager: Shutting down and abandoning module Blutility (410)
[2023.06.21-14.51.42:625][366]LogModuleManager: Shutting down and abandoning module ProjectSettingsViewer (408)
[2023.06.21-14.51.42:625][366]LogModuleManager: Shutting down and abandoning module ProjectTargetPlatformEditor (407)
[2023.06.21-14.51.42:626][366]LogModuleManager: Shutting down and abandoning module EditorSettingsViewer (404)
[2023.06.21-14.51.42:626][366]LogModuleManager: Shutting down and abandoning module SettingsEditor (402)
[2023.06.21-14.51.42:626][366]LogModuleManager: Shutting down and abandoning module ProjectLauncher (400)
[2023.06.21-14.51.42:627][366]LogModuleManager: Shutting down and abandoning module SessionFrontend (398)
[2023.06.21-14.51.42:627][366]LogModuleManager: Shutting down and abandoning module ProfilerClient (396)
[2023.06.21-14.51.42:628][366]LogModuleManager: Shutting down and abandoning module DeviceManager (394)
[2023.06.21-14.51.42:629][366]LogModuleManager: Shutting down and abandoning module TargetDeviceServices (393)
[2023.06.21-14.51.42:695][366]LogModuleManager: Shutting down and abandoning module AutomationController (390)
[2023.06.21-14.51.42:696][366]LogModuleManager: Shutting down and abandoning module AutomationWindow (388)
[2023.06.21-14.51.42:697][366]LogModuleManager: Shutting down and abandoning module Layers (386)
[2023.06.21-14.51.42:699][366]LogModuleManager: Shutting down and abandoning module ComponentVisualizers (384)
[2023.06.21-14.51.42:700][366]LogModuleManager: Shutting down and abandoning module DetailCustomizations (382)
[2023.06.21-14.51.42:700][366]LogModuleManager: Shutting down and abandoning module PackagesDialog (380)
[2023.06.21-14.51.42:701][366]LogModuleManager: Shutting down and abandoning module Persona (378)
[2023.06.21-14.51.42:703][366]LogModuleManager: Shutting down and abandoning module AdvancedPreviewScene (377)
[2023.06.21-14.51.42:703][366]LogModuleManager: Shutting down and abandoning module AnimGraph (375)
[2023.06.21-14.51.42:704][366]LogModuleManager: Shutting down and abandoning module Kismet (372)
[2023.06.21-14.51.42:705][366]LogModuleManager: Shutting down and abandoning module ClassViewer (370)
[2023.06.21-14.51.42:705][366]LogModuleManager: Shutting down and abandoning module Toolbox (368)
[2023.06.21-14.51.42:705][366]LogModuleManager: Shutting down and abandoning module ModuleUI (366)
[2023.06.21-14.51.42:705][366]LogModuleManager: Shutting down and abandoning module MovieSceneTools (364)
[2023.06.21-14.51.42:707][366]LogModuleManager: Shutting down and abandoning module OutputLog (362)
[2023.06.21-14.51.42:707][366]LogModuleManager: Shutting down and abandoning module GammaUI (360)
[2023.06.21-14.51.42:708][366]LogModuleManager: Shutting down and abandoning module Documentation (358)
[2023.06.21-14.51.42:708][366]LogModuleManager: Shutting down and abandoning module MovieSceneTracks (356)
[2023.06.21-14.51.42:708][366]LogModuleManager: Shutting down and abandoning module MovieScene (354)
[2023.06.21-14.51.42:708][366]LogModuleManager: Shutting down and abandoning module Niagara (352)
[2023.06.21-14.51.42:708][366]LogModuleManager: Shutting down and abandoning module NiagaraEditor (351)
[2023.06.21-14.51.42:710][366]LogModuleManager: Shutting down and abandoning module StreamingPauseRendering (348)
[2023.06.21-14.51.42:711][366]LogModuleManager: Shutting down and abandoning module LauncherPlatform (346)
[2023.06.21-14.51.42:711][366]LogModuleManager: Shutting down and abandoning module AnalyticsET (344)
[2023.06.21-14.51.42:711][366]LogModuleManager: Shutting down and abandoning module PortalServices (342)
[2023.06.21-14.51.42:711][366]LogModuleManager: Shutting down and abandoning module PortalRpc (340)
[2023.06.21-14.51.42:711][366]LogModuleManager: Shutting down and abandoning module MessagingRpc (338)
[2023.06.21-14.51.42:711][366]LogModuleManager: Shutting down and abandoning module AIModule (336)
[2023.06.21-14.51.42:711][366]LogModuleManager: Shutting down and abandoning module GameplayDebugger (335)
[2023.06.21-14.51.42:711][366]LogModuleManager: Shutting down and abandoning module AITestSuite (333)
[2023.06.21-14.51.42:712][366]LogModuleManager: Shutting down and abandoning module ProfilerService (330)
[2023.06.21-14.51.42:935][366]LogModuleManager: Shutting down and abandoning module TaskGraph (328)
[2023.06.21-14.51.42:936][366]LogModuleManager: Shutting down and abandoning module ProceduralMeshComponentEditor (326)
[2023.06.21-14.51.42:936][366]LogModuleManager: Shutting down and abandoning module ProceduralMeshComponent (324)
[2023.06.21-14.51.42:936][366]LogModuleManager: Shutting down and abandoning module OculusInput (322)
[2023.06.21-14.51.42:937][366]LogModuleManager: Shutting down and abandoning module MobilePatchingUtils (320)
[2023.06.21-14.51.42:937][366]LogModuleManager: Shutting down and abandoning module CustomMeshComponent (318)
[2023.06.21-14.51.42:937][366]LogModuleManager: Shutting down and abandoning module CableComponent (316)
[2023.06.21-14.51.42:937][366]LogModuleManager: Shutting down and abandoning module ArchVisCharacter (314)
[2023.06.21-14.51.42:937][366]LogModuleManager: Shutting down and abandoning module AndroidPermission (312)
[2023.06.21-14.51.42:937][366]LogModuleManager: Shutting down and abandoning module MediaPlayerEditor (308)
[2023.06.21-14.51.42:939][366]LogModuleManager: Shutting down and abandoning module HTML5Networking (306)
[2023.06.21-14.51.42:939][366]LogModuleManager: Shutting down and abandoning module AlembicImporter (304)
[2023.06.21-14.51.42:940][366]LogModuleManager: Shutting down and abandoning module AlembicLibrary (303)
[2023.06.21-14.51.42:940][366]LogModuleManager: Shutting down and abandoning module GeometryCache (302)
[2023.06.21-14.51.42:940][366]LogModuleManager: Shutting down and abandoning module GeometryCacheEd (301)
[2023.06.21-14.51.42:940][366]LogModuleManager: Shutting down and abandoning module SpeedTreeImporter (296)
[2023.06.21-14.51.42:940][366]LogModuleManager: Shutting down and abandoning module PluginBrowser (294)
[2023.06.21-14.51.42:940][366]LogModuleManager: Shutting down and abandoning module MobileLauncherProfileWizard (292)
[2023.06.21-14.51.42:941][366]LogModuleManager: Shutting down and abandoning module VisualStudioSourceCodeAccess (290)
[2023.06.21-14.51.42:941][366]LogModuleManager: Shutting down and abandoning module DesktopPlatform (289)
[2023.06.21-14.51.42:942][366]LogModuleManager: Shutting down and abandoning module UObjectPlugin (286)
[2023.06.21-14.51.42:942][366]LogModuleManager: Shutting down and abandoning module SubversionSourceControl (284)
[2023.06.21-14.51.42:943][366]LogModuleManager: Shutting down and abandoning module PerforceSourceControl (282)
[2023.06.21-14.51.42:944][366]LogModuleManager: Shutting down and abandoning module GitSourceControl (280)
[2023.06.21-14.51.42:945][366]LogModuleManager: Shutting down and abandoning module SourceControl (279)
[2023.06.21-14.51.42:946][366]LogModuleManager: Shutting down and abandoning module LightPropagationVolumeEditor (276)
[2023.06.21-14.51.42:946][366]LogModuleManager: Shutting down and abandoning module PaperTiledImporter (274)
[2023.06.21-14.51.42:946][366]LogModuleManager: Shutting down and abandoning module PaperSpriteSheetImporter (272)
[2023.06.21-14.51.42:946][366]LogModuleManager: Shutting down and abandoning module Paper2DEditor (270)
[2023.06.21-14.51.42:947][366]LogModuleManager: Shutting down and abandoning module MeshPaint (269)
[2023.06.21-14.51.42:949][366]LogModuleManager: Shutting down and abandoning module LevelEditor (267)
[2023.06.21-14.51.42:953][366]LogModuleManager: Shutting down and abandoning module PixelInspectorModule (266)
[2023.06.21-14.51.42:953][366]LogModuleManager: Shutting down and abandoning module MainFrame (264)
[2023.06.21-14.51.42:953][366]LogModuleManager: Shutting down and abandoning module HotReload (263)
[2023.06.21-14.51.42:956][366]LogModuleManager: Shutting down and abandoning module RuntimePhysXCooking (258)
[2023.06.21-14.51.42:956][366]LogModuleManager: Shutting down and abandoning module PhysXVehiclesEditor (256)
[2023.06.21-14.51.42:956][366]LogModuleManager: Shutting down and abandoning module PhysXVehicles (254)
[2023.06.21-14.51.42:956][366]LogModuleManager: Shutting down and abandoning module OculusEditor (252)
[2023.06.21-14.51.42:956][366]LogModuleManager: Shutting down and abandoning module LocationServicesBPLibrary (250)
[2023.06.21-14.51.42:956][366]LogModuleManager: Shutting down and abandoning module ImmediatePhysicsEditor (248)
[2023.06.21-14.51.42:956][366]LogModuleManager: Shutting down and abandoning module ImmediatePhysics (246)
[2023.06.21-14.51.42:957][366]LogModuleManager: Shutting down and abandoning module UdpMessaging (244)
[2023.06.21-14.51.43:058][366]LogModuleManager: Shutting down and abandoning module TcpMessaging (242)
[2023.06.21-14.51.43:159][366]LogModuleManager: Shutting down and abandoning module GameplayTagsEditor (240)
[2023.06.21-14.51.43:161][366]LogModuleManager: Shutting down and abandoning module FacialAnimationEditor (238)
[2023.06.21-14.51.43:161][366]LogModuleManager: Shutting down and abandoning module FacialAnimation (236)
[2023.06.21-14.51.43:161][366]LogModuleManager: Shutting down and abandoning module AssetManagerEditor (234)
[2023.06.21-14.51.43:163][366]LogModuleManager: Shutting down and abandoning module GraphEditor (233)
[2023.06.21-14.51.43:163][366]LogModuleManager: Shutting down and abandoning module ContentBrowser (231)
[2023.06.21-14.51.43:168][366]LogModuleManager: Shutting down and abandoning module LightPropagationVolumeRuntime (228)
[2023.06.21-14.51.43:168][366]LogModuleManager: Shutting down and abandoning module Paper2D (226)
[2023.06.21-14.51.43:169][366]LogModuleManager: Shutting down and abandoning module WindowsMoviePlayer (224)
[2023.06.21-14.51.43:169][366]LogModuleManager: Shutting down and abandoning module WmfMedia (222)
[2023.06.21-14.51.43:177][366]LogModuleManager: Shutting down and abandoning module PacketHandler (220)
[2023.06.21-14.51.43:177][366]LogModuleManager: Shutting down and abandoning module ClothingSystemEditor (218)
[2023.06.21-14.51.43:177][366]LogModuleManager: Shutting down and abandoning module ClothingSystemRuntime (216)
[2023.06.21-14.51.43:179][366]LogModuleManager: Shutting down and abandoning module Overlay (214)
[2023.06.21-14.51.43:179][366]LogModuleManager: Shutting down and abandoning module OverlayEditor (213)
[2023.06.21-14.51.43:179][366]LogModuleManager: Shutting down and abandoning module MediaAssets (210)
[2023.06.21-14.51.43:179][366]LogModuleManager: Shutting down and abandoning module VREditor (208)
[2023.06.21-14.51.43:180][366]LogModuleManager: Shutting down and abandoning module StringTableEditor (206)
[2023.06.21-14.51.43:180][366]LogModuleManager: Shutting down and abandoning module GameplayTasksEditor (204)
[2023.06.21-14.51.43:180][366]LogModuleManager: Shutting down and abandoning module BehaviorTreeEditor (202)
[2023.06.21-14.51.43:182][366]LogModuleManager: Shutting down and abandoning module FunctionalTesting (200)
[2023.06.21-14.51.43:183][366]LogModuleManager: Shutting down and abandoning module CollisionAnalyzer (198)
[2023.06.21-14.51.43:183][366]LogModuleManager: Shutting down and abandoning module WorkspaceMenuStructure (197)
[2023.06.21-14.51.43:183][366]LogModuleManager: Shutting down and abandoning module UMG (194)
[2023.06.21-14.51.43:185][366]LogModuleManager: Shutting down and abandoning module UMGEditor (193)
[2023.06.21-14.51.43:186][366]LogModuleManager: Shutting down and abandoning module Sequencer (192)
[2023.06.21-14.51.43:187][366]LogModuleManager: Shutting down and abandoning module MessageLog (189)
[2023.06.21-14.51.43:187][366]LogModuleManager: Shutting down and abandoning module SlateReflector (184)
[2023.06.21-14.51.43:189][366]LogModuleManager: Shutting down and abandoning module Slate (182)
[2023.06.21-14.51.43:189][366]LogModuleManager: Shutting down and abandoning module EditorStyle (180)
[2023.06.21-14.51.43:195][366]LogModuleManager: Shutting down and abandoning module MRMesh (178)
[2023.06.21-14.51.43:195][366]LogModuleManager: Shutting down and abandoning module SourceCodeAccess (176)
[2023.06.21-14.51.43:195][366]LogModuleManager: Shutting down and abandoning module HeadMountedDisplay (174)
[2023.06.21-14.51.43:195][366]LogModuleManager: Shutting down and abandoning module XAudio2 (172)
[2023.06.21-14.51.43:195][366]LogModuleManager: Shutting down and abandoning module Networking (170)
[2023.06.21-14.51.43:195][366]LogModuleManager: Shutting down and abandoning module Core (166)
[2023.06.21-14.51.43:195][366]LogModuleManager: Shutting down and abandoning module KismetCompiler (162)
[2023.06.21-14.51.43:195][366]LogModuleManager: Shutting down and abandoning module LevelSequence (160)
[2023.06.21-14.51.43:195][366]LogModuleManager: Shutting down and abandoning module MeshUtilities (158)
[2023.06.21-14.51.43:195][366]LogModuleManager: Shutting down and abandoning module MeshMergeUtilities (157)
[2023.06.21-14.51.43:196][366]LogModuleManager: Shutting down and abandoning module MeshReductionInterface (156)
[2023.06.21-14.51.43:196][366]LogModuleManager: Shutting down and abandoning module SimplygonSwarm (155)
[2023.06.21-14.51.43:197][366]LogModuleManager: Shutting down and abandoning module SimplygonMeshReduction (153)
[2023.06.21-14.51.43:197][366]LogModuleManager: Shutting down and abandoning module QuadricMeshReduction (151)
[2023.06.21-14.51.43:198][366]LogModuleManager: Shutting down and abandoning module MaterialBaking (147)
[2023.06.21-14.51.43:200][366]LogModuleManager: Shutting down and abandoning module DirectoryWatcher (144)
[2023.06.21-14.51.43:206][366]LogModuleManager: Shutting down and abandoning module DerivedDataCache (142)
[2023.06.21-14.51.43:297][366]LogDerivedDataCache: Shutdown
[2023.06.21-14.51.43:297][366]LogModuleManager: Shutting down and abandoning module TargetPlatform (140)
[2023.06.21-14.51.43:297][366]LogModuleManager: Shutting down and abandoning module VulkanShaderFormat (139)
[2023.06.21-14.51.43:298][366]LogModuleManager: Shutting down and abandoning module ShaderFormatVectorVM (137)
[2023.06.21-14.51.43:298][366]LogModuleManager: Shutting down and abandoning module ShaderFormatOpenGL (135)
[2023.06.21-14.51.43:298][366]LogModuleManager: Shutting down and abandoning module ShaderFormatD3D (133)
[2023.06.21-14.51.43:299][366]LogModuleManager: Shutting down and abandoning module MetalShaderFormat (131)
[2023.06.21-14.51.43:300][366]LogModuleManager: Shutting down and abandoning module TextureFormatUncompressed (129)
[2023.06.21-14.51.43:300][366]LogModuleManager: Shutting down and abandoning module TextureFormatPVR (127)
[2023.06.21-14.51.43:300][366]LogModuleManager: Shutting down and abandoning module TextureFormatDXT (125)
[2023.06.21-14.51.43:300][366]LogModuleManager: Shutting down and abandoning module TextureFormatIntelISPCTexComp (123)
[2023.06.21-14.51.43:301][366]LogModuleManager: Shutting down and abandoning module TextureFormatASTC (121)
[2023.06.21-14.51.43:301][366]LogModuleManager: Shutting down and abandoning module ImageWrapper (120)
[2023.06.21-14.51.43:301][366]LogModuleManager: Shutting down and abandoning module TextureFormatAndroid (117)
[2023.06.21-14.51.43:301][366]LogModuleManager: Shutting down and abandoning module AudioFormatOpus (115)
[2023.06.21-14.51.43:302][366]LogModuleManager: Shutting down and abandoning module AudioFormatOgg (113)
[2023.06.21-14.51.43:302][366]LogModuleManager: Shutting down and abandoning module AudioFormatADPCM (111)
[2023.06.21-14.51.43:302][366]LogModuleManager: Shutting down and abandoning module LinuxTargetPlatform (109)
[2023.06.21-14.51.43:302][366]LogModuleManager: Shutting down and abandoning module LinuxServerTargetPlatform (107)
[2023.06.21-14.51.43:302][366]LogModuleManager: Shutting down and abandoning module LinuxNoEditorTargetPlatform (105)
[2023.06.21-14.51.43:302][366]LogModuleManager: Shutting down and abandoning module LinuxClientTargetPlatform (103)
[2023.06.21-14.51.43:302][366]LogModuleManager: Shutting down and abandoning module TVOSTargetPlatform (101)
[2023.06.21-14.51.43:302][366]LogModuleManager: Shutting down and abandoning module Messaging (99)
[2023.06.21-14.51.43:302][366]LogModuleManager: Shutting down and abandoning module IOSTargetPlatform (97)
[2023.06.21-14.51.43:302][366]LogModuleManager: Shutting down and abandoning module HTML5TargetPlatform (95)
[2023.06.21-14.51.43:302][366]LogModuleManager: Shutting down and abandoning module Android_PVRTCTargetPlatform (93)
[2023.06.21-14.51.43:302][366]LogModuleManager: Shutting down and abandoning module Android_MultiTargetPlatform (91)
[2023.06.21-14.51.43:302][366]LogModuleManager: Shutting down and abandoning module Android_ETC2TargetPlatform (89)
[2023.06.21-14.51.43:302][366]LogModuleManager: Shutting down and abandoning module Android_ETC1TargetPlatform (87)
[2023.06.21-14.51.43:302][366]LogModuleManager: Shutting down and abandoning module Android_DXTTargetPlatform (85)
[2023.06.21-14.51.43:302][366]LogModuleManager: Shutting down and abandoning module Android_ATCTargetPlatform (83)
[2023.06.21-14.51.43:302][366]LogModuleManager: Shutting down and abandoning module Android_ASTCTargetPlatform (81)
[2023.06.21-14.51.43:302][366]LogModuleManager: Shutting down and abandoning module AndroidTargetPlatform (79)
[2023.06.21-14.51.43:302][366]LogModuleManager: Shutting down and abandoning module WindowsTargetPlatform (77)
[2023.06.21-14.51.43:302][366]LogModuleManager: Shutting down and abandoning module WindowsServerTargetPlatform (75)
[2023.06.21-14.51.43:302][366]LogModuleManager: Shutting down and abandoning module WindowsNoEditorTargetPlatform (73)
[2023.06.21-14.51.43:302][366]LogModuleManager: Shutting down and abandoning module WindowsClientTargetPlatform (71)
[2023.06.21-14.51.43:302][366]LogModuleManager: Shutting down and abandoning module MacTargetPlatform (69)
[2023.06.21-14.51.43:302][366]LogModuleManager: Shutting down and abandoning module MacServerTargetPlatform (67)
[2023.06.21-14.51.43:302][366]LogModuleManager: Shutting down and abandoning module MacNoEditorTargetPlatform (65)
[2023.06.21-14.51.43:302][366]LogModuleManager: Shutting down and abandoning module MacClientTargetPlatform (63)
[2023.06.21-14.51.43:302][366]LogModuleManager: Shutting down and abandoning module AllDesktopTargetPlatform (61)
[2023.06.21-14.51.43:302][366]LogModuleManager: Shutting down and abandoning module InputCore (58)
[2023.06.21-14.51.43:302][366]LogModuleManager: Shutting down and abandoning module Settings (56)
[2023.06.21-14.51.43:302][366]LogModuleManager: Shutting down and abandoning module PhysXCooking (54)
[2023.06.21-14.51.43:302][366]LogModuleManager: Shutting down and abandoning module OculusHMD (52)
[2023.06.21-14.51.43:303][366]LogModuleManager: Shutting down and abandoning module ExampleDeviceProfileSelector (50)
[2023.06.21-14.51.43:303][366]LogModuleManager: Shutting down and abandoning module OnlineBlueprintSupport (48)
[2023.06.21-14.51.43:303][366]LogModuleManager: Shutting down and abandoning module OnlineSubsystem (44)
[2023.06.21-14.51.43:303][366]LogOnline: Display: Unloading online subsystem: NULL
[2023.06.21-14.51.43:304][366]LogModuleManager: Shutting down and abandoning module XMPP (43)
[2023.06.21-14.51.43:306][366]LogModuleManager: Shutting down and abandoning module HTTP (41)
[2023.06.21-14.51.43:306][366]LogHttp: Display: Http module shutting down, but needs to wait on 1 outstanding Http requests:
[2023.06.21-14.51.43:306][366]LogHttp: Display: 	verb=[POST] url=[https://datarouter.ol.epicgames.com/datarouter/api/v1/public/data?SessionID=%7B6C0067C3-4D65-EFEE-1992-F7BA73CD2A26%7D&AppID=UEEditor.Rocket.Release&AppVersion=4.17.2-3658906%2B%2B%2BUE4%2BRelease-4.17&UserID=52033c1740a4e7ca27960a9344d9c1a7%7C44e971d649b846a8b0dc4e719a8daffb%7C5cbb07df-5b68-467d-bc67-755f73e9c2bc&AppEnvironment=datacollector-binary&UploadType=eteventstream] status=Processing
[2023.06.21-14.51.43:323][366]LogModuleManager: Shutting down and abandoning module SSL (40)
[2023.06.21-14.51.43:327][366]LogModuleManager: Shutting down and abandoning module AnimationModifiers (36)
[2023.06.21-14.51.43:328][366]LogModuleManager: Shutting down and abandoning module PropertyEditor (35)
[2023.06.21-14.51.43:328][366]LogModuleManager: Shutting down and abandoning module AudioEditor (32)
[2023.06.21-14.51.43:329][366]LogModuleManager: Shutting down and abandoning module TextureCompressor (30)
[2023.06.21-14.51.43:329][366]LogModuleManager: Shutting down and abandoning module ShaderCore (28)
[2023.06.21-14.51.43:330][366]LogModuleManager: Shutting down and abandoning module Landscape (26)
[2023.06.21-14.51.43:330][366]LogModuleManager: Shutting down and abandoning module SlateRHIRenderer (24)
[2023.06.21-14.51.43:342][366]LogModuleManager: Shutting down and abandoning module OpenGLDrv (22)
[2023.06.21-14.51.43:342][366]LogModuleManager: Shutting down and abandoning module D3D11RHI (20)
[2023.06.21-14.51.43:342][366]LogModuleManager: Shutting down and abandoning module AnimGraphRuntime (18)
[2023.06.21-14.51.43:343][366]LogModuleManager: Shutting down and abandoning module Renderer (16)
[2023.06.21-14.51.43:343][366]LogModuleManager: Shutting down and abandoning module Engine (14)
[2023.06.21-14.51.43:343][366]LogModuleManager: Shutting down and abandoning module CoreUObject (12)
[2023.06.21-14.51.43:343][366]LogModuleManager: Shutting down and abandoning module NetworkFile (10)
[2023.06.21-14.51.43:343][366]LogModuleManager: Shutting down and abandoning module CookedIterativeFile (8)
[2023.06.21-14.51.43:343][366]LogModuleManager: Shutting down and abandoning module StreamingFile (6)
[2023.06.21-14.51.43:344][366]LogModuleManager: Shutting down and abandoning module SandboxFile (4)
[2023.06.21-14.51.43:344][366]LogModuleManager: Shutting down and abandoning module PakFile (2)
[2023.06.21-14.51.43:354][366]LogExit: Exiting.
[2023.06.21-14.51.43:369][366]Log file closed, 06/21/23 23:51:43
