Log file open, 08/20/23 15:51:00
LogWindows: Failed to load 'aqProf.dll' (GetLastError=126)
LogWindows: File 'aqProf.dll' does not exist
LogWindows: Failed to load 'VSPerf140.dll' (GetLastError=126)
LogWindows: File 'VSPerf140.dll' does not exist
LogWindows: Failed to load 'VtuneApi.dll' (GetLastError=126)
LogWindows: File 'VtuneApi.dll' does not exist
LogWindows: Failed to load 'VtuneApi32e.dll' (GetLastError=126)
LogWindows: File 'VtuneApi32e.dll' does not exist
LogInit: Display: Running engine for game: DrAward
LogPlatformFile: Not using cached read wrapper
LogInit: Display: RandInit(-254821621) SRandInit(-254821621).
LogTaskGraph: Started task graph with 5 named threads and 20 total threads with 3 sets of task threads.
LogStats: Stats thread started at 0.318174
LogD3D11RHI: Aftermath initialized
LogPluginManager: Mounting plugin Paper2D
LogPluginManager: Mounting plugin LightPropagationVolume
LogPluginManager: Mounting plugin CodeLiteSourceCodeAccess
LogPluginManager: Mounting plugin GitSourceControl
LogPluginManager: Mounting plugin KDevelopSourceCodeAccess
LogPluginManager: Mounting plugin NullSourceCodeAccess
LogPluginManager: Mounting plugin PerforceSourceControl
LogPluginManager: Mounting plugin SubversionSourceControl
LogPluginManager: Mounting plugin UObjectPlugin
LogPluginManager: Mounting plugin VisualStudioSourceCodeAccess
LogPluginManager: Mounting plugin XCodeSourceCodeAccess
LogPluginManager: Mounting plugin AssetManagerEditor
LogPluginManager: Mounting plugin AudioCapture
LogPluginManager: Mounting plugin FacialAnimation
LogPluginManager: Mounting plugin GameplayTagsEditor
LogPluginManager: Mounting plugin MobileLauncherProfileWizard
LogPluginManager: Mounting plugin PluginBrowser
LogPluginManager: Mounting plugin SpeedTreeImporter
LogPluginManager: Mounting plugin AlembicImporter
LogPluginManager: Mounting plugin CharacterAI
LogPluginManager: Mounting plugin HTML5Networking
LogPluginManager: Mounting plugin AndroidMedia
LogPluginManager: Mounting plugin AvfMedia
LogPluginManager: Mounting plugin MediaPlayerEditor
LogPluginManager: Mounting plugin WmfMedia
LogPluginManager: Mounting plugin TcpMessaging
LogPluginManager: Mounting plugin UdpMessaging
LogPluginManager: Mounting plugin LevelSequenceEditor
LogPluginManager: Mounting plugin MatineeToLevelSequence
LogPluginManager: Mounting plugin OnlineSubsystemGooglePlay
LogPluginManager: Mounting plugin OnlineSubsystemIOS
LogPluginManager: Mounting plugin OnlineSubsystem
LogPluginManager: Mounting plugin OnlineSubsystemNull
LogPluginManager: Mounting plugin OnlineSubsystemUtils
LogPluginManager: Mounting plugin AndroidDeviceProfileSelector
LogPluginManager: Mounting plugin AndroidMoviePlayer
LogPluginManager: Mounting plugin AndroidPermission
LogPluginManager: Mounting plugin AppleMoviePlayer
LogPluginManager: Mounting plugin ArchVisCharacter
LogPluginManager: Mounting plugin CableComponent
LogPluginManager: Mounting plugin CustomMeshComponent
LogPluginManager: Mounting plugin ExampleDeviceProfileSelector
LogPluginManager: Mounting plugin GoogleCloudMessaging
LogPluginManager: Mounting plugin ImmediatePhysics
LogPluginManager: Mounting plugin IOSDeviceProfileSelector
LogPluginManager: Mounting plugin LinuxDeviceProfileSelector
LogPluginManager: Mounting plugin LocationServicesBPLibrary
LogPluginManager: Mounting plugin MobilePatchingUtils
LogPluginManager: Mounting plugin OculusVR
LogPluginManager: Mounting plugin PhysXVehicles
LogPluginManager: Mounting plugin ProceduralMeshComponent
LogPluginManager: Mounting plugin RuntimePhysXCooking
LogPluginManager: Mounting plugin WindowsMoviePlayer
LogInit: Using libcurl 7.47.1
LogInit:  - built for x86_64-pc-win32
LogInit:  - supports SSL with OpenSSL/1.0.2g
LogInit:  - supports HTTP deflate (compression) using libz 1.2.8
LogInit:  - other features:
LogInit:      CURL_VERSION_SSL
LogInit:      CURL_VERSION_LIBZ
LogInit:      CURL_VERSION_IPV6
LogInit:      CURL_VERSION_ASYNCHDNS
LogInit:      CURL_VERSION_LARGEFILE
LogInit:      CURL_VERSION_IDN
LogInit:  CurlRequestOptions (configurable via config and command line):
LogInit:  - bVerifyPeer = false  - Libcurl will NOT verify peer certificate
LogInit:  - bUseHttpProxy = false  - Libcurl will NOT use HTTP proxy
LogInit:  - bDontReuseConnections = false  - Libcurl will reuse connections
LogInit:  - CertBundlePath = nullptr  - Libcurl will use whatever was configured at build time.
LogInit: Build: ++UE4+Release-4.17-CL-3658906
LogInit: Engine Version: 4.17.2-3658906+++UE4+Release-4.17
LogInit: Compatible Engine Version: 4.17.0-3573198+++UE4+Release-4.17
LogInit: Net CL: 3573198
LogDevObjectVersion: Number of dev versions registered: 16
LogDevObjectVersion:   Dev-Blueprints (B0D832E4-1F89-4F0D-ACCF-7EB736FD4AA2): 10
LogDevObjectVersion:   Dev-Build (E1C64328-A22C-4D53-A36C-8E866417BD8C): 0
LogDevObjectVersion:   Dev-Core (375EC13C-06E4-48FB-B500-84F0262A717E): 2
LogDevObjectVersion:   Dev-Editor (E4B068ED-F494-42E9-A231-DA0B2E46BB41): 20
LogDevObjectVersion:   Dev-Framework (CFFC743F-43B0-4480-9391-14DF171D2073): 28
LogDevObjectVersion:   Dev-Mobile (B02B49B5-BB20-44E9-A304-32B752E40360): 0
LogDevObjectVersion:   Dev-Networking (A4E4105C-59A1-49B5-A7C5-40C4547EDFEE): 0
LogDevObjectVersion:   Dev-Online (39C831C9-5AE6-47DC-9A44-9C173E1C8E7C): 0
LogDevObjectVersion:   Dev-Physics (78F01B33-EBEA-4F98-B9B4-84EACCB95AA2): 0
LogDevObjectVersion:   Dev-Platform (6631380F-2D4D-43E0-8009-CF276956A95A): 0
LogDevObjectVersion:   Dev-Rendering (12F88B9F-8875-4AFC-A67C-D90C383ABD29): 19
LogDevObjectVersion:   Dev-Sequencer (7B5AE74C-D270-4C10-A958-57980B212A5A): 4
LogDevObjectVersion:   Dev-VR (D7296918-1DD6-4BDD-9DE2-64A83CC13884): 0
LogDevObjectVersion:   Dev-LoadTimes (C2A15278-BFE7-4AFE-6C17-90FF531DF755): 1
LogDevObjectVersion:   Private-Geometry (6EACA3D4-40EC-4CC1-B786-8BED09428FC5): 1
LogDevObjectVersion:   Dev-AnimPhys (29E575DD-E0A3-4627-9D10-D276232CDCEA): 7
LogInit: Compiled (64-bit): Sep 22 2017 13:47:16
LogInit: Compiled with Visual C++: 19.00.24215.01
LogInit: Build Configuration: Development
LogInit: Branch Name: ++UE4+Release-4.17
LogInit: Command line: 
LogInit: Base directory: C:/Program Files/Epic Games/UE_4.17/Engine/Binaries/Win64/
LogInit: Installed Engine Build: 1
LogInit: Presizing for max 8388607 objects, including 0 objects not considered by GC, pre-allocating 0 bytes for permanent pool.
LogInit: Object subsystem initialized
[2023.08.20-06.51.01:099][  0]LogInit: Selected Device Profile: [Windows]
[2023.08.20-06.51.01:100][  0]LogInit: Applying CVar settings loaded from the selected device profile: [Windows]
[2023.08.20-06.51.01:111][  0]LogInit: Computer: DESKTOP-TGE5S74
[2023.08.20-06.51.01:111][  0]LogInit: User: Sumino
[2023.08.20-06.51.01:111][  0]LogInit: CPU Page size=4096, Cores=6
[2023.08.20-06.51.01:111][  0]LogInit: High frequency timer resolution =10.000000 MHz
[2023.08.20-06.51.01:111][  0]LogMemory: Memory total: Physical=15.9GB (16GB approx)
[2023.08.20-06.51.01:112][  0]LogMemory: Platform Memory Stats for Windows
[2023.08.20-06.51.01:112][  0]LogMemory: Process Physical Memory: 280.38 MB used, 280.39 MB peak
[2023.08.20-06.51.01:112][  0]LogMemory: Process Virtual Memory: 286.76 MB used, 286.76 MB peak
[2023.08.20-06.51.01:112][  0]LogMemory: Physical Memory: 8639.52 MB used,  7664.84 MB free, 16304.36 MB total
[2023.08.20-06.51.01:112][  0]LogMemory: Virtual Memory: 4803.72 MB used,  7664.84 MB free, 134217728.00 MB total
[2023.08.20-06.51.01:414][  0]LogInit: Using OS detected language (ja-JP).
[2023.08.20-06.51.01:414][  0]LogInit: Using OS detected locale (ja-JP).
[2023.08.20-06.51.01:418][  0]LogTextLocalizationManager: No specific localization for 'ja-JP' exists, so the 'ja' localization will be used.
[2023.08.20-06.51.02:284][  0]LogD3D11RHI: D3D11 adapters:
[2023.08.20-06.51.02:439][  0]LogD3D11RHI:    0. 'NVIDIA GeForce RTX 2080 Ti' (Feature Level 11_0)
[2023.08.20-06.51.02:439][  0]LogD3D11RHI:       11041/0/8152 MB DedicatedVideo/DedicatedSystem/SharedSystem, Outputs:2, VendorId:0x10de
[2023.08.20-06.51.02:445][  0]LogD3D11RHI:    1. 'Microsoft Basic Render Driver' (Feature Level 11_0)
[2023.08.20-06.51.02:445][  0]LogD3D11RHI:       0/0/8152 MB DedicatedVideo/DedicatedSystem/SharedSystem, Outputs:0, VendorId:0x1414
[2023.08.20-06.51.02:445][  0]LogD3D11RHI: Chosen D3D11 Adapter: 0
[2023.08.20-06.51.02:455][  0]LogD3D11RHI: Creating new Direct3DDevice
[2023.08.20-06.51.02:456][  0]LogD3D11RHI:     GPU DeviceId: 0x1e07 (for the marketing name, search the web for "GPU Device Id")
[2023.08.20-06.51.02:456][  0]LogWindows: EnumDisplayDevices:
[2023.08.20-06.51.02:456][  0]LogWindows:    0. 'NVIDIA GeForce RTX 2080 Ti' (P:1 D:1)
[2023.08.20-06.51.02:456][  0]LogWindows:    1. 'NVIDIA GeForce RTX 2080 Ti' (P:0 D:1)
[2023.08.20-06.51.02:456][  0]LogWindows:    2. 'NVIDIA GeForce RTX 2080 Ti' (P:0 D:0)
[2023.08.20-06.51.02:457][  0]LogWindows:    3. 'NVIDIA GeForce RTX 2080 Ti' (P:0 D:0)
[2023.08.20-06.51.02:457][  0]LogWindows: DebugString: GetVideoDriverDetailsInvalid PrimaryIsNotTheChoosenAdapter GetVideoDriverDetailsInvalid PrimaryIsNotTheChoosenAdapter GetVideoDriverDetailsInvalid PrimaryIsNotTheChoosenAdapter GetVideoDriverDetailsInvalid PrimaryIsNotTheChoosenAdapter FoundDriverCount:0 
[2023.08.20-06.51.02:457][  0]LogD3D11RHI:     Adapter Name: NVIDIA GeForce RTX 2080 Ti
[2023.08.20-06.51.02:457][  0]LogD3D11RHI:   Driver Version: Unknown (internal:Unknown, unified:Unknown)
[2023.08.20-06.51.02:457][  0]LogD3D11RHI:      Driver Date: Unknown
[2023.08.20-06.51.02:457][  0]LogRHI: Texture pool is 1361 MB (70% of 1945 MB)
[2023.08.20-06.51.02:548][  0]LogD3D11RHI: Async texture creation enabled
[2023.08.20-06.51.02:571][  0]LogD3D11RHI: GPU Timing Frequency: 1000.000000 (Debug: 2 1)
[2023.08.20-06.51.02:574][  0]LogShaderCompilers: Guid format shader working directory is 22 characters bigger than the processId version (D:/Udemy/DrAward/DrAward/Intermediate/Shaders/WorkingDirectory/11352/).
[2023.08.20-06.51.02:574][  0]LogShaderCompilers: Cleaned the shader compiler working directory 'C:/Users/Sumino/AppData/Local/Temp/UnrealShaderWorkingDir/37A7623F44DE6615CE3E94A432236E37/'.
[2023.08.20-06.51.02:574][  0]LogShaderCompilers: Display: Using Local Shader Compiler.
[2023.08.20-06.51.03:504][  0]LogTemp: Display: Loaded TP AllDesktopTargetPlatform
[2023.08.20-06.51.03:573][  0]LogTemp: Display: Loaded TP MacClientTargetPlatform
[2023.08.20-06.51.03:643][  0]LogTemp: Display: Loaded TP MacNoEditorTargetPlatform
[2023.08.20-06.51.03:710][  0]LogTemp: Display: Loaded TP MacServerTargetPlatform
[2023.08.20-06.51.03:781][  0]LogTemp: Display: Loaded TP MacTargetPlatform
[2023.08.20-06.51.03:849][  0]LogTemp: Display: Loaded TP WindowsClientTargetPlatform
[2023.08.20-06.51.03:917][  0]LogTemp: Display: Loaded TP WindowsNoEditorTargetPlatform
[2023.08.20-06.51.03:985][  0]LogTemp: Display: Loaded TP WindowsServerTargetPlatform
[2023.08.20-06.51.04:053][  0]LogTemp: Display: Loaded TP WindowsTargetPlatform
[2023.08.20-06.51.04:123][  0]LogTemp: Display: Loaded TP AndroidTargetPlatform
[2023.08.20-06.51.04:191][  0]LogTemp: Display: Loaded TP Android_ASTCTargetPlatform
[2023.08.20-06.51.04:262][  0]LogTemp: Display: Loaded TP Android_ATCTargetPlatform
[2023.08.20-06.51.04:328][  0]LogTemp: Display: Loaded TP Android_DXTTargetPlatform
[2023.08.20-06.51.04:394][  0]LogTemp: Display: Loaded TP Android_ETC1TargetPlatform
[2023.08.20-06.51.04:461][  0]LogTemp: Display: Loaded TP Android_ETC2TargetPlatform
[2023.08.20-06.51.04:594][  0]LogTemp: Display: Loaded TP Android_MultiTargetPlatform
[2023.08.20-06.51.04:594][  0]LogTemp: Display: Loaded TP Android_PVRTCTargetPlatform
[2023.08.20-06.51.04:653][  0]LogTemp: Display: Loaded TP HTML5TargetPlatform
[2023.08.20-06.51.04:778][  0]LogTemp: Display: Loaded TP IOSTargetPlatform
[2023.08.20-06.51.04:822][  0]LogTemp: Display: Loaded TP TVOSTargetPlatform
[2023.08.20-06.51.04:892][  0]LogTemp: Display: Loaded TP LinuxClientTargetPlatform
[2023.08.20-06.51.04:957][  0]LogTemp: Display: Loaded TP LinuxNoEditorTargetPlatform
[2023.08.20-06.51.05:024][  0]LogTemp: Display: Loaded TP LinuxServerTargetPlatform
[2023.08.20-06.51.05:091][  0]LogTemp: Display: Loaded TP LinuxTargetPlatform
[2023.08.20-06.51.05:091][  0]LogTargetPlatformManager: Display: Building Assets For Windows
[2023.08.20-06.51.05:852][  0]LogDerivedDataCache: Display: Max Cache Size: 512 MB
[2023.08.20-06.51.06:320][  0]LogDerivedDataCache: Loaded boot cache 0.47s 93MB C:/Users/Sumino/AppData/Local/UnrealEngine/4.17/DerivedDataCache/Boot.ddc.
[2023.08.20-06.51.06:320][  0]LogDerivedDataCache: Display: Loaded Boot cache: C:/Users/Sumino/AppData/Local/UnrealEngine/4.17/DerivedDataCache/Boot.ddc
[2023.08.20-06.51.06:320][  0]LogDerivedDataCache: FDerivedDataBackendGraph:  Pak pak cache file D:/Udemy/DrAward/DrAward/DerivedDataCache/DDC.ddp not found, will not use a pak cache.
[2023.08.20-06.51.06:320][  0]LogDerivedDataCache: Unable to find inner node Pak for hierarchical cache Hierarchy.
[2023.08.20-06.51.06:320][  0]LogDerivedDataCache: FDerivedDataBackendGraph:  CompressedPak pak cache file D:/Udemy/DrAward/DrAward/DerivedDataCache/Compressed.ddp not found, will not use a pak cache.
[2023.08.20-06.51.06:320][  0]LogDerivedDataCache: Unable to find inner node CompressedPak for hierarchical cache Hierarchy.
[2023.08.20-06.51.06:334][  0]LogDerivedDataCache: Display: Pak cache opened for reading ../../../Engine/DerivedDataCache/Compressed.ddp.
[2023.08.20-06.51.06:346][  0]LogDerivedDataCache: Using Local data cache path C:/Users/Sumino/AppData/Local/UnrealEngine/Common/DerivedDataCache: Writable
[2023.08.20-06.51.06:354][  0]LogMaterial: Verifying Global Shaders for PCD3D_SM5
[2023.08.20-06.51.06:354][  0]LogSlate: Using Freetype 2.6.0
[2023.08.20-06.51.06:355][  0]LogSlate: SlateFontCache - WITH_FREETYPE: 1, WITH_HARFBUZZ: 1
[2023.08.20-06.51.06:355][  0]LogSlate: SlateFontCache - WITH_FREETYPE: 1, WITH_HARFBUZZ: 1
[2023.08.20-06.51.06:849][  0]LogAssetRegistry: FAssetRegistry took 0.0257 seconds to start up
[2023.08.20-06.51.06:968][  0]LogInit: Selected Device Profile: [Windows]
[2023.08.20-06.51.07:145][  0]LogContentStreaming: Texture pool size is 0.00 MB
[2023.08.20-06.51.07:548][  0]LogSimplygon: Simplygon DLL not present - disabling.
[2023.08.20-06.51.07:608][  0]LogMeshReduction: Using SimplygonSwarm for distributed automatic mesh merging
[2023.08.20-06.51.07:608][  0]LogMeshReduction: Using QuadricMeshReduction for automatic static mesh reduction
[2023.08.20-06.51.07:609][  0]LogMeshReduction: No automatic skeletal mesh reduction module available
[2023.08.20-06.51.07:609][  0]LogMeshReduction: No automatic mesh merging module available
[2023.08.20-06.51.07:609][  0]LogMeshMerging: No automatic mesh merging module available
[2023.08.20-06.51.07:990][  0]LogNetVersion: DrAward , NetCL: 3573198, EngineNetVer: 2, GameNetVer: 0 (Checksum: 550400037)
[2023.08.20-06.51.08:247][  0]LogPackageLocalizationCache: Processed 4 localized package path(s) for 2 prioritized culture(s) in 0.049240 seconds
[2023.08.20-06.51.08:252][  0]LogUObjectArray: 35628 objects as part of root set at end of initial load.
[2023.08.20-06.51.08:253][  0]LogUObjectAllocator: 7494032 out of 0 bytes used by permanent object pool.
[2023.08.20-06.51.08:253][  0]LogUObjectArray: CloseDisregardForGC: 0/0 objects in disregard for GC pool
[2023.08.20-06.51.08:357][  0]LogInit: WinSock: version 1.1 (2.2), MaxSocks=32767, MaxUdp=65467
[2023.08.20-06.51.12:559][  0]LogTcpMessaging: Initializing TcpMessaging bridge
[2023.08.20-06.51.12:627][  0]LogUdpMessaging: Initializing bridge on interface 0.0.0.0:0 to multicast group 230.0.0.1:6666.
[2023.08.20-06.51.13:594][  0]LogMaterial: Uniform references updated for custom material expression Custom.
[2023.08.20-06.51.14:133][  0]SourceControl: ソースコントロールは無効です
[2023.08.20-06.51.14:133][  0]SourceControl: ソースコントロールは無効です
[2023.08.20-06.51.14:204][  0]SourceControl: ソースコントロールは無効です
[2023.08.20-06.51.14:270][  0]SourceControl: ソースコントロールは無効です
[2023.08.20-06.51.15:130][  0]LogAndroidPermission: UAndroidPermissionCallbackProxy::GetInstance
[2023.08.20-06.51.15:476][  0]LogOcInput: OculusInput pre-init called
[2023.08.20-06.51.15:762][  0]LogEngine: Initializing Engine...
[2023.08.20-06.51.15:956][  0]LogStats: UGameplayTagsManager::ConstructGameplayTagTree: Construct from data asset -  0.000 s
[2023.08.20-06.51.15:956][  0]LogStats: UGameplayTagsManager::ConstructGameplayTagTree: GameplayTagTreeChangedEvent.Broadcast -  0.000 s
[2023.08.20-06.51.16:139][  0]LogAIModule: Creating AISystem for world Untitled
[2023.08.20-06.51.16:183][  0]LogInit: XAudio2 using 'スピーカー (2- Logitech G733 Gaming Headset)' : 6 channels at 44.1 kHz using 16 bits per sample (channel mask 0x3f)
[2023.08.20-06.51.16:203][  0]LogInit: FAudioDevice initialized.
[2023.08.20-06.51.16:285][  0]LogDerivedDataCache: Saved boot cache 0.08s 93MB C:/Users/Sumino/AppData/Local/UnrealEngine/4.17/DerivedDataCache/Boot.ddc.
[2023.08.20-06.51.16:292][  0]LogInit: Texture streaming: Enabled
[2023.08.20-06.51.16:486][  0]LogEngineSessionManager: EngineSessionManager initialized
[2023.08.20-06.51.16:486][  0]LogEngineSessionManager: EngineSessionManager sent abnormal shutdown report. Type=Crashed, SessionId={27344A4C-482F-CF3D-F1FD-F18BF28167AE}
[2023.08.20-06.51.16:805][  0]LogInit: Transaction tracking system initialized
[2023.08.20-06.51.17:266][  0]BlueprintLog: New page: エディタの読み込み
[2023.08.20-06.51.18:616][  0]LocalizationService: ローカライズのサービスが無効になりました
[2023.08.20-06.51.19:656][  0]LogConsoleResponse: Display: 
[2023.08.20-06.51.19:864][  0]LogCook: Display: Max memory allowance for cook 16384mb min free memory 0mb
[2023.08.20-06.51.19:864][  0]LogCook: Display: Mobile HDR setting 1
[2023.08.20-06.51.19:865][  0]LogGameplayTags: Display: UGameplayTagsManager::DoneAddingNativeTags. DelegateIsBound: 0
[2023.08.20-06.51.20:898][  0]LogFileCache: Scanning file cache for directory 'D:/Udemy/DrAward/DrAward/Content/' took 0.01s
[2023.08.20-06.51.21:512][  0]SourceControl: ソースコントロールは無効です
[2023.08.20-06.51.21:617][  0]LogSlate: Took 0.000173 seconds to synchronously load lazily loaded font '../../../Engine/Content/Slate/Fonts/Roboto-Regular.ttf' (155K)
[2023.08.20-06.51.21:619][  0]LogSlate: Took 0.001569 seconds to synchronously load lazily loaded font '../../../Engine/Content/Slate/Fonts/DroidSansFallback.ttf' (3848K)
[2023.08.20-06.51.29:264][  0]Cmd: MAP LOAD FILE="D:/Udemy/DrAward/DrAward/Content/Map/Main.umap" TEMPLATE=0 SHOWPROGRESS=1 FEATURELEVEL=3
[2023.08.20-06.51.29:265][  0]LightingResults: New page: ライティングのビルド
[2023.08.20-06.51.29:331][  0]MapCheck: New page: マップをチェック
[2023.08.20-06.51.29:331][  0]LightingResults: New page: <何も選択されていません>
[2023.08.20-06.51.29:530][  0]LogAIModule: Creating AISystem for world Main
[2023.08.20-06.51.29:533][  0]LogStreaming: Display: ULevelStreaming::RequestLevel(/Game/Map/Stage1) is flushing async loading
[2023.08.20-06.51.30:025][  0]LogStreaming: Display: ULevelStreaming::RequestLevel(/Game/Map/Stage2) is flushing async loading
[2023.08.20-06.51.30:046][  0]LogStreaming: Display: ULevelStreaming::RequestLevel(/Game/Map/Stage3) is flushing async loading
[2023.08.20-06.51.30:062][  0]LogEditorServer: Finished looking for orphan Actors (0.000 secs)
[2023.08.20-06.51.30:076][  0]Cmd: MAP CHECKDEP NOCLEARLOG
[2023.08.20-06.51.30:140][  0]MapCheck: マップチェックが完了: 0 エラー、 0 警告、完了に 63.59ミリ秒かかりました。
[2023.08.20-06.51.30:140][  0]LogFileHelpers: Loading map 'Main' took 0.876
[2023.08.20-06.51.30:252][  0]LogStats: Warning: MetaData mismatch. Did you assign a stat to two groups? New //STATGROUP_Threads//SplashScreenThread///Thread_46b8_0///####STATCAT_Advanced#### old //STATGROUP_Threads//SplashScreenThread///Thread_238c_0///####STATCAT_Advanced####
[2023.08.20-06.51.30:252][  0]LogCollectionManager: Loaded 0 collections in 0.001541 seconds
[2023.08.20-06.51.30:371][  0]LogFileCache: Scanning file cache for directory 'D:/Udemy/DrAward/DrAward/Saved/Collections/' took 0.01s
[2023.08.20-06.51.30:371][  0]LogFileCache: Scanning file cache for directory 'D:/Udemy/DrAward/DrAward/Content/Developers/Sumino/Collections/' took 0.01s
[2023.08.20-06.51.30:371][  0]LogFileCache: Scanning file cache for directory 'D:/Udemy/DrAward/DrAward/Content/Collections/' took 0.01s
[2023.08.20-06.51.30:371][  0]LogCollectionManager: Rebuilt the GUID cache for 0 collections in 0.000000 seconds
[2023.08.20-06.51.30:378][  0]LogContentBrowser: Native class hierarchy populated in 0.0069 seconds. Added 2383 classes and 495 folders.
[2023.08.20-06.51.30:474][  0]LogContentBrowser: Native class hierarchy updated for 'WidgetCarousel' in 0.0007 seconds. Added 0 classes and 0 folders.
[2023.08.20-06.51.30:648][  0]LogContentBrowser: Native class hierarchy updated for 'AddContentDialog' in 0.0006 seconds. Added 0 classes and 0 folders.
[2023.08.20-06.51.30:709][  0]LogContentBrowser: Native class hierarchy updated for 'SceneOutliner' in 0.0007 seconds. Added 1 classes and 2 folders.
[2023.08.20-06.51.30:782][  0]LogContentBrowser: Native class hierarchy updated for 'WorldBrowser' in 0.0007 seconds. Added 2 classes and 3 folders.
[2023.08.20-06.51.31:902][  0]LogTemp: Executing iPhonePackager certificates Engine -bundlename com.YourCompany.DrAward
[2023.08.20-06.51.31:902][  0]LogTemp: CWD: C:\Program Files\Epic Games\UE_4.17\Engine\Binaries\DotNET\IOS
[2023.08.20-06.51.31:902][  0]LogTemp: Initial Dir: C:\Program Files\Epic Games\UE_4.17
[2023.08.20-06.51.31:902][  0]LogTemp: Env CWD: C:\Program Files\Epic Games\UE_4.17\Engine\Binaries\DotNET\IOS
[2023.08.20-06.51.31:902][  0]LogTemp: BranchPath = DESKTOP-TGE5S74/C/Program Files/Epic Games/UE_4.17/Engine/Binaries --- GameBranchPath = DESKTOP-TGE5S74/C/Program Files/Epic Games/UE_4.17/Engine/Binaries
[2023.08.20-06.51.31:902][  0]LogTemp: IPP ERROR: Could not find provision directory 'C:\Users\Sumino\AppData\Local/Apple Computer/MobileDevice/Provisioning Profiles/'.
[2023.08.20-06.51.31:902][  0]LogContentBrowser: Native class hierarchy updated for 'HierarchicalLODOutliner' in 0.0007 seconds. Added 1 classes and 2 folders.
[2023.08.20-06.51.31:903][  0]LogLoad: (Engine Initialization) Total time: 32.70 seconds
[2023.08.20-06.51.31:903][  0]LogLoad: (Engine Initialization) Total Blueprint compile time: 0.00 seconds
[2023.08.20-06.51.31:903][  0]LogExternalProfiler: No external profilers were discovered.  External profiling features will not be available.
[2023.08.20-06.51.31:945][  0]LogAssetRegistry: Asset discovery search completed in 25.1182 seconds
[2023.08.20-06.51.31:946][  0]LogCollectionManager: Rebuilt the object cache for 0 collections in 0.000000 seconds (found 0 objects)
[2023.08.20-06.51.31:946][  0]LogCollectionManager: Fixed up redirectors for 0 collections in 0.000035 seconds (updated 0 objects)
[2023.08.20-06.51.31:954][  0]LogContentStreaming: Texture pool size now 1000 MB
[2023.08.20-06.51.31:962][  0]LogSlate: Took 0.000134 seconds to synchronously load lazily loaded font '../../../Engine/Content/Slate/Fonts/Roboto-Bold.ttf' (160K)
[2023.08.20-06.51.31:964][  0]LogSlate: Took 0.000133 seconds to synchronously load lazily loaded font '../../../Engine/Content/Editor/Slate/Fonts/FontAwesome.ttf' (139K)
[2023.08.20-06.51.32:005][  0]LogRenderer: Reallocating scene render targets to support 64x64 Format 10 NumSamples 1 (Frame:1).
[2023.08.20-06.51.32:055][  0]LogRenderer: Reallocating scene render targets to support 720x360 Format 10 NumSamples 1 (Frame:1).
[2023.08.20-06.51.32:055][  0]LogSlate: Took 0.000147 seconds to synchronously load lazily loaded font '../../../Engine/Content/Slate/Fonts/Roboto-Light.ttf' (159K)
[2023.08.20-06.51.32:931][ 98]LogSlate: Took 0.000188 seconds to synchronously load lazily loaded font '../../../Engine/Content/Slate/Fonts/Roboto-Light.ttf' (159K)
[2023.08.20-06.51.35:015][330]LogRenderer: Reallocating scene render targets to support 1084x580 Format 10 NumSamples 1 (Frame:332).
[2023.08.20-06.51.39:287][835]LogSlate: Took 0.000143 seconds to synchronously load lazily loaded font '../../../Engine/Content/Slate/Fonts/Roboto-Light.ttf' (159K)
[2023.08.20-06.51.39:621][835]LogContentBrowser: Native class hierarchy updated for 'BlueprintGraph' in 0.0009 seconds. Added 113 classes and 0 folders.
[2023.08.20-06.51.40:185][835]LogSlate: Took 0.000137 seconds to synchronously load lazily loaded font '../../../Engine/Content/Editor/Slate/Fonts/Roboto-BoldCondensed.ttf' (158K)
[2023.08.20-06.52.08:970][237]LogUObjectHash: Warning: Ambiguous search, could be CanvasPanel /Game/UI/W_Start.W_Start:WidgetTree.CanvasPanel_0 or CanvasPanel /Game/UI/W_Start.SKEL_W_Start_C:WidgetTree.CanvasPanel_0
[2023.08.20-06.52.08:970][237]LogUObjectHash: Warning: Ambiguous search, could be CanvasPanel /Game/UI/W_Start.W_Start:WidgetTree.CanvasPanel_0 or CanvasPanel /Game/UI/W_Start.W_Start_C:WidgetTree.CanvasPanel_0
[2023.08.20-06.52.08:970][237]LogUObjectHash: Warning: Ambiguous search, could be CanvasPanel /Game/UI/W_Start.W_Start:WidgetTree.CanvasPanel_0 or CanvasPanel /Engine/Transient.World_2:W_Start_C_0.WidgetTree_0.CanvasPanel_0
[2023.08.20-06.52.08:970][237]LogUObjectHash: Warning: Ambiguous search, could be CanvasPanel /Game/UI/W_Start.W_Start:WidgetTree.CanvasPanel_0 or CanvasPanel /Engine/Transient.World_2:W_Start_C_1.WidgetTree_1.CanvasPanel_0
[2023.08.20-06.52.08:970][237]LogProperty: Warning: Illegal TEXT reference to a private object in external package (CanvasPanelSlot /Game/UI/W_Start.W_Start:WidgetTree.CanvasPanel_0.CanvasPanelSlot_4) from referencer (Button /Engine/UMG/Editor/Transient.StartBtn).  Import failed...
[2023.08.20-06.52.08:970][237]LogProperty: Warning: ObjectProperty /Script/UMG.Widget:Slot: unresolved reference to 'CanvasPanelSlot'CanvasPanel_0.CanvasPanelSlot_4''
[2023.08.20-06.52.39:236][802]BlueprintLog: New page: W_Start をコンパイル
[2023.08.20-06.52.44:966][468]LogAIModule: Creating AISystem for world Start
[2023.08.20-06.52.47:055][468]Cmd: OBJ SAVEPACKAGE PACKAGE="/Game/UI/W_Start" FILE="D:/Udemy/DrAward/DrAward/Content/UI/W_Start.uasset" SILENT=true
[2023.08.20-06.52.47:075][468]LogSavePackage: Save=13.83ms
[2023.08.20-06.52.47:075][468]LogSavePackage: Moving 'D:/Udemy/DrAward/DrAward/Saved/W_StartE7C6D3714163BA170BB2DC9E3E422190.tmp' to 'D:/Udemy/DrAward/DrAward/Content/UI/W_Start.uasset'
[2023.08.20-06.52.47:076][468]LogSavePackage: Display: Finished SavePackage D:/Udemy/DrAward/DrAward/Content/UI/W_Start.uasset
[2023.08.20-06.52.47:078][468]Cmd: MAP LOAD FILE="D:/Udemy/DrAward/DrAward/Content/Map/Start.umap" TEMPLATE=0 SHOWPROGRESS=1 FEATURELEVEL=3
[2023.08.20-06.52.47:078][468]LightingResults: New page: ライティングのビルド
[2023.08.20-06.52.47:079][468]LoadErrors: New page: マップをロード中: Start.umap
[2023.08.20-06.52.47:082][468]MapCheck: New page: マップをチェック
[2023.08.20-06.52.47:083][468]LightingResults: New page: <何も選択されていません>
[2023.08.20-06.52.47:200][468]LogEditorServer: Finished looking for orphan Actors (0.000 secs)
[2023.08.20-06.52.47:235][468]Cmd: MAP CHECKDEP NOCLEARLOG
[2023.08.20-06.52.47:297][468]MapCheck: マップチェックが完了: 0 エラー、 0 警告、完了に 61.353ミリ秒かかりました。
[2023.08.20-06.52.47:297][468]LogFileHelpers: Loading map 'Start' took 0.221
[2023.08.20-06.52.47:299][468]LogSlate: Took 0.000157 seconds to synchronously load lazily loaded font '../../../Engine/Content/Slate/Fonts/Roboto-Regular.ttf' (155K)
[2023.08.20-06.52.47:383][476]LogContentStreaming: Texture: "LightMapTexture2D /Game/Map/Start_BuiltData.Start_BuiltData:HQ_Lightmap0_1", ResidentMips: 7/9, RequestedMips: 9, WantedMips: 9, StreamingStatus: 101, Boost: 0.2 (updated)
[2023.08.20-06.52.53:008][145]LogScript: Warning: Accessed None trying to read property IsClearInstance
	BPAnim_Award_C /Engine/Transient.World_8:PersistentLevel.BP_Award_C_0.CharacterMesh0.BPAnim_Award_C_0
	Function /Game/Animation/BPAnim_Award.BPAnim_Award_C:ExecuteUbergraph_BPAnim_Award:00B1
[2023.08.20-06.52.53:008][145]LogScript: Warning: Accessed None trying to read property IsClearInstance
	BPAnim_Award_C /Engine/Transient.World_8:PersistentLevel.BP_Award_C_0.CharacterMesh0.BPAnim_Award_C_0
	Function /Game/Animation/BPAnim_Award.BPAnim_Award_C:ExecuteUbergraph_BPAnim_Award:0110
[2023.08.20-06.52.54:060][236]LogSlate: Took 0.000253 seconds to synchronously load lazily loaded font '../../../Engine/Content/Editor/Slate/Fonts/Roboto-Italic.ttf' (157K)
[2023.08.20-06.53.51:708][356]BlueprintLog: New page: Start をコンパイル
[2023.08.20-06.53.52:658][455]Cmd: OBJ SAVEPACKAGE PACKAGE="/Game/Map/Start" FILE="D:/Udemy/DrAward/DrAward/Content/Map/Start.umap" SILENT=true AUTOSAVING=false KEEPDIRTY=false
[2023.08.20-06.53.52:697][455]LogSavePackage: Save=17.82ms
[2023.08.20-06.53.52:697][455]LogSavePackage: Moving 'D:/Udemy/DrAward/DrAward/Saved/StartB806362B4D40E686936390B9D0FB5FF1.tmp' to 'D:/Udemy/DrAward/DrAward/Content/Map/Start.umap'
[2023.08.20-06.53.52:699][455]LogSavePackage: Display: Finished SavePackage D:/Udemy/DrAward/DrAward/Content/Map/Start.umap
[2023.08.20-06.53.52:716][455]LogFileHelpers: Saving map 'Start' took 0.118
[2023.08.20-06.54.53:472][900]BlueprintLog: New page: W_Start をコンパイル
[2023.08.20-06.54.54:585][ 24]Cmd: OBJ SAVEPACKAGE PACKAGE="/Game/UI/W_Start" FILE="D:/Udemy/DrAward/DrAward/Content/UI/W_Start.uasset" SILENT=true
[2023.08.20-06.54.54:607][ 24]LogSavePackage: Save=17.59ms
[2023.08.20-06.54.54:607][ 24]LogSavePackage: Moving 'D:/Udemy/DrAward/DrAward/Saved/W_Start72D66E9C44B261006499DAA119C45DB9.tmp' to 'D:/Udemy/DrAward/DrAward/Content/UI/W_Start.uasset'
[2023.08.20-06.54.54:609][ 24]LogSavePackage: Display: Finished SavePackage D:/Udemy/DrAward/DrAward/Content/UI/W_Start.uasset
[2023.08.20-06.54.55:611][142]LogTemp: Repeating last play command: 選択ビューポート
[2023.08.20-06.54.55:656][142]LogBlueprintUserMessages: Early PlayInEditor Detection: Level '/Game/Map/Start.Start:PersistentLevel' has LevelScriptBlueprint '/Game/Map/Start.Start:PersistentLevel.Start' with GeneratedClass '/Game/Map/Start.Start_C' with ClassGeneratedBy '/Game/Map/Start.Start:PersistentLevel.Start'
[2023.08.20-06.54.55:656][142]LogPlayLevel: PlayLevel: No blueprints needed recompiling
[2023.08.20-06.54.55:658][142]PIE: New page: PIEセッション: Start (2023/08/21 0:54:55)
[2023.08.20-06.54.55:659][142]LogPlayLevel: Creating play world package: /Game/Map/UEDPIE_0_Start
[2023.08.20-06.54.55:660][142]LogPlayLevel: PIE: StaticDuplicateObject took: (0.000825s)
[2023.08.20-06.54.55:660][142]LogAIModule: Creating AISystem for world Start
[2023.08.20-06.54.55:660][142]LogPlayLevel: PIE: World Init took: (0.000581s)
[2023.08.20-06.54.55:661][142]LogPlayLevel: PIE: Created PIE world by copying editor world from /Game/Map/Start.Start to /Game/Map/UEDPIE_0_Start.Start (0.001607s)
[2023.08.20-06.54.55:715][142]LogInit: XAudio2 using 'スピーカー (2- Logitech G733 Gaming Headset)' : 6 channels at 44.1 kHz using 16 bits per sample (channel mask 0x3f)
[2023.08.20-06.54.55:728][142]LogInit: FAudioDevice initialized.
[2023.08.20-06.54.55:794][142]LogLoad: Game class is 'NoPawnGameMode_C'
[2023.08.20-06.54.55:795][142]LogWorld: Bringing World /Game/Map/UEDPIE_0_Start.Start up for play (max tick rate 0) at 2023.08.20-15.54.55
[2023.08.20-06.54.55:795][142]LogWorld: Bringing up level for play took: 0.000647
[2023.08.20-06.54.55:796][142]LogGameMode: FindPlayerStart: PATHS NOT DEFINED or NO PLAYERSTART with positive rating
[2023.08.20-06.54.55:862][142]LogContentBrowser: Native class hierarchy updated for 'MovieSceneCapture' in 0.0008 seconds. Added 11 classes and 0 folders.
[2023.08.20-06.54.55:864][142]PIE: /Game/Map/UEDPIE_0_Start 1.072のプレイ イン エディタの開始時間
[2023.08.20-06.54.55:865][142]LogBlueprintUserMessages: Late PlayInEditor Detection: Level '/Game/Map/Start.Start:PersistentLevel' has LevelScriptBlueprint '/Game/Map/Start.Start:PersistentLevel.Start' with GeneratedClass '/Game/Map/Start.Start_C' with ClassGeneratedBy '/Game/Map/Start.Start:PersistentLevel.Start'
[2023.08.20-06.54.55:880][142]LogRenderer: Reallocating scene render targets to support 1292x756 Format 10 NumSamples 1 (Frame:1).
[2023.08.20-06.54.58:261][424]LogBlueprintUserMessages: Early EndPlayMap Detection: Level '/Game/Map/Start.Start:PersistentLevel' has LevelScriptBlueprint '/Game/Map/Start.Start:PersistentLevel.Start' with GeneratedClass '/Game/Map/Start.Start_C' with ClassGeneratedBy '/Game/Map/Start.Start:PersistentLevel.Start'
[2023.08.20-06.54.58:307][424]LogBlueprintUserMessages: Late EndPlayMap Detection: Level '/Game/Map/Start.Start:PersistentLevel' has LevelScriptBlueprint '/Game/Map/Start.Start:PersistentLevel.Start' with GeneratedClass '/Game/Map/Start.Start_C' with ClassGeneratedBy '/Game/Map/Start.Start:PersistentLevel.Start'
[2023.08.20-06.54.59:602][575]LogTemp: Repeating last play command: 選択ビューポート
[2023.08.20-06.54.59:615][575]LogBlueprintUserMessages: Early PlayInEditor Detection: Level '/Game/Map/Start.Start:PersistentLevel' has LevelScriptBlueprint '/Game/Map/Start.Start:PersistentLevel.Start' with GeneratedClass '/Game/Map/Start.Start_C' with ClassGeneratedBy '/Game/Map/Start.Start:PersistentLevel.Start'
[2023.08.20-06.54.59:615][575]LogPlayLevel: PlayLevel: No blueprints needed recompiling
[2023.08.20-06.54.59:615][575]PIE: New page: PIEセッション: Start (2023/08/21 0:54:59)
[2023.08.20-06.54.59:616][575]LogPlayLevel: Creating play world package: /Game/Map/UEDPIE_0_Start
[2023.08.20-06.54.59:617][575]LogPlayLevel: PIE: StaticDuplicateObject took: (0.000754s)
[2023.08.20-06.54.59:617][575]LogAIModule: Creating AISystem for world Start
[2023.08.20-06.54.59:617][575]LogPlayLevel: PIE: World Init took: (0.000478s)
[2023.08.20-06.54.59:617][575]LogPlayLevel: PIE: Created PIE world by copying editor world from /Game/Map/Start.Start to /Game/Map/UEDPIE_0_Start.Start (0.001413s)
[2023.08.20-06.54.59:671][575]LogInit: XAudio2 using 'スピーカー (2- Logitech G733 Gaming Headset)' : 6 channels at 44.1 kHz using 16 bits per sample (channel mask 0x3f)
[2023.08.20-06.54.59:683][575]LogInit: FAudioDevice initialized.
[2023.08.20-06.54.59:757][575]LogLoad: Game class is 'NoPawnGameMode_C'
[2023.08.20-06.54.59:760][575]LogWorld: Bringing World /Game/Map/UEDPIE_0_Start.Start up for play (max tick rate 0) at 2023.08.20-15.54.59
[2023.08.20-06.54.59:760][575]LogWorld: Bringing up level for play took: 0.001701
[2023.08.20-06.54.59:761][575]LogGameMode: FindPlayerStart: PATHS NOT DEFINED or NO PLAYERSTART with positive rating
[2023.08.20-06.54.59:763][575]PIE: /Game/Map/UEDPIE_0_Start 0.97のプレイ イン エディタの開始時間
[2023.08.20-06.54.59:763][575]LogBlueprintUserMessages: Late PlayInEditor Detection: Level '/Game/Map/Start.Start:PersistentLevel' has LevelScriptBlueprint '/Game/Map/Start.Start:PersistentLevel.Start' with GeneratedClass '/Game/Map/Start.Start_C' with ClassGeneratedBy '/Game/Map/Start.Start:PersistentLevel.Start'
[2023.08.20-06.55.01:061][727]LogBlueprintUserMessages: Early EndPlayMap Detection: Level '/Game/Map/Start.Start:PersistentLevel' has LevelScriptBlueprint '/Game/Map/Start.Start:PersistentLevel.Start' with GeneratedClass '/Game/Map/Start.Start_C' with ClassGeneratedBy '/Game/Map/Start.Start:PersistentLevel.Start'
[2023.08.20-06.55.01:110][727]LogBlueprintUserMessages: Late EndPlayMap Detection: Level '/Game/Map/Start.Start:PersistentLevel' has LevelScriptBlueprint '/Game/Map/Start.Start:PersistentLevel.Start' with GeneratedClass '/Game/Map/Start.Start_C' with ClassGeneratedBy '/Game/Map/Start.Start:PersistentLevel.Start'
[2023.08.20-06.55.02:185][850]LogTemp: Repeating last play command: 選択ビューポート
[2023.08.20-06.55.02:199][850]LogBlueprintUserMessages: Early PlayInEditor Detection: Level '/Game/Map/Start.Start:PersistentLevel' has LevelScriptBlueprint '/Game/Map/Start.Start:PersistentLevel.Start' with GeneratedClass '/Game/Map/Start.Start_C' with ClassGeneratedBy '/Game/Map/Start.Start:PersistentLevel.Start'
[2023.08.20-06.55.02:199][850]LogPlayLevel: PlayLevel: No blueprints needed recompiling
[2023.08.20-06.55.02:199][850]PIE: New page: PIEセッション: Start (2023/08/21 0:55:02)
[2023.08.20-06.55.02:200][850]LogPlayLevel: Creating play world package: /Game/Map/UEDPIE_0_Start
[2023.08.20-06.55.02:201][850]LogPlayLevel: PIE: StaticDuplicateObject took: (0.000763s)
[2023.08.20-06.55.02:201][850]LogAIModule: Creating AISystem for world Start
[2023.08.20-06.55.02:201][850]LogPlayLevel: PIE: World Init took: (0.000519s)
[2023.08.20-06.55.02:201][850]LogPlayLevel: PIE: Created PIE world by copying editor world from /Game/Map/Start.Start to /Game/Map/UEDPIE_0_Start.Start (0.001470s)
[2023.08.20-06.55.02:254][850]LogInit: XAudio2 using 'スピーカー (2- Logitech G733 Gaming Headset)' : 6 channels at 44.1 kHz using 16 bits per sample (channel mask 0x3f)
[2023.08.20-06.55.02:266][850]LogInit: FAudioDevice initialized.
[2023.08.20-06.55.02:333][850]LogLoad: Game class is 'NoPawnGameMode_C'
[2023.08.20-06.55.02:336][850]LogWorld: Bringing World /Game/Map/UEDPIE_0_Start.Start up for play (max tick rate 0) at 2023.08.20-15.55.02
[2023.08.20-06.55.02:336][850]LogWorld: Bringing up level for play took: 0.001430
[2023.08.20-06.55.02:336][850]LogGameMode: FindPlayerStart: PATHS NOT DEFINED or NO PLAYERSTART with positive rating
[2023.08.20-06.55.02:338][850]PIE: /Game/Map/UEDPIE_0_Start -0.454のプレイ イン エディタの開始時間
[2023.08.20-06.55.02:339][850]LogBlueprintUserMessages: Late PlayInEditor Detection: Level '/Game/Map/Start.Start:PersistentLevel' has LevelScriptBlueprint '/Game/Map/Start.Start:PersistentLevel.Start' with GeneratedClass '/Game/Map/Start.Start_C' with ClassGeneratedBy '/Game/Map/Start.Start:PersistentLevel.Start'
[2023.08.20-06.55.03:514][987]LogNet: Browse: /Game/Map/Main
[2023.08.20-06.55.03:514][987]LogLoad: LoadMap: /Game/Map/Main
[2023.08.20-06.55.03:534][987]Cmd: MEM
[2023.08.20-06.55.03:550][987]LogMemory: Platform Memory Stats for Windows
[2023.08.20-06.55.03:550][987]LogMemory: Process Physical Memory: 1478.20 MB used, 1508.47 MB peak
[2023.08.20-06.55.03:550][987]LogMemory: Process Virtual Memory: 2791.61 MB used, 2968.56 MB peak
[2023.08.20-06.55.03:550][987]LogMemory: Physical Memory: 9366.62 MB used,  6937.75 MB free, 16304.36 MB total
[2023.08.20-06.55.03:550][987]LogMemory: Virtual Memory: 8111.78 MB used,  6937.75 MB free, 134217728.00 MB total
[2023.08.20-06.55.03:550][987]LogMemory: 
[2023.08.20-06.55.03:550][987]Allocator Stats for TBB: (not implemented)
[2023.08.20-06.55.03:959][987]LogAIModule: Creating AISystem for world Main
[2023.08.20-06.55.03:959][987]LogLoad: Game class is 'BP_AwardGameMode_C'
[2023.08.20-06.55.03:962][987]LogWorld: Bringing World /Game/Map/UEDPIE_0_Main.Main up for play (max tick rate 0) at 2023.08.20-15.55.03
[2023.08.20-06.55.03:962][987]LogWorld: Bringing up level for play took: 0.000853
[2023.08.20-06.55.03:962][987]LogGameMode: FindPlayerStart: PATHS NOT DEFINED or NO PLAYERSTART with positive rating
[2023.08.20-06.55.03:962][987]LogLevel: ActivateLevel /Game/Map/UEDPIE_0_Stage1 1 1 1
[2023.08.20-06.55.03:962][987]LogLoad: Took 0.448203 seconds to LoadMap(/Game/Map/Main)
[2023.08.20-06.55.03:963][987]LogStreaming: Display: ULevelStreaming::RequestLevel(/Game/Map/UEDPIE_0_Stage1) is flushing async loading
[2023.08.20-06.55.11:117][827]LogLevel: ActivateLevel /Game/Map/UEDPIE_0_Stage1 0 0 1
[2023.08.20-06.55.11:126][828]LogLevel: ActivateLevel /Game/Map/UEDPIE_0_Stage2 1 1 1
[2023.08.20-06.55.11:144][828]LogStreaming: Display: ULevelStreaming::RequestLevel(/Game/Map/UEDPIE_0_Stage2) is flushing async loading
[2023.08.20-06.55.11:570][878]LogBlueprintUserMessages: Early EndPlayMap Detection: Level '/Game/Map/Start.Start:PersistentLevel' has LevelScriptBlueprint '/Game/Map/Start.Start:PersistentLevel.Start' with GeneratedClass '/Game/Map/Start.Start_C' with ClassGeneratedBy '/Game/Map/Start.Start:PersistentLevel.Start'
[2023.08.20-06.55.11:617][878]LogBlueprintUserMessages: Late EndPlayMap Detection: Level '/Game/Map/Start.Start:PersistentLevel' has LevelScriptBlueprint '/Game/Map/Start.Start:PersistentLevel.Start' with GeneratedClass '/Game/Map/Start.Start_C' with ClassGeneratedBy '/Game/Map/Start.Start:PersistentLevel.Start'
[2023.08.20-08.41.11:598][775]Cmd: QUIT_EDITOR
[2023.08.20-08.41.12:838][775]LogWindowsTextInputMethodSystem: Display: IME system now activated using TSF (Microsoft IME).
[2023.08.20-08.41.12:874][775]LogExit: Preparing to exit.
[2023.08.20-08.41.14:272][775]LogExit: Editor shut down
[2023.08.20-08.41.14:342][775]LogExit: Transaction tracking system shut down
[2023.08.20-08.41.14:500][775]LogDirectoryWatcher: A directory notification for '../../../Engine/Content/' was aborted.
[2023.08.20-08.41.14:500][775]LogDirectoryWatcher: A directory notification for 'D:/Udemy/DrAward/DrAward/Content/' was aborted.
[2023.08.20-08.41.14:500][775]LogDirectoryWatcher: A directory notification for '../../../Engine/Plugins/2D/Paper2D/Content/' was aborted.
[2023.08.20-08.41.14:501][775]LogDirectoryWatcher: A directory notification for '../../../Engine/Plugins/Runtime/Oculus/OculusVR/Content/' was aborted.
[2023.08.20-08.41.14:906][775]LogExit: Object subsystem successfully closed.
[2023.08.20-08.41.14:958][775]LogD3D11RHI: Shutdown
[2023.08.20-08.41.14:958][775]LogD3D11RHI: CleanupD3DDevice
[2023.08.20-08.41.15:192][775]LogD3D11RHI: ~FD3D11DynamicRHI
[2023.08.20-08.41.15:241][775]LogModuleManager: Shutting down and abandoning module MovieSceneCapture (538)
[2023.08.20-08.41.15:242][775]LogModuleManager: Shutting down and abandoning module SequencerWidgets (536)
[2023.08.20-08.41.15:242][775]LogModuleManager: Shutting down and abandoning module BlueprintGraph (534)
[2023.08.20-08.41.15:242][775]LogModuleManager: Shutting down and abandoning module BlueprintProfiler (532)
[2023.08.20-08.41.15:243][775]LogModuleManager: Shutting down and abandoning module HierarchicalLODOutliner (530)
[2023.08.20-08.41.15:243][775]LogModuleManager: Shutting down and abandoning module ExternalImagePicker (528)
[2023.08.20-08.41.15:244][775]LogModuleManager: Shutting down and abandoning module WorldBrowser (526)
[2023.08.20-08.41.15:244][775]LogModuleManager: Shutting down and abandoning module SceneOutliner (524)
[2023.08.20-08.41.15:245][775]LogModuleManager: Shutting down and abandoning module AddContentDialog (522)
[2023.08.20-08.41.15:245][775]LogDirectoryWatcher: A directory notification for 'C:/Program Files/Epic Games/UE_4.17/FeaturePacks/' was aborted.
[2023.08.20-08.41.15:254][775]LogModuleManager: Shutting down and abandoning module WidgetCarousel (521)
[2023.08.20-08.41.15:254][775]LogModuleManager: Shutting down and abandoning module EditorWidgets (518)
[2023.08.20-08.41.15:254][775]LogModuleManager: Shutting down and abandoning module CollectionManager (516)
[2023.08.20-08.41.15:254][775]LogDirectoryWatcher: A directory notification for 'D:/Udemy/DrAward/DrAward/Content/Collections/' was aborted.
[2023.08.20-08.41.15:255][775]LogDirectoryWatcher: A directory notification for 'D:/Udemy/DrAward/DrAward/Content/Developers/Sumino/Collections/' was aborted.
[2023.08.20-08.41.15:255][775]LogDirectoryWatcher: A directory notification for 'D:/Udemy/DrAward/DrAward/Saved/Collections/' was aborted.
[2023.08.20-08.41.15:255][775]LogModuleManager: Shutting down and abandoning module StatsViewer (514)
[2023.08.20-08.41.15:255][775]LogModuleManager: Shutting down and abandoning module FoliageEdit (512)
[2023.08.20-08.41.15:256][775]LogModuleManager: Shutting down and abandoning module LandscapeEditor (510)
[2023.08.20-08.41.15:258][775]LogModuleManager: Shutting down and abandoning module MeshPaintMode (508)
[2023.08.20-08.41.15:258][775]LogModuleManager: Shutting down and abandoning module SceneDepthPickerMode (506)
[2023.08.20-08.41.15:258][775]LogModuleManager: Shutting down and abandoning module ActorPickerMode (504)
[2023.08.20-08.41.15:258][775]LogModuleManager: Shutting down and abandoning module GeometryMode (502)
[2023.08.20-08.41.15:258][775]LogModuleManager: Shutting down and abandoning module TextureAlignMode (500)
[2023.08.20-08.41.15:258][775]LogModuleManager: Shutting down and abandoning module BspMode (498)
[2023.08.20-08.41.15:258][775]LogModuleManager: Shutting down and abandoning module PIEPreviewDeviceProfileSelector (496)
[2023.08.20-08.41.15:258][775]LogModuleManager: Shutting down and abandoning module HardwareSurvey (494)
[2023.08.20-08.41.15:258][775]LogModuleManager: Shutting down and abandoning module SequenceRecorderSections (492)
[2023.08.20-08.41.15:259][775]LogModuleManager: Shutting down and abandoning module AutomationWorker (490)
[2023.08.20-08.41.15:259][775]LogModuleManager: Shutting down and abandoning module MatineeToLevelSequence (488)
[2023.08.20-08.41.15:260][775]LogModuleManager: Shutting down and abandoning module LevelSequenceEditor (486)
[2023.08.20-08.41.15:262][775]LogModuleManager: Shutting down and abandoning module PlacementMode (485)
[2023.08.20-08.41.15:262][775]LogModuleManager: Shutting down and abandoning module WmfMediaFactory (482)
[2023.08.20-08.41.15:262][775]LogModuleManager: Shutting down and abandoning module WmfMediaEditor (480)
[2023.08.20-08.41.15:262][775]LogModuleManager: Shutting down and abandoning module AvfMediaFactory (478)
[2023.08.20-08.41.15:262][775]LogModuleManager: Shutting down and abandoning module AvfMediaEditor (476)
[2023.08.20-08.41.15:262][775]LogModuleManager: Shutting down and abandoning module AndroidMediaFactory (474)
[2023.08.20-08.41.15:262][775]LogModuleManager: Shutting down and abandoning module Media (473)
[2023.08.20-08.41.15:262][775]LogModuleManager: Shutting down and abandoning module AndroidMediaEditor (470)
[2023.08.20-08.41.15:262][775]LogModuleManager: Shutting down and abandoning module CharacterAI (468)
[2023.08.20-08.41.15:262][775]LogModuleManager: Shutting down and abandoning module AudioCapture (466)
[2023.08.20-08.41.15:262][775]LogModuleManager: Shutting down and abandoning module SequenceRecorder (465)
[2023.08.20-08.41.15:263][775]LogModuleManager: Shutting down and abandoning module SmartSnapping (462)
[2023.08.20-08.41.15:263][775]LogModuleManager: Shutting down and abandoning module SessionServices (460)
[2023.08.20-08.41.15:263][775]LogModuleManager: Shutting down and abandoning module ViewportSnapping (458)
[2023.08.20-08.41.15:263][775]LogModuleManager: Shutting down and abandoning module ViewportInteraction (456)
[2023.08.20-08.41.15:263][775]LogModuleManager: Shutting down and abandoning module ClothPainter (454)
[2023.08.20-08.41.15:265][775]LogModuleManager: Shutting down and abandoning module LogVisualizer (452)
[2023.08.20-08.41.15:267][775]LogModuleManager: Shutting down and abandoning module IntroTutorials (450)
[2023.08.20-08.41.15:268][775]LogModuleManager: Shutting down and abandoning module GameProjectGeneration (449)
[2023.08.20-08.41.15:270][775]LogModuleManager: Shutting down and abandoning module IOSPlatformEditor (446)
[2023.08.20-08.41.15:270][775]LogModuleManager: Shutting down and abandoning module HTML5PlatformEditor (444)
[2023.08.20-08.41.15:270][775]LogModuleManager: Shutting down and abandoning module AndroidPlatformEditor (442)
[2023.08.20-08.41.15:270][775]LogModuleManager: Shutting down and abandoning module AndroidDeviceDetection (441)
[2023.08.20-08.41.15:778][775]LogModuleManager: Shutting down and abandoning module WindowsPlatformEditor (438)
[2023.08.20-08.41.15:778][775]LogModuleManager: Shutting down and abandoning module IOSRuntimeSettings (436)
[2023.08.20-08.41.15:778][775]LogModuleManager: Shutting down and abandoning module AndroidRuntimeSettings (434)
[2023.08.20-08.41.15:778][775]LogModuleManager: Shutting down and abandoning module InputBindingEditor (432)
[2023.08.20-08.41.15:779][775]LogModuleManager: Shutting down and abandoning module MergeActors (430)
[2023.08.20-08.41.15:780][775]LogModuleManager: Shutting down and abandoning module SizeMap (428)
[2023.08.20-08.41.15:780][775]LogModuleManager: Shutting down and abandoning module TreeMap (426)
[2023.08.20-08.41.15:781][775]LogModuleManager: Shutting down and abandoning module ReferenceViewer (424)
[2023.08.20-08.41.15:781][775]LogModuleManager: Shutting down and abandoning module LocalizationDashboard (422)
[2023.08.20-08.41.15:782][775]LogModuleManager: Shutting down and abandoning module LocalizationService (421)
[2023.08.20-08.41.15:782][775]LogModuleManager: Shutting down and abandoning module HardwareTargeting (418)
[2023.08.20-08.41.15:782][775]LogModuleManager: Shutting down and abandoning module DeviceProfileEditor (416)
[2023.08.20-08.41.15:783][775]LogModuleManager: Shutting down and abandoning module UndoHistory (414)
[2023.08.20-08.41.15:783][775]LogModuleManager: Shutting down and abandoning module XmlParser (412)
[2023.08.20-08.41.15:783][775]LogModuleManager: Shutting down and abandoning module Blutility (410)
[2023.08.20-08.41.15:783][775]LogModuleManager: Shutting down and abandoning module ProjectSettingsViewer (408)
[2023.08.20-08.41.15:784][775]LogModuleManager: Shutting down and abandoning module ProjectTargetPlatformEditor (407)
[2023.08.20-08.41.15:784][775]LogModuleManager: Shutting down and abandoning module EditorSettingsViewer (404)
[2023.08.20-08.41.15:784][775]LogModuleManager: Shutting down and abandoning module SettingsEditor (402)
[2023.08.20-08.41.15:784][775]LogModuleManager: Shutting down and abandoning module ProjectLauncher (400)
[2023.08.20-08.41.15:785][775]LogModuleManager: Shutting down and abandoning module SessionFrontend (398)
[2023.08.20-08.41.15:785][775]LogModuleManager: Shutting down and abandoning module ProfilerClient (396)
[2023.08.20-08.41.15:785][775]LogModuleManager: Shutting down and abandoning module DeviceManager (394)
[2023.08.20-08.41.15:786][775]LogModuleManager: Shutting down and abandoning module TargetDeviceServices (393)
[2023.08.20-08.41.15:853][775]LogModuleManager: Shutting down and abandoning module AutomationController (390)
[2023.08.20-08.41.15:854][775]LogModuleManager: Shutting down and abandoning module AutomationWindow (388)
[2023.08.20-08.41.15:855][775]LogModuleManager: Shutting down and abandoning module Layers (386)
[2023.08.20-08.41.15:857][775]LogModuleManager: Shutting down and abandoning module ComponentVisualizers (384)
[2023.08.20-08.41.15:857][775]LogModuleManager: Shutting down and abandoning module DetailCustomizations (382)
[2023.08.20-08.41.15:858][775]LogModuleManager: Shutting down and abandoning module PackagesDialog (380)
[2023.08.20-08.41.15:858][775]LogModuleManager: Shutting down and abandoning module Persona (378)
[2023.08.20-08.41.15:860][775]LogModuleManager: Shutting down and abandoning module AdvancedPreviewScene (377)
[2023.08.20-08.41.15:860][775]LogModuleManager: Shutting down and abandoning module AnimGraph (375)
[2023.08.20-08.41.15:861][775]LogModuleManager: Shutting down and abandoning module Kismet (372)
[2023.08.20-08.41.15:871][775]LogModuleManager: Shutting down and abandoning module ClassViewer (370)
[2023.08.20-08.41.15:872][775]LogModuleManager: Shutting down and abandoning module Toolbox (368)
[2023.08.20-08.41.15:872][775]LogModuleManager: Shutting down and abandoning module ModuleUI (366)
[2023.08.20-08.41.15:872][775]LogModuleManager: Shutting down and abandoning module MovieSceneTools (364)
[2023.08.20-08.41.15:873][775]LogModuleManager: Shutting down and abandoning module OutputLog (362)
[2023.08.20-08.41.15:874][775]LogModuleManager: Shutting down and abandoning module GammaUI (360)
[2023.08.20-08.41.15:874][775]LogModuleManager: Shutting down and abandoning module Documentation (358)
[2023.08.20-08.41.15:875][775]LogModuleManager: Shutting down and abandoning module MovieSceneTracks (356)
[2023.08.20-08.41.15:875][775]LogModuleManager: Shutting down and abandoning module MovieScene (354)
[2023.08.20-08.41.15:875][775]LogModuleManager: Shutting down and abandoning module Niagara (352)
[2023.08.20-08.41.15:875][775]LogModuleManager: Shutting down and abandoning module NiagaraEditor (351)
[2023.08.20-08.41.15:878][775]LogModuleManager: Shutting down and abandoning module StreamingPauseRendering (348)
[2023.08.20-08.41.15:878][775]LogModuleManager: Shutting down and abandoning module LauncherPlatform (346)
[2023.08.20-08.41.15:878][775]LogModuleManager: Shutting down and abandoning module AnalyticsET (344)
[2023.08.20-08.41.15:878][775]LogModuleManager: Shutting down and abandoning module PortalServices (342)
[2023.08.20-08.41.15:878][775]LogModuleManager: Shutting down and abandoning module PortalRpc (340)
[2023.08.20-08.41.15:878][775]LogModuleManager: Shutting down and abandoning module MessagingRpc (338)
[2023.08.20-08.41.15:878][775]LogModuleManager: Shutting down and abandoning module AIModule (336)
[2023.08.20-08.41.15:878][775]LogModuleManager: Shutting down and abandoning module GameplayDebugger (335)
[2023.08.20-08.41.15:878][775]LogModuleManager: Shutting down and abandoning module AITestSuite (333)
[2023.08.20-08.41.15:878][775]LogModuleManager: Shutting down and abandoning module ProfilerService (330)
[2023.08.20-08.41.15:933][775]LogModuleManager: Shutting down and abandoning module TaskGraph (328)
[2023.08.20-08.41.15:934][775]LogModuleManager: Shutting down and abandoning module ProceduralMeshComponentEditor (326)
[2023.08.20-08.41.15:935][775]LogModuleManager: Shutting down and abandoning module ProceduralMeshComponent (324)
[2023.08.20-08.41.15:935][775]LogModuleManager: Shutting down and abandoning module OculusInput (322)
[2023.08.20-08.41.15:935][775]LogModuleManager: Shutting down and abandoning module MobilePatchingUtils (320)
[2023.08.20-08.41.15:935][775]LogModuleManager: Shutting down and abandoning module CustomMeshComponent (318)
[2023.08.20-08.41.15:935][775]LogModuleManager: Shutting down and abandoning module CableComponent (316)
[2023.08.20-08.41.15:935][775]LogModuleManager: Shutting down and abandoning module ArchVisCharacter (314)
[2023.08.20-08.41.15:935][775]LogModuleManager: Shutting down and abandoning module AndroidPermission (312)
[2023.08.20-08.41.15:935][775]LogModuleManager: Shutting down and abandoning module MediaPlayerEditor (308)
[2023.08.20-08.41.15:937][775]LogModuleManager: Shutting down and abandoning module HTML5Networking (306)
[2023.08.20-08.41.15:937][775]LogModuleManager: Shutting down and abandoning module AlembicImporter (304)
[2023.08.20-08.41.15:938][775]LogModuleManager: Shutting down and abandoning module AlembicLibrary (303)
[2023.08.20-08.41.15:938][775]LogModuleManager: Shutting down and abandoning module GeometryCache (302)
[2023.08.20-08.41.15:938][775]LogModuleManager: Shutting down and abandoning module GeometryCacheEd (301)
[2023.08.20-08.41.15:938][775]LogModuleManager: Shutting down and abandoning module SpeedTreeImporter (296)
[2023.08.20-08.41.15:938][775]LogModuleManager: Shutting down and abandoning module PluginBrowser (294)
[2023.08.20-08.41.15:940][775]LogModuleManager: Shutting down and abandoning module MobileLauncherProfileWizard (292)
[2023.08.20-08.41.15:940][775]LogModuleManager: Shutting down and abandoning module VisualStudioSourceCodeAccess (290)
[2023.08.20-08.41.15:941][775]LogModuleManager: Shutting down and abandoning module DesktopPlatform (289)
[2023.08.20-08.41.15:941][775]LogModuleManager: Shutting down and abandoning module UObjectPlugin (286)
[2023.08.20-08.41.15:941][775]LogModuleManager: Shutting down and abandoning module SubversionSourceControl (284)
[2023.08.20-08.41.15:942][775]LogModuleManager: Shutting down and abandoning module PerforceSourceControl (282)
[2023.08.20-08.41.15:944][775]LogModuleManager: Shutting down and abandoning module GitSourceControl (280)
[2023.08.20-08.41.15:945][775]LogModuleManager: Shutting down and abandoning module SourceControl (279)
[2023.08.20-08.41.15:946][775]LogModuleManager: Shutting down and abandoning module LightPropagationVolumeEditor (276)
[2023.08.20-08.41.15:946][775]LogModuleManager: Shutting down and abandoning module PaperTiledImporter (274)
[2023.08.20-08.41.15:946][775]LogModuleManager: Shutting down and abandoning module PaperSpriteSheetImporter (272)
[2023.08.20-08.41.15:946][775]LogModuleManager: Shutting down and abandoning module Paper2DEditor (270)
[2023.08.20-08.41.15:947][775]LogModuleManager: Shutting down and abandoning module MeshPaint (269)
[2023.08.20-08.41.15:948][775]LogModuleManager: Shutting down and abandoning module LevelEditor (267)
[2023.08.20-08.41.15:950][775]LogModuleManager: Shutting down and abandoning module PixelInspectorModule (266)
[2023.08.20-08.41.15:951][775]LogModuleManager: Shutting down and abandoning module MainFrame (264)
[2023.08.20-08.41.15:951][775]LogModuleManager: Shutting down and abandoning module HotReload (263)
[2023.08.20-08.41.15:952][775]LogModuleManager: Shutting down and abandoning module RuntimePhysXCooking (258)
[2023.08.20-08.41.15:952][775]LogModuleManager: Shutting down and abandoning module PhysXVehiclesEditor (256)
[2023.08.20-08.41.15:952][775]LogModuleManager: Shutting down and abandoning module PhysXVehicles (254)
[2023.08.20-08.41.15:952][775]LogModuleManager: Shutting down and abandoning module OculusEditor (252)
[2023.08.20-08.41.15:952][775]LogModuleManager: Shutting down and abandoning module LocationServicesBPLibrary (250)
[2023.08.20-08.41.15:952][775]LogModuleManager: Shutting down and abandoning module ImmediatePhysicsEditor (248)
[2023.08.20-08.41.15:952][775]LogModuleManager: Shutting down and abandoning module ImmediatePhysics (246)
[2023.08.20-08.41.15:952][775]LogModuleManager: Shutting down and abandoning module UdpMessaging (244)
[2023.08.20-08.41.16:053][775]LogModuleManager: Shutting down and abandoning module TcpMessaging (242)
[2023.08.20-08.41.16:154][775]LogModuleManager: Shutting down and abandoning module GameplayTagsEditor (240)
[2023.08.20-08.41.16:154][775]LogModuleManager: Shutting down and abandoning module FacialAnimationEditor (238)
[2023.08.20-08.41.16:155][775]LogModuleManager: Shutting down and abandoning module FacialAnimation (236)
[2023.08.20-08.41.16:155][775]LogModuleManager: Shutting down and abandoning module AssetManagerEditor (234)
[2023.08.20-08.41.16:156][775]LogModuleManager: Shutting down and abandoning module GraphEditor (233)
[2023.08.20-08.41.16:156][775]LogModuleManager: Shutting down and abandoning module ContentBrowser (231)
[2023.08.20-08.41.16:158][775]LogModuleManager: Shutting down and abandoning module LightPropagationVolumeRuntime (228)
[2023.08.20-08.41.16:158][775]LogModuleManager: Shutting down and abandoning module Paper2D (226)
[2023.08.20-08.41.16:158][775]LogModuleManager: Shutting down and abandoning module WindowsMoviePlayer (224)
[2023.08.20-08.41.16:159][775]LogModuleManager: Shutting down and abandoning module WmfMedia (222)
[2023.08.20-08.41.16:160][775]LogModuleManager: Shutting down and abandoning module PacketHandler (220)
[2023.08.20-08.41.16:160][775]LogModuleManager: Shutting down and abandoning module ClothingSystemEditor (218)
[2023.08.20-08.41.16:161][775]LogModuleManager: Shutting down and abandoning module ClothingSystemRuntime (216)
[2023.08.20-08.41.16:161][775]LogModuleManager: Shutting down and abandoning module Overlay (214)
[2023.08.20-08.41.16:161][775]LogModuleManager: Shutting down and abandoning module OverlayEditor (213)
[2023.08.20-08.41.16:161][775]LogModuleManager: Shutting down and abandoning module MediaAssets (210)
[2023.08.20-08.41.16:161][775]LogModuleManager: Shutting down and abandoning module VREditor (208)
[2023.08.20-08.41.16:162][775]LogModuleManager: Shutting down and abandoning module StringTableEditor (206)
[2023.08.20-08.41.16:163][775]LogModuleManager: Shutting down and abandoning module GameplayTasksEditor (204)
[2023.08.20-08.41.16:163][775]LogModuleManager: Shutting down and abandoning module BehaviorTreeEditor (202)
[2023.08.20-08.41.16:165][775]LogModuleManager: Shutting down and abandoning module FunctionalTesting (200)
[2023.08.20-08.41.16:165][775]LogModuleManager: Shutting down and abandoning module CollisionAnalyzer (198)
[2023.08.20-08.41.16:166][775]LogModuleManager: Shutting down and abandoning module WorkspaceMenuStructure (197)
[2023.08.20-08.41.16:166][775]LogModuleManager: Shutting down and abandoning module UMG (194)
[2023.08.20-08.41.16:167][775]LogModuleManager: Shutting down and abandoning module UMGEditor (193)
[2023.08.20-08.41.16:167][775]LogModuleManager: Shutting down and abandoning module Sequencer (192)
[2023.08.20-08.41.16:167][775]LogModuleManager: Shutting down and abandoning module MessageLog (189)
[2023.08.20-08.41.16:167][775]LogModuleManager: Shutting down and abandoning module SlateReflector (184)
[2023.08.20-08.41.16:169][775]LogModuleManager: Shutting down and abandoning module Slate (182)
[2023.08.20-08.41.16:169][775]LogModuleManager: Shutting down and abandoning module EditorStyle (180)
[2023.08.20-08.41.16:173][775]LogModuleManager: Shutting down and abandoning module MRMesh (178)
[2023.08.20-08.41.16:173][775]LogModuleManager: Shutting down and abandoning module SourceCodeAccess (176)
[2023.08.20-08.41.16:173][775]LogModuleManager: Shutting down and abandoning module HeadMountedDisplay (174)
[2023.08.20-08.41.16:173][775]LogModuleManager: Shutting down and abandoning module XAudio2 (172)
[2023.08.20-08.41.16:173][775]LogModuleManager: Shutting down and abandoning module Networking (170)
[2023.08.20-08.41.16:173][775]LogModuleManager: Shutting down and abandoning module Core (166)
[2023.08.20-08.41.16:173][775]LogModuleManager: Shutting down and abandoning module KismetCompiler (162)
[2023.08.20-08.41.16:173][775]LogModuleManager: Shutting down and abandoning module LevelSequence (160)
[2023.08.20-08.41.16:174][775]LogModuleManager: Shutting down and abandoning module MeshUtilities (158)
[2023.08.20-08.41.16:175][775]LogModuleManager: Shutting down and abandoning module MeshMergeUtilities (157)
[2023.08.20-08.41.16:176][775]LogModuleManager: Shutting down and abandoning module MeshReductionInterface (156)
[2023.08.20-08.41.16:176][775]LogModuleManager: Shutting down and abandoning module SimplygonSwarm (155)
[2023.08.20-08.41.16:176][775]LogModuleManager: Shutting down and abandoning module SimplygonMeshReduction (153)
[2023.08.20-08.41.16:176][775]LogModuleManager: Shutting down and abandoning module QuadricMeshReduction (151)
[2023.08.20-08.41.16:177][775]LogModuleManager: Shutting down and abandoning module MaterialBaking (147)
[2023.08.20-08.41.16:178][775]LogModuleManager: Shutting down and abandoning module DirectoryWatcher (144)
[2023.08.20-08.41.16:182][775]LogModuleManager: Shutting down and abandoning module DerivedDataCache (142)
[2023.08.20-08.41.16:276][775]LogDerivedDataCache: Shutdown
[2023.08.20-08.41.16:277][775]LogModuleManager: Shutting down and abandoning module TargetPlatform (140)
[2023.08.20-08.41.16:277][775]LogModuleManager: Shutting down and abandoning module VulkanShaderFormat (139)
[2023.08.20-08.41.16:277][775]LogModuleManager: Shutting down and abandoning module ShaderFormatVectorVM (137)
[2023.08.20-08.41.16:278][775]LogModuleManager: Shutting down and abandoning module ShaderFormatOpenGL (135)
[2023.08.20-08.41.16:278][775]LogModuleManager: Shutting down and abandoning module ShaderFormatD3D (133)
[2023.08.20-08.41.16:279][775]LogModuleManager: Shutting down and abandoning module MetalShaderFormat (131)
[2023.08.20-08.41.16:279][775]LogModuleManager: Shutting down and abandoning module TextureFormatUncompressed (129)
[2023.08.20-08.41.16:279][775]LogModuleManager: Shutting down and abandoning module TextureFormatPVR (127)
[2023.08.20-08.41.16:280][775]LogModuleManager: Shutting down and abandoning module TextureFormatDXT (125)
[2023.08.20-08.41.16:280][775]LogModuleManager: Shutting down and abandoning module TextureFormatIntelISPCTexComp (123)
[2023.08.20-08.41.16:281][775]LogModuleManager: Shutting down and abandoning module TextureFormatASTC (121)
[2023.08.20-08.41.16:281][775]LogModuleManager: Shutting down and abandoning module ImageWrapper (120)
[2023.08.20-08.41.16:281][775]LogModuleManager: Shutting down and abandoning module TextureFormatAndroid (117)
[2023.08.20-08.41.16:281][775]LogModuleManager: Shutting down and abandoning module AudioFormatOpus (115)
[2023.08.20-08.41.16:281][775]LogModuleManager: Shutting down and abandoning module AudioFormatOgg (113)
[2023.08.20-08.41.16:281][775]LogModuleManager: Shutting down and abandoning module AudioFormatADPCM (111)
[2023.08.20-08.41.16:281][775]LogModuleManager: Shutting down and abandoning module LinuxTargetPlatform (109)
[2023.08.20-08.41.16:281][775]LogModuleManager: Shutting down and abandoning module LinuxServerTargetPlatform (107)
[2023.08.20-08.41.16:281][775]LogModuleManager: Shutting down and abandoning module LinuxNoEditorTargetPlatform (105)
[2023.08.20-08.41.16:281][775]LogModuleManager: Shutting down and abandoning module LinuxClientTargetPlatform (103)
[2023.08.20-08.41.16:281][775]LogModuleManager: Shutting down and abandoning module TVOSTargetPlatform (101)
[2023.08.20-08.41.16:281][775]LogModuleManager: Shutting down and abandoning module Messaging (99)
[2023.08.20-08.41.16:281][775]LogModuleManager: Shutting down and abandoning module IOSTargetPlatform (97)
[2023.08.20-08.41.16:281][775]LogModuleManager: Shutting down and abandoning module HTML5TargetPlatform (95)
[2023.08.20-08.41.16:281][775]LogModuleManager: Shutting down and abandoning module Android_PVRTCTargetPlatform (93)
[2023.08.20-08.41.16:281][775]LogModuleManager: Shutting down and abandoning module Android_MultiTargetPlatform (91)
[2023.08.20-08.41.16:281][775]LogModuleManager: Shutting down and abandoning module Android_ETC2TargetPlatform (89)
[2023.08.20-08.41.16:281][775]LogModuleManager: Shutting down and abandoning module Android_ETC1TargetPlatform (87)
[2023.08.20-08.41.16:281][775]LogModuleManager: Shutting down and abandoning module Android_DXTTargetPlatform (85)
[2023.08.20-08.41.16:281][775]LogModuleManager: Shutting down and abandoning module Android_ATCTargetPlatform (83)
[2023.08.20-08.41.16:281][775]LogModuleManager: Shutting down and abandoning module Android_ASTCTargetPlatform (81)
[2023.08.20-08.41.16:281][775]LogModuleManager: Shutting down and abandoning module AndroidTargetPlatform (79)
[2023.08.20-08.41.16:281][775]LogModuleManager: Shutting down and abandoning module WindowsTargetPlatform (77)
[2023.08.20-08.41.16:281][775]LogModuleManager: Shutting down and abandoning module WindowsServerTargetPlatform (75)
[2023.08.20-08.41.16:281][775]LogModuleManager: Shutting down and abandoning module WindowsNoEditorTargetPlatform (73)
[2023.08.20-08.41.16:281][775]LogModuleManager: Shutting down and abandoning module WindowsClientTargetPlatform (71)
[2023.08.20-08.41.16:281][775]LogModuleManager: Shutting down and abandoning module MacTargetPlatform (69)
[2023.08.20-08.41.16:281][775]LogModuleManager: Shutting down and abandoning module MacServerTargetPlatform (67)
[2023.08.20-08.41.16:281][775]LogModuleManager: Shutting down and abandoning module MacNoEditorTargetPlatform (65)
[2023.08.20-08.41.16:281][775]LogModuleManager: Shutting down and abandoning module MacClientTargetPlatform (63)
[2023.08.20-08.41.16:281][775]LogModuleManager: Shutting down and abandoning module AllDesktopTargetPlatform (61)
[2023.08.20-08.41.16:281][775]LogModuleManager: Shutting down and abandoning module InputCore (58)
[2023.08.20-08.41.16:281][775]LogModuleManager: Shutting down and abandoning module Settings (56)
[2023.08.20-08.41.16:281][775]LogModuleManager: Shutting down and abandoning module PhysXCooking (54)
[2023.08.20-08.41.16:282][775]LogModuleManager: Shutting down and abandoning module OculusHMD (52)
[2023.08.20-08.41.16:282][775]LogModuleManager: Shutting down and abandoning module ExampleDeviceProfileSelector (50)
[2023.08.20-08.41.16:282][775]LogModuleManager: Shutting down and abandoning module OnlineBlueprintSupport (48)
[2023.08.20-08.41.16:282][775]LogModuleManager: Shutting down and abandoning module OnlineSubsystem (44)
[2023.08.20-08.41.16:282][775]LogOnline: Display: Unloading online subsystem: NULL
[2023.08.20-08.41.16:283][775]LogModuleManager: Shutting down and abandoning module XMPP (43)
[2023.08.20-08.41.16:284][775]LogModuleManager: Shutting down and abandoning module HTTP (41)
[2023.08.20-08.41.16:284][775]LogHttp: Display: Http module shutting down, but needs to wait on 1 outstanding Http requests:
[2023.08.20-08.41.16:285][775]LogHttp: Display: 	verb=[POST] url=[https://datarouter.ol.epicgames.com/datarouter/api/v1/public/data?SessionID=%7BBC0DDBCE-46C6-83B4-4B42-80ABC340BCAA%7D&AppID=UEEditor.Rocket.Release&AppVersion=4.17.2-3658906%2B%2B%2BUE4%2BRelease-4.17&UserID=52033c1740a4e7ca27960a9344d9c1a7%7C44e971d649b846a8b0dc4e719a8daffb%7C5cbb07df-5b68-467d-bc67-755f73e9c2bc&AppEnvironment=datacollector-binary&UploadType=eteventstream] status=Processing
[2023.08.20-08.41.16:305][775]LogModuleManager: Shutting down and abandoning module SSL (40)
[2023.08.20-08.41.16:307][775]LogModuleManager: Shutting down and abandoning module AnimationModifiers (36)
[2023.08.20-08.41.16:308][775]LogModuleManager: Shutting down and abandoning module PropertyEditor (35)
[2023.08.20-08.41.16:308][775]LogModuleManager: Shutting down and abandoning module AudioEditor (32)
[2023.08.20-08.41.16:310][775]LogModuleManager: Shutting down and abandoning module TextureCompressor (30)
[2023.08.20-08.41.16:311][775]LogModuleManager: Shutting down and abandoning module ShaderCore (28)
[2023.08.20-08.41.16:311][775]LogModuleManager: Shutting down and abandoning module Landscape (26)
[2023.08.20-08.41.16:311][775]LogModuleManager: Shutting down and abandoning module SlateRHIRenderer (24)
[2023.08.20-08.41.16:334][775]LogModuleManager: Shutting down and abandoning module OpenGLDrv (22)
[2023.08.20-08.41.16:334][775]LogModuleManager: Shutting down and abandoning module D3D11RHI (20)
[2023.08.20-08.41.16:334][775]LogModuleManager: Shutting down and abandoning module AnimGraphRuntime (18)
[2023.08.20-08.41.16:335][775]LogModuleManager: Shutting down and abandoning module Renderer (16)
[2023.08.20-08.41.16:335][775]LogModuleManager: Shutting down and abandoning module Engine (14)
[2023.08.20-08.41.16:335][775]LogModuleManager: Shutting down and abandoning module CoreUObject (12)
[2023.08.20-08.41.16:335][775]LogModuleManager: Shutting down and abandoning module NetworkFile (10)
[2023.08.20-08.41.16:335][775]LogModuleManager: Shutting down and abandoning module CookedIterativeFile (8)
[2023.08.20-08.41.16:335][775]LogModuleManager: Shutting down and abandoning module StreamingFile (6)
[2023.08.20-08.41.16:335][775]LogModuleManager: Shutting down and abandoning module SandboxFile (4)
[2023.08.20-08.41.16:336][775]LogModuleManager: Shutting down and abandoning module PakFile (2)
[2023.08.20-08.41.16:341][775]LogExit: Exiting.
[2023.08.20-08.41.16:358][775]Log file closed, 08/20/23 17:41:16
